[     196ms] [WARNING] [BACKEND_API_RESPONSE] {status: null, ok: false, bodyCount: null, bodyCountPath: null, durationMs: 2998} @ http://localhost:5173/src/lib/api/backendClient.ts?t=1782499321627:208
[     197ms] [LOG] [DATA_LAYER_QUERY_DONE] {name: /api/cockpit/properties/4243EDECATURMESA/comp-inte…09848&master_owner_id=mo_e73f708434017b73e172fc42, durationMs: 2998, transport: backend, status: null, ok: false} @ http://localhost:5173/src/lib/data/dashboardDataLayer.ts:22
[     197ms] [WARNING] [BACKEND_API_RESPONSE] {status: null, ok: false, bodyCount: null, bodyCountPath: null, durationMs: 3000} @ http://localhost:5173/src/lib/api/backendClient.ts?t=1782499321627:208
[     197ms] [LOG] [DATA_LAYER_QUERY_DONE] {name: /api/cockpit/properties/4243EDECATURMESA/subject?thread_key=%2B18608909848, durationMs: 3000, transport: backend, status: null, ok: false} @ http://localhost:5173/src/lib/data/dashboardDataLayer.ts:22
[    1195ms] [INFO] %cDownload the React DevTools for a better development experience: https://reactjs.org/link/react-devtools font-weight:bold @ http://localhost:5173/node_modules/.vite/deps/react-dom-D2bPC4jN.js?v=601e9e7c:17232
[    1534ms] [LOG] [dashboard boot] live inbox fetch started {options: Object, filterKey: all_messages, timeoutMode: initial_boot, timeoutMs: 20000} @ http://localhost:5173/src/modules/inbox/inbox.adapter.ts?t=1782499321627:248
[    1535ms] [LOG] [VIEW_MODEL_LOAD_START] {viewModel: inbox_threads_view, startedAt: 1530.1000000000931, view: all_messages, filter: all, limit: 25} @ http://localhost:5173/src/lib/data/dashboardDataLayer.ts:26
[    1535ms] [LOG] [INBOX_API_REQUEST] {url: /api/cockpit/inbox/live?filter=all&direction=all&c…out_mode=initial_boot&refresh_reason=initial_boot, filter: all, timeoutMode: initial_boot, refreshReason: initial_boot} @ http://localhost:5173/src/lib/data/inboxData.ts?t=1782499321627:1423
[    1535ms] [LOG] [BACKEND_API] Local dev detected. Will use relative paths via proxy. @ http://localhost:5173/src/lib/api/backendClient.ts?t=1782499321627:17
[    1548ms] [LOG] [useInboxData] realtime subscriptions active @ http://localhost:5173/src/modules/inbox/inbox.adapter.ts?t=1782499321627:1387
[    1551ms] [LOG] [SMOOTH_THREAD_SELECT] {key: ct:property:2124443109|owner:mo_36f0a8b60d4ea762081338c9|phone:+19012812981, refetch: false} @ http://localhost:5173/src/modules/inbox/InboxPage.tsx?t=1782499541295:1718
[    1557ms] [LOG] [MESSAGES_FETCH_START] ct:property:2124443109|owner:mo_36f0a8b60d4ea762081338c9|phone:+19012812981 @ http://localhost:5173/src/modules/inbox/InboxPage.tsx?t=1782499541295:1730
[    1557ms] [LOG] [THREAD_CONTEXT_START] {threadKey: +19012812981, propertyId: 2124443109, prospectId: pros0_e96b2c69bde82ca0a59edf87, ownerId: undefined} @ http://localhost:5173/src/modules/inbox/InboxPage.tsx?t=1782499541295:1806
[    1559ms] [LOG] [DATA_LAYER_QUERY_START] {name: /api/cockpit/inbox/thread-messages?thread_key=ct%3…443109&prospect_id=pros0_e96b2c69bde82ca0a59edf87, startedAt: 1554.6999999997206, transport: backend, url: /api/cockpit/inbox/thread-messages?thread_key=ct%3…443109&prospect_id=pros0_e96b2c69bde82ca0a59edf87, method: GET} @ http://localhost:5173/src/lib/data/dashboardDataLayer.ts:14
[    1560ms] [LOG] [BACKEND_API_CALL] {url: /api/cockpit/inbox/thread-messages?thread_key=ct%3…443109&prospect_id=pros0_e96b2c69bde82ca0a59edf87, path: /api/cockpit/inbox/thread-messages?thread_key=ct%3…443109&prospect_id=pros0_e96b2c69bde82ca0a59edf87, method: GET} @ http://localhost:5173/src/lib/api/backendClient.ts?t=1782499321627:190
[    1561ms] [LOG] [DATA_LAYER_QUERY_START] {name: /api/cockpit/inbox/live?filter=all&direction=all&c…out_mode=initial_boot&refresh_reason=initial_boot, startedAt: 1556.2999999998137, transport: backend, url: /api/cockpit/inbox/live?filter=all&direction=all&c…out_mode=initial_boot&refresh_reason=initial_boot, method: GET} @ http://localhost:5173/src/lib/data/dashboardDataLayer.ts:14
[    1561ms] [LOG] [BACKEND_API_CALL] {url: /api/cockpit/inbox/live?filter=all&direction=all&c…out_mode=initial_boot&refresh_reason=initial_boot, path: /api/cockpit/inbox/live?filter=all&direction=all&c…out_mode=initial_boot&refresh_reason=initial_boot, method: GET} @ http://localhost:5173/src/lib/api/backendClient.ts?t=1782499321627:190
[    2321ms] [LOG] [CACHE_COMMIT_DONE] {name: dashboard_connection_state, durationMs: 0, source: dashboard_connection_state, connectionState: live, reason: subscribe_status} @ http://localhost:5173/src/lib/data/dashboardDataLayer.ts:63
[    2322ms] [LOG] [INBOX_REALTIME_STATUS] {status: SUBSCRIBED, normalizedStatus: connected, connectionState: live, fallbackMode: realtime} @ http://localhost:5173/src/modules/inbox/inbox.adapter.ts?t=1782499321627:1367
[   10290ms] [LOG] [BACKEND_API_RESPONSE] {status: 200, ok: true, bodyCount: 25, bodyCountPath: threads, durationMs: 8729} @ http://localhost:5173/src/lib/api/backendClient.ts?t=1782499321627:245
[   10290ms] [LOG] [DATA_LAYER_QUERY_DONE] {name: /api/cockpit/inbox/live?filter=all&direction=all&c…out_mode=initial_boot&refresh_reason=initial_boot, durationMs: 8729, transport: backend, status: 200, ok: true} @ http://localhost:5173/src/lib/data/dashboardDataLayer.ts:22
[   10290ms] [LOG] [INBOX_API_RESPONSE] {url: /api/cockpit/inbox/live?filter=all&direction=all&c…out_mode=initial_boot&refresh_reason=initial_boot, status: 200, ok: true, responseBodyCount: 25, responseBodyPath: threads} @ http://localhost:5173/src/lib/data/inboxData.ts?t=1782499321627:1433
[   10311ms] [LOG] [VIEW_MODEL_LOAD_DONE] {name: inbox_threads_view, durationMs: 8776, viewModel: inbox_threads_view, ok: true, view: all_messages} @ http://localhost:5173/src/lib/data/dashboardDataLayer.ts:33
[   10322ms] [LOG] [CACHE_COMMIT_DONE] {name: dashboard_threads, durationMs: 11, source: getInboxRowsForView, rows: 25, threads: 25} @ http://localhost:5173/src/lib/data/dashboardDataLayer.ts:63
[   10323ms] [LOG] [HYDRATION_PHASE_DONE] {name: thread_shell, durationMs: 8788, phase: thread_shell, view: all_messages, rows: 25} @ http://localhost:5173/src/lib/data/dashboardDataLayer.ts:50
[   10323ms] [LOG] [Inbox] live inbox success {threads: 25, counts: Object} @ http://localhost:5173/src/lib/data/inboxData.ts?t=1782499321627:1842
[   10323ms] [LOG] [Inbox] source endpoint /api/cockpit/inbox/live @ http://localhost:5173/src/lib/data/inboxData.ts?t=1782499321627:1851
[   10323ms] [LOG] [Inbox] raw sample {thread_key: +19012812981, seller_phone: +19012812981, canonical_e164: +19012812981, master_owner_id: mo_36f0a8b60d4ea762081338c9, property_id: 2124443109} @ http://localhost:5173/src/lib/data/inboxData.ts?t=1782499321627:1852
[   10323ms] [LOG] [Inbox] normalized sample {thread_key: +19012812981, seller_phone: +19012812981, canonical_e164: +19012812981, master_owner_id: mo_36f0a8b60d4ea762081338c9, property_id: 2124443109} @ http://localhost:5173/src/lib/data/inboxData.ts?t=1782499321627:1853
[   10323ms] [LOG] [Inbox] visible fields {ownerName: Anthony Polk & Wesley Arije, propertyAddress: 5502 Cottonwood Rd, Memphis, Tn 38115, latestMessageBody: STOP, status: cold, stage: not_contacted} @ http://localhost:5173/src/lib/data/inboxData.ts?t=1782499321627:1855
[   10324ms] [LOG] [InboxTiming] live_fetch_ms: 8789ms @ http://localhost:5173/src/lib/data/inboxData.ts?t=1782499321627:2302
[   10324ms] [LOG] [InboxTiming] lightweight_normalize_ms: 0ms (built-in) @ http://localhost:5173/src/lib/data/inboxData.ts?t=1782499321627:2303
[   10324ms] [LOG] [fetchInboxModel] using counts embedded in live response @ http://localhost:5173/src/lib/data/inboxData.ts?t=1782499321627:2380
[   10324ms] [LOG] [InboxTiming] total_fetch_model_ms: 8789ms @ http://localhost:5173/src/lib/data/inboxData.ts?t=1782499321627:2397
[   10327ms] [LOG] [dashboard boot] live inbox fetch success {filterKey: all_messages, count: 25} @ http://localhost:5173/src/modules/inbox/inbox.adapter.ts?t=1782499321627:319
[   10327ms] [LOG] [INBOX_COUNTS_APPROXIMATE_APPLIED] {bucketKey: all_messages, counts_source: visible_rows_approximate, count_preserved_reason: fallback_thread_source_visible_rows_approximate} @ http://localhost:5173/src/modules/inbox/inbox.adapter.ts?t=1782499321627:926
[   10327ms] [LOG] [useInboxData] refresh complete {bucketKey: all_messages, rowCount: 25, totalCount: 25, dataMode: live} @ http://localhost:5173/src/modules/inbox/inbox.adapter.ts?t=1782499321627:986
[   11855ms] [LOG] [BACKEND_API_RESPONSE] {status: 200, ok: true, bodyCount: 3, bodyCountPath: messages, durationMs: 10296} @ http://localhost:5173/src/lib/api/backendClient.ts?t=1782499321627:245
[   11856ms] [LOG] [DATA_LAYER_QUERY_DONE] {name: /api/cockpit/inbox/thread-messages?thread_key=ct%3…443109&prospect_id=pros0_e96b2c69bde82ca0a59edf87, durationMs: 10296, transport: backend, status: 200, ok: true} @ http://localhost:5173/src/lib/data/dashboardDataLayer.ts:22
[   11856ms] [LOG] [THREAD_MESSAGE_LOOKUP] {selected_thread_key: ct:property:2124443109|owner:mo_36f0a8b60d4ea762081338c9|phone:+19012812981, conversation_thread_id: ct:property:2124443109|owner:mo_36f0a8b60d4ea762081338c9|phone:+19012812981, canonical_e164: +19012812981, lookup_strategy_used: thread_key=canonical_e164+to_phone_number=canonica…hone+master_owner_id+from_phone+legacy_thread_key, message_count: 3} @ http://localhost:5173/src/lib/data/inboxData.ts?t=1782499321627:2886
[   11857ms] [LOG] [CACHE_COMMIT_DONE] {name: dashboard_messages, durationMs: 0, source: thread_messages, threadId: ct:property:2124443109|owner:mo_36f0a8b60d4ea762081338c9|phone:+19012812981, incoming: 3} @ http://localhost:5173/src/lib/data/dashboardDataLayer.ts:63
[   11857ms] [LOG] [HYDRATION_PHASE_DONE] {name: messages, durationMs: 10305, phase: messages, threadKey: ct:property:2124443109|owner:mo_36f0a8b60d4ea762081338c9|phone:+19012812981, messages: 3} @ http://localhost:5173/src/lib/data/dashboardDataLayer.ts:50
[   11857ms] [LOG] [MESSAGES_FETCH_DONE] ct:property:2124443109|owner:mo_36f0a8b60d4ea762081338c9|phone:+19012812981 3 10307ms @ http://localhost:5173/src/modules/inbox/InboxPage.tsx?t=1782499541295:1740
[   11857ms] [LOG] [MESSAGES_FETCH_SLOW] ct:property:2124443109|owner:mo_36f0a8b60d4ea762081338c9|phone:+19012812981 {durationMs: 10307, endpoint: /api/cockpit/inbox/thread-messages, status: completed} @ http://localhost:5173/src/modules/inbox/InboxPage.tsx?t=1782499541295:1742
[   11857ms] [LOG] [MESSAGES_COMMIT] ct:property:2124443109|owner:mo_36f0a8b60d4ea762081338c9|phone:+19012812981 3 @ http://localhost:5173/src/modules/inbox/InboxPage.tsx?t=1782499541295:1770
[   11858ms] [LOG] [THREAD_CONTEXT_DONE] {threadKey: +19012812981, propertyId: 2124443109, prospectId: pros0_e96b2c69bde82ca0a59edf87, masterOwnerId: null, coordsResolved: false} @ http://localhost:5173/src/modules/inbox/InboxPage.tsx?t=1782499541295:1827
[   11858ms] [LOG] [THREAD_CONTEXT_COMMIT] +19012812981 @ http://localhost:5173/src/modules/inbox/InboxPage.tsx?t=1782499541295:1836
[   12034ms] [LOG] [DATA_LAYER_QUERY_START] {name: /api/cockpit/properties/4243EDECATURMESA/subject?thread_key=%2B19012812981, startedAt: 12029.5, transport: backend, url: /api/cockpit/properties/4243EDECATURMESA/subject?thread_key=%2B19012812981, method: GET} @ http://localhost:5173/src/lib/data/dashboardDataLayer.ts:14
[   12035ms] [LOG] [BACKEND_API_CALL] {url: /api/cockpit/properties/4243EDECATURMESA/subject?thread_key=%2B19012812981, path: /api/cockpit/properties/4243EDECATURMESA/subject?thread_key=%2B19012812981, method: GET} @ http://localhost:5173/src/lib/api/backendClient.ts?t=1782499321627:190
[   12036ms] [LOG] [DATA_LAYER_QUERY_START] {name: /api/cockpit/properties/4243EDECATURMESA/comp-inte…12981&master_owner_id=mo_36f0a8b60d4ea762081338c9, startedAt: 12031.799999999814, transport: backend, url: /api/cockpit/properties/4243EDECATURMESA/comp-inte…12981&master_owner_id=mo_36f0a8b60d4ea762081338c9, method: GET} @ http://localhost:5173/src/lib/data/dashboardDataLayer.ts:14
[   12037ms] [LOG] [BACKEND_API_CALL] {url: /api/cockpit/properties/4243EDECATURMESA/comp-inte…12981&master_owner_id=mo_36f0a8b60d4ea762081338c9, path: /api/cockpit/properties/4243EDECATURMESA/comp-inte…12981&master_owner_id=mo_36f0a8b60d4ea762081338c9, method: GET} @ http://localhost:5173/src/lib/api/backendClient.ts?t=1782499321627:190
[   12456ms] [ERROR] Failed to load resource: the server responded with a status of 404 (Not Found) @ http://localhost:5173/api/cockpit/properties/4243EDECATURMESA/comp-intelligence?radius=1&monthsBack=12&thread_key=%2B19012812981&master_owner_id=mo_36f0a8b60d4ea762081338c9:0
[   12457ms] [LOG] [BACKEND_API_RESPONSE] {status: 404, ok: false, bodyCount: null, bodyCountPath: null, durationMs: 421} @ http://localhost:5173/src/lib/api/backendClient.ts?t=1782499321627:245
[   12458ms] [LOG] [DATA_LAYER_QUERY_DONE] {name: /api/cockpit/properties/4243EDECATURMESA/comp-inte…12981&master_owner_id=mo_36f0a8b60d4ea762081338c9, durationMs: 421, transport: backend, status: 404, ok: false} @ http://localhost:5173/src/lib/data/dashboardDataLayer.ts:22
[   12534ms] [ERROR] Failed to load resource: the server responded with a status of 400 () @ https://lcppdrmrdfblstpcbgpf.supabase.co/rest/v1/v_recent_sold_comps?select=*&limit=100&market=eq.Memphis%2C+TN&sale_date=gte.2025-06-26&order=sale_date.desc:0
[   12536ms] [ERROR] Failed to load market comps {code: 42703, details: null, hint: null, message: column v_recent_sold_comps.market does not exist} @ http://localhost:5173/src/lib/data/commandMapData.ts:313
[   14387ms] [LOG] [DATA_LAYER_QUERY_START] {name: /api/cockpit/queue/control, startedAt: 14382.299999999814, transport: backend, url: /api/cockpit/queue/control, method: GET} @ http://localhost:5173/src/lib/data/dashboardDataLayer.ts:14
[   14387ms] [LOG] [BACKEND_API_CALL] {url: /api/cockpit/queue/control, path: /api/cockpit/queue/control, method: GET} @ http://localhost:5173/src/lib/api/backendClient.ts?t=1782499321627:190
[   14389ms] [LOG] [DATA_LAYER_QUERY_START] {name: /api/cockpit/queue/processor-health, startedAt: 14384.299999999814, transport: backend, url: /api/cockpit/queue/processor-health, method: GET} @ http://localhost:5173/src/lib/data/dashboardDataLayer.ts:14
[   14389ms] [LOG] [BACKEND_API_CALL] {url: /api/cockpit/queue/processor-health, path: /api/cockpit/queue/processor-health, method: GET} @ http://localhost:5173/src/lib/api/backendClient.ts?t=1782499321627:190
[   15151ms] [ERROR] Failed to load resource: the server responded with a status of 404 (Not Found) @ http://localhost:5173/api/cockpit/properties/4243EDECATURMESA/subject?thread_key=%2B19012812981:0
[   15152ms] [LOG] [BACKEND_API_RESPONSE] {status: 404, ok: false, bodyCount: null, bodyCountPath: null, durationMs: 3118} @ http://localhost:5173/src/lib/api/backendClient.ts?t=1782499321627:245
[   15152ms] [LOG] [DATA_LAYER_QUERY_DONE] {name: /api/cockpit/properties/4243EDECATURMESA/subject?thread_key=%2B19012812981, durationMs: 3118, transport: backend, status: 404, ok: false} @ http://localhost:5173/src/lib/data/dashboardDataLayer.ts:22
[   16388ms] [LOG] [DATA_LAYER_QUERY_START] {name: /api/cockpit/templates/list?limit=800&includeInactive=true, startedAt: 16383.899999999907, transport: backend, url: /api/cockpit/templates/list?limit=800&includeInactive=true, method: GET} @ http://localhost:5173/src/lib/data/dashboardDataLayer.ts:14
[   16389ms] [LOG] [BACKEND_API_CALL] {url: /api/cockpit/templates/list?limit=800&includeInactive=true, path: /api/cockpit/templates/list?limit=800&includeInactive=true, method: GET} @ http://localhost:5173/src/lib/api/backendClient.ts?t=1782499321627:190
[   16390ms] [LOG] [DATA_LAYER_QUERY_START] {name: /api/cockpit/queue/page?page=0&pageSize=25&status=all&dateBasis=created_at, startedAt: 16385, transport: backend, url: /api/cockpit/queue/page?page=0&pageSize=25&status=all&dateBasis=created_at, method: GET} @ http://localhost:5173/src/lib/data/dashboardDataLayer.ts:14
[   16390ms] [LOG] [BACKEND_API_CALL] {url: /api/cockpit/queue/page?page=0&pageSize=25&status=all&dateBasis=created_at, path: /api/cockpit/queue/page?page=0&pageSize=25&status=all&dateBasis=created_at, method: GET} @ http://localhost:5173/src/lib/api/backendClient.ts?t=1782499321627:190
[   20999ms] [LOG] [BACKEND_API_RESPONSE] {status: 200, ok: true, bodyCount: null, bodyCountPath: null, durationMs: 6610} @ http://localhost:5173/src/lib/api/backendClient.ts?t=1782499321627:245
[   21000ms] [LOG] [DATA_LAYER_QUERY_DONE] {name: /api/cockpit/queue/processor-health, durationMs: 6611, transport: backend, status: 200, ok: true} @ http://localhost:5173/src/lib/data/dashboardDataLayer.ts:22
[   21093ms] [LOG] [BACKEND_API_RESPONSE] {status: 200, ok: true, bodyCount: 500, bodyCountPath: total, durationMs: 4704} @ http://localhost:5173/src/lib/api/backendClient.ts?t=1782499321627:245
[   21093ms] [LOG] [DATA_LAYER_QUERY_DONE] {name: /api/cockpit/templates/list?limit=800&includeInactive=true, durationMs: 4705, transport: backend, status: 200, ok: true} @ http://localhost:5173/src/lib/data/dashboardDataLayer.ts:22
[   21094ms] [LOG] [templateData] sms_templates schema sample keys [id, template_id, is_active, use_case, stage_code, language, template_body, updated_at] @ http://localhost:5173/src/lib/data/templateData.ts?t=1782499321627:138
[   21240ms] [LOG] [BACKEND_API_RESPONSE] {status: 200, ok: true, bodyCount: null, bodyCountPath: null, durationMs: 6853} @ http://localhost:5173/src/lib/api/backendClient.ts?t=1782499321627:245
[   21240ms] [LOG] [DATA_LAYER_QUERY_DONE] {name: /api/cockpit/queue/control, durationMs: 6854, transport: backend, status: 200, ok: true} @ http://localhost:5173/src/lib/data/dashboardDataLayer.ts:22
[   21484ms] [LOG] [BACKEND_API_RESPONSE] {status: 200, ok: true, bodyCount: 25, bodyCountPath: items, durationMs: 5094} @ http://localhost:5173/src/lib/api/backendClient.ts?t=1782499321627:245
[   21484ms] [LOG] [DATA_LAYER_QUERY_DONE] {name: /api/cockpit/queue/page?page=0&pageSize=25&status=all&dateBasis=created_at, durationMs: 5095, transport: backend, status: 200, ok: true} @ http://localhost:5173/src/lib/data/dashboardDataLayer.ts:22
[   21675ms] [ERROR] Failed to load resource: the server responded with a status of 400 () @ https://lcppdrmrdfblstpcbgpf.supabase.co/rest/v1/textgrid_numbers?select=number%2Cphone_number%2Cmarket%2Csender_market%2Cstatus%2Cstate%2Cpaused%2Cis_paused%2Cactive%2Cis_active:0
[   44391ms] [LOG] [DATA_LAYER_QUERY_START] {name: /api/cockpit/queue/processor-health, startedAt: 44386, transport: backend, url: /api/cockpit/queue/processor-health, method: GET} @ http://localhost:5173/src/lib/data/dashboardDataLayer.ts:14
[   44391ms] [LOG] [BACKEND_API_CALL] {url: /api/cockpit/queue/processor-health, path: /api/cockpit/queue/processor-health, method: GET} @ http://localhost:5173/src/lib/api/backendClient.ts?t=1782499321627:190
[   44930ms] [LOG] [BACKEND_API_RESPONSE] {status: 200, ok: true, bodyCount: null, bodyCountPath: null, durationMs: 539} @ http://localhost:5173/src/lib/api/backendClient.ts?t=1782499321627:245
[   44930ms] [LOG] [DATA_LAYER_QUERY_DONE] {name: /api/cockpit/queue/processor-health, durationMs: 539, transport: backend, status: 200, ok: true} @ http://localhost:5173/src/lib/data/dashboardDataLayer.ts:22
[   61390ms] [LOG] [DATA_LAYER_QUERY_START] {name: /api/cockpit/queue/page?page=0&pageSize=25&status=all&dateBasis=created_at, startedAt: 61385.89999999991, transport: backend, url: /api/cockpit/queue/page?page=0&pageSize=25&status=all&dateBasis=created_at, method: GET} @ http://localhost:5173/src/lib/data/dashboardDataLayer.ts:14
[   61391ms] [LOG] [BACKEND_API_CALL] {url: /api/cockpit/queue/page?page=0&pageSize=25&status=all&dateBasis=created_at, path: /api/cockpit/queue/page?page=0&pageSize=25&status=all&dateBasis=created_at, method: GET} @ http://localhost:5173/src/lib/api/backendClient.ts?t=1782499321627:190
[   66655ms] [ERROR] Failed to load resource: the server responded with a status of 404 (Not Found) @ http://localhost:5173/api/cockpit/queue/page?page=0&pageSize=25&status=all&dateBasis=created_at:0
[   66659ms] [LOG] [BACKEND_API_RESPONSE] {status: 404, ok: false, bodyCount: null, bodyCountPath: null, durationMs: 5268} @ http://localhost:5173/src/lib/api/backendClient.ts?t=1782499321627:245
[   66659ms] [LOG] [DATA_LAYER_QUERY_DONE] {name: /api/cockpit/queue/page?page=0&pageSize=25&status=all&dateBasis=created_at, durationMs: 5269, transport: backend, status: 404, ok: false} @ http://localhost:5173/src/lib/data/dashboardDataLayer.ts:22
[   74391ms] [LOG] [DATA_LAYER_QUERY_START] {name: /api/cockpit/queue/processor-health, startedAt: 74386.79999999981, transport: backend, url: /api/cockpit/queue/processor-health, method: GET} @ http://localhost:5173/src/lib/data/dashboardDataLayer.ts:14
[   74392ms] [LOG] [BACKEND_API_CALL] {url: /api/cockpit/queue/processor-health, path: /api/cockpit/queue/processor-health, method: GET} @ http://localhost:5173/src/lib/api/backendClient.ts?t=1782499321627:190
