[    4692ms] [INFO] %cDownload the React DevTools for a better development experience: https://reactjs.org/link/react-devtools font-weight:bold @ http://localhost:5173/node_modules/.vite/deps/react-dom-D2bPC4jN.js?v=601e9e7c:17232
[    5346ms] [LOG] [dashboard boot] live inbox fetch started {options: Object, filterKey: all_messages, timeoutMode: initial_boot, timeoutMs: 20000} @ http://localhost:5173/src/modules/inbox/inbox.adapter.ts?t=1782501206375:240
[    5347ms] [LOG] [VIEW_MODEL_LOAD_START] {viewModel: inbox_threads_view, startedAt: 5252.9000000003725, view: all_messages, filter: all, limit: 25} @ http://localhost:5173/src/lib/data/dashboardDataLayer.ts:26
[    5347ms] [LOG] [INBOX_API_REQUEST] {url: /api/cockpit/inbox/live?filter=all&direction=all&c…out_mode=initial_boot&refresh_reason=initial_boot, filter: all, timeoutMode: initial_boot, refreshReason: initial_boot} @ http://localhost:5173/src/lib/data/inboxData.ts?t=1782499321627:1423
[    5348ms] [LOG] [BACKEND_API] Local dev detected. Will use relative paths via proxy. @ http://localhost:5173/src/lib/api/backendClient.ts?t=1782499321627:17
[    5350ms] [LOG] [useInboxData] realtime subscriptions active @ http://localhost:5173/src/modules/inbox/inbox.adapter.ts?t=1782501206375:1379
[    5353ms] [LOG] [SMOOTH_THREAD_SELECT] {key: ct:property:2124443109|owner:mo_36f0a8b60d4ea762081338c9|phone:+19012812981, refetch: false} @ http://localhost:5173/src/modules/inbox/InboxPage.tsx?t=1782501206375:1718
[    5368ms] [LOG] [MESSAGES_FETCH_START] ct:property:2124443109|owner:mo_36f0a8b60d4ea762081338c9|phone:+19012812981 @ http://localhost:5173/src/modules/inbox/InboxPage.tsx?t=1782501206375:1730
[    5368ms] [LOG] [THREAD_CONTEXT_START] {threadKey: +19012812981, propertyId: 2124443109, prospectId: pros0_e96b2c69bde82ca0a59edf87, ownerId: undefined} @ http://localhost:5173/src/modules/inbox/InboxPage.tsx?t=1782501206375:1806
[    5379ms] [LOG] [DATA_LAYER_QUERY_START] {name: /api/cockpit/inbox/thread-messages?thread_key=ct%3…443109&prospect_id=pros0_e96b2c69bde82ca0a59edf87, startedAt: 5285.200000000186, transport: backend, url: /api/cockpit/inbox/thread-messages?thread_key=ct%3…443109&prospect_id=pros0_e96b2c69bde82ca0a59edf87, method: GET} @ http://localhost:5173/src/lib/data/dashboardDataLayer.ts:14
[    5379ms] [LOG] [BACKEND_API_CALL] {url: /api/cockpit/inbox/thread-messages?thread_key=ct%3…443109&prospect_id=pros0_e96b2c69bde82ca0a59edf87, path: /api/cockpit/inbox/thread-messages?thread_key=ct%3…443109&prospect_id=pros0_e96b2c69bde82ca0a59edf87, method: GET} @ http://localhost:5173/src/lib/api/backendClient.ts?t=1782499321627:190
[    5382ms] [LOG] [DATA_LAYER_QUERY_START] {name: /api/cockpit/inbox/live?filter=all&direction=all&c…out_mode=initial_boot&refresh_reason=initial_boot, startedAt: 5288.5, transport: backend, url: /api/cockpit/inbox/live?filter=all&direction=all&c…out_mode=initial_boot&refresh_reason=initial_boot, method: GET} @ http://localhost:5173/src/lib/data/dashboardDataLayer.ts:14
[    5382ms] [LOG] [BACKEND_API_CALL] {url: /api/cockpit/inbox/live?filter=all&direction=all&c…out_mode=initial_boot&refresh_reason=initial_boot, path: /api/cockpit/inbox/live?filter=all&direction=all&c…out_mode=initial_boot&refresh_reason=initial_boot, method: GET} @ http://localhost:5173/src/lib/api/backendClient.ts?t=1782499321627:190
[    8009ms] [LOG] [CACHE_COMMIT_DONE] {name: dashboard_connection_state, durationMs: 0, source: dashboard_connection_state, connectionState: live, reason: subscribe_status} @ http://localhost:5173/src/lib/data/dashboardDataLayer.ts:63
[    8009ms] [LOG] [INBOX_REALTIME_STATUS] {status: SUBSCRIBED, normalizedStatus: connected, connectionState: live, fallbackMode: realtime} @ http://localhost:5173/src/modules/inbox/inbox.adapter.ts?t=1782501206375:1359
[   20252ms] [LOG] [BACKEND_API_RESPONSE] {status: 200, ok: true, bodyCount: 25, bodyCountPath: threads, durationMs: 14870} @ http://localhost:5173/src/lib/api/backendClient.ts?t=1782499321627:245
[   20253ms] [LOG] [DATA_LAYER_QUERY_DONE] {name: /api/cockpit/inbox/live?filter=all&direction=all&c…out_mode=initial_boot&refresh_reason=initial_boot, durationMs: 14871, transport: backend, status: 200, ok: true} @ http://localhost:5173/src/lib/data/dashboardDataLayer.ts:22
[   20256ms] [LOG] [INBOX_API_RESPONSE] {url: /api/cockpit/inbox/live?filter=all&direction=all&c…out_mode=initial_boot&refresh_reason=initial_boot, status: 200, ok: true, responseBodyCount: 25, responseBodyPath: threads} @ http://localhost:5173/src/lib/data/inboxData.ts?t=1782499321627:1433
[   20288ms] [LOG] [VIEW_MODEL_LOAD_DONE] {name: inbox_threads_view, durationMs: 14942, viewModel: inbox_threads_view, ok: true, view: all_messages} @ http://localhost:5173/src/lib/data/dashboardDataLayer.ts:33
[   20311ms] [LOG] [CACHE_COMMIT_DONE] {name: dashboard_threads, durationMs: 23, source: getInboxRowsForView, rows: 25, threads: 25} @ http://localhost:5173/src/lib/data/dashboardDataLayer.ts:63
[   20312ms] [LOG] [HYDRATION_PHASE_DONE] {name: thread_shell, durationMs: 14965, phase: thread_shell, view: all_messages, rows: 25} @ http://localhost:5173/src/lib/data/dashboardDataLayer.ts:50
[   20312ms] [LOG] [Inbox] live inbox success {threads: 25, counts: Object} @ http://localhost:5173/src/lib/data/inboxData.ts?t=1782499321627:1842
[   20312ms] [LOG] [Inbox] source endpoint /api/cockpit/inbox/live @ http://localhost:5173/src/lib/data/inboxData.ts?t=1782499321627:1851
[   20312ms] [LOG] [Inbox] raw sample {thread_key: +19012812981, seller_phone: +19012812981, canonical_e164: +19012812981, master_owner_id: mo_36f0a8b60d4ea762081338c9, property_id: 2124443109} @ http://localhost:5173/src/lib/data/inboxData.ts?t=1782499321627:1852
[   20313ms] [LOG] [Inbox] normalized sample {thread_key: +19012812981, seller_phone: +19012812981, canonical_e164: +19012812981, master_owner_id: mo_36f0a8b60d4ea762081338c9, property_id: 2124443109} @ http://localhost:5173/src/lib/data/inboxData.ts?t=1782499321627:1853
[   20313ms] [LOG] [Inbox] visible fields {ownerName: Anthony Polk & Wesley Arije, propertyAddress: 5502 Cottonwood Rd, Memphis, Tn 38115, latestMessageBody: STOP, status: cold, stage: not_contacted} @ http://localhost:5173/src/lib/data/inboxData.ts?t=1782499321627:1855
[   20313ms] [LOG] [InboxTiming] live_fetch_ms: 14967ms @ http://localhost:5173/src/lib/data/inboxData.ts?t=1782499321627:2302
[   20313ms] [LOG] [InboxTiming] lightweight_normalize_ms: 0ms (built-in) @ http://localhost:5173/src/lib/data/inboxData.ts?t=1782499321627:2303
[   20314ms] [LOG] [fetchInboxModel] using counts embedded in live response @ http://localhost:5173/src/lib/data/inboxData.ts?t=1782499321627:2380
[   20314ms] [LOG] [InboxTiming] total_fetch_model_ms: 14968ms @ http://localhost:5173/src/lib/data/inboxData.ts?t=1782499321627:2397
[   20318ms] [LOG] [dashboard boot] live inbox fetch success {filterKey: all_messages, count: 25} @ http://localhost:5173/src/modules/inbox/inbox.adapter.ts?t=1782501206375:311
[   20319ms] [LOG] [INBOX_COUNTS_APPROXIMATE_APPLIED] {bucketKey: all_messages, counts_source: visible_rows_approximate, count_preserved_reason: fallback_thread_source_visible_rows_approximate} @ http://localhost:5173/src/modules/inbox/inbox.adapter.ts?t=1782501206375:918
[   20320ms] [LOG] [useInboxData] refresh complete {bucketKey: all_messages, rowCount: 25, totalCount: 25, dataMode: live} @ http://localhost:5173/src/modules/inbox/inbox.adapter.ts?t=1782501206375:978
[   21536ms] [LOG] [BACKEND_API_RESPONSE] {status: 200, ok: true, bodyCount: 3, bodyCountPath: messages, durationMs: 16157} @ http://localhost:5173/src/lib/api/backendClient.ts?t=1782499321627:245
[   21536ms] [LOG] [DATA_LAYER_QUERY_DONE] {name: /api/cockpit/inbox/thread-messages?thread_key=ct%3…443109&prospect_id=pros0_e96b2c69bde82ca0a59edf87, durationMs: 16157, transport: backend, status: 200, ok: true} @ http://localhost:5173/src/lib/data/dashboardDataLayer.ts:22
[   21537ms] [LOG] [THREAD_MESSAGE_LOOKUP] {selected_thread_key: ct:property:2124443109|owner:mo_36f0a8b60d4ea762081338c9|phone:+19012812981, conversation_thread_id: ct:property:2124443109|owner:mo_36f0a8b60d4ea762081338c9|phone:+19012812981, canonical_e164: +19012812981, lookup_strategy_used: thread_key=canonical_e164+to_phone_number=canonica…hone+master_owner_id+from_phone+legacy_thread_key, message_count: 3} @ http://localhost:5173/src/lib/data/inboxData.ts?t=1782499321627:2886
[   21538ms] [LOG] [CACHE_COMMIT_DONE] {name: dashboard_messages, durationMs: 1, source: thread_messages, threadId: ct:property:2124443109|owner:mo_36f0a8b60d4ea762081338c9|phone:+19012812981, incoming: 3} @ http://localhost:5173/src/lib/data/dashboardDataLayer.ts:63
[   21538ms] [LOG] [HYDRATION_PHASE_DONE] {name: messages, durationMs: 16185, phase: messages, threadKey: ct:property:2124443109|owner:mo_36f0a8b60d4ea762081338c9|phone:+19012812981, messages: 3} @ http://localhost:5173/src/lib/data/dashboardDataLayer.ts:50
[   21539ms] [LOG] [MESSAGES_FETCH_DONE] ct:property:2124443109|owner:mo_36f0a8b60d4ea762081338c9|phone:+19012812981 3 16186ms @ http://localhost:5173/src/modules/inbox/InboxPage.tsx?t=1782501206375:1740
[   21539ms] [LOG] [MESSAGES_FETCH_SLOW] ct:property:2124443109|owner:mo_36f0a8b60d4ea762081338c9|phone:+19012812981 {durationMs: 16186, endpoint: /api/cockpit/inbox/thread-messages, status: completed} @ http://localhost:5173/src/modules/inbox/InboxPage.tsx?t=1782501206375:1742
[   21540ms] [LOG] [MESSAGES_COMMIT] ct:property:2124443109|owner:mo_36f0a8b60d4ea762081338c9|phone:+19012812981 3 @ http://localhost:5173/src/modules/inbox/InboxPage.tsx?t=1782501206375:1770
[   21541ms] [LOG] [THREAD_CONTEXT_DONE] {threadKey: +19012812981, propertyId: 2124443109, prospectId: pros0_e96b2c69bde82ca0a59edf87, masterOwnerId: null, coordsResolved: false} @ http://localhost:5173/src/modules/inbox/InboxPage.tsx?t=1782501206375:1827
[   21541ms] [LOG] [THREAD_CONTEXT_COMMIT] +19012812981 @ http://localhost:5173/src/modules/inbox/InboxPage.tsx?t=1782501206375:1836
[   21555ms] [LOG] [DATA_LAYER_QUERY_START] {name: /api/cockpit/properties/24554327/subject?thread_key=%2B19012812981, startedAt: 21461.60000000056, transport: backend, url: /api/cockpit/properties/24554327/subject?thread_key=%2B19012812981, method: GET} @ http://localhost:5173/src/lib/data/dashboardDataLayer.ts:14
[   21555ms] [LOG] [BACKEND_API_CALL] {url: /api/cockpit/properties/24554327/subject?thread_key=%2B19012812981, path: /api/cockpit/properties/24554327/subject?thread_key=%2B19012812981, method: GET} @ http://localhost:5173/src/lib/api/backendClient.ts?t=1782499321627:190
[   21558ms] [LOG] [DATA_LAYER_QUERY_START] {name: /api/cockpit/properties/24554327/comp-intelligence…12981&master_owner_id=mo_36f0a8b60d4ea762081338c9, startedAt: 21464.200000000186, transport: backend, url: /api/cockpit/properties/24554327/comp-intelligence…12981&master_owner_id=mo_36f0a8b60d4ea762081338c9, method: GET} @ http://localhost:5173/src/lib/data/dashboardDataLayer.ts:14
[   21558ms] [LOG] [BACKEND_API_CALL] {url: /api/cockpit/properties/24554327/comp-intelligence…12981&master_owner_id=mo_36f0a8b60d4ea762081338c9, path: /api/cockpit/properties/24554327/comp-intelligence…12981&master_owner_id=mo_36f0a8b60d4ea762081338c9, method: GET} @ http://localhost:5173/src/lib/api/backendClient.ts?t=1782499321627:190
[   24425ms] [LOG] [DATA_LAYER_QUERY_START] {name: /api/cockpit/queue/control, startedAt: 24331.5, transport: backend, url: /api/cockpit/queue/control, method: GET} @ http://localhost:5173/src/lib/data/dashboardDataLayer.ts:14
[   24425ms] [LOG] [BACKEND_API_CALL] {url: /api/cockpit/queue/control, path: /api/cockpit/queue/control, method: GET} @ http://localhost:5173/src/lib/api/backendClient.ts?t=1782499321627:190
[   24426ms] [LOG] [DATA_LAYER_QUERY_START] {name: /api/cockpit/queue/processor-health, startedAt: 24332.800000000745, transport: backend, url: /api/cockpit/queue/processor-health, method: GET} @ http://localhost:5173/src/lib/data/dashboardDataLayer.ts:14
[   24427ms] [LOG] [BACKEND_API_CALL] {url: /api/cockpit/queue/processor-health, path: /api/cockpit/queue/processor-health, method: GET} @ http://localhost:5173/src/lib/api/backendClient.ts?t=1782499321627:190
[   26418ms] [LOG] [DATA_LAYER_QUERY_START] {name: /api/cockpit/templates/list?limit=800&includeInactive=true, startedAt: 26324.700000000186, transport: backend, url: /api/cockpit/templates/list?limit=800&includeInactive=true, method: GET} @ http://localhost:5173/src/lib/data/dashboardDataLayer.ts:14
[   26419ms] [LOG] [BACKEND_API_CALL] {url: /api/cockpit/templates/list?limit=800&includeInactive=true, path: /api/cockpit/templates/list?limit=800&includeInactive=true, method: GET} @ http://localhost:5173/src/lib/api/backendClient.ts?t=1782499321627:190
[   26420ms] [LOG] [DATA_LAYER_QUERY_START] {name: /api/cockpit/queue/page?page=0&pageSize=25&status=all&dateBasis=created_at, startedAt: 26326.5, transport: backend, url: /api/cockpit/queue/page?page=0&pageSize=25&status=all&dateBasis=created_at, method: GET} @ http://localhost:5173/src/lib/data/dashboardDataLayer.ts:14
[   26420ms] [LOG] [BACKEND_API_CALL] {url: /api/cockpit/queue/page?page=0&pageSize=25&status=all&dateBasis=created_at, path: /api/cockpit/queue/page?page=0&pageSize=25&status=all&dateBasis=created_at, method: GET} @ http://localhost:5173/src/lib/api/backendClient.ts?t=1782499321627:190
[   54436ms] [WARNING] [BACKEND_API_RESPONSE] {status: null, ok: false, bodyCount: null, bodyCountPath: null, durationMs: 30009} @ http://localhost:5173/src/lib/api/backendClient.ts?t=1782499321627:208
[   54438ms] [LOG] [DATA_LAYER_QUERY_DONE] {name: /api/cockpit/queue/processor-health, durationMs: 30012, transport: backend, status: null, ok: false} @ http://localhost:5173/src/lib/data/dashboardDataLayer.ts:22
[   54441ms] [LOG] [DATA_LAYER_QUERY_START] {name: /api/cockpit/queue/processor-health, startedAt: 54347.200000000186, transport: backend, url: /api/cockpit/queue/processor-health, method: GET} @ http://localhost:5173/src/lib/data/dashboardDataLayer.ts:14
[   54442ms] [LOG] [BACKEND_API_CALL] {url: /api/cockpit/queue/processor-health, path: /api/cockpit/queue/processor-health, method: GET} @ http://localhost:5173/src/lib/api/backendClient.ts?t=1782499321627:190
[   56474ms] [LOG] [BACKEND_API_RESPONSE] {status: 200, ok: true, bodyCount: null, bodyCountPath: null, durationMs: 34919} @ http://localhost:5173/src/lib/api/backendClient.ts?t=1782499321627:245
[   56475ms] [LOG] [DATA_LAYER_QUERY_DONE] {name: /api/cockpit/properties/24554327/subject?thread_key=%2B19012812981, durationMs: 34920, transport: backend, status: 200, ok: true} @ http://localhost:5173/src/lib/data/dashboardDataLayer.ts:22
[   57584ms] [WARNING] [BACKEND_API_RESPONSE] {status: null, ok: false, bodyCount: null, bodyCountPath: null, durationMs: 36027} @ http://localhost:5173/src/lib/api/backendClient.ts?t=1782499321627:208
[   57585ms] [LOG] [DATA_LAYER_QUERY_DONE] {name: /api/cockpit/properties/24554327/comp-intelligence…12981&master_owner_id=mo_36f0a8b60d4ea762081338c9, durationMs: 36027, transport: backend, status: null, ok: false} @ http://localhost:5173/src/lib/data/dashboardDataLayer.ts:22
[   57811ms] [LOG] [DATA_LAYER_QUERY_START] {name: /api/cockpit/properties/24554327/subject?thread_key=%2B19012812981, startedAt: 57717.800000000745, transport: backend, url: /api/cockpit/properties/24554327/subject?thread_key=%2B19012812981, method: GET} @ http://localhost:5173/src/lib/data/dashboardDataLayer.ts:14
[   57812ms] [LOG] [BACKEND_API_CALL] {url: /api/cockpit/properties/24554327/subject?thread_key=%2B19012812981, path: /api/cockpit/properties/24554327/subject?thread_key=%2B19012812981, method: GET} @ http://localhost:5173/src/lib/api/backendClient.ts?t=1782499321627:190
[   57813ms] [WARNING] [BACKEND_API_RESPONSE] {status: null, ok: false, bodyCount: null, bodyCountPath: null, durationMs: 2} @ http://localhost:5173/src/lib/api/backendClient.ts?t=1782499321627:208
[   57814ms] [LOG] [DATA_LAYER_QUERY_DONE] {name: /api/cockpit/properties/24554327/subject?thread_key=%2B19012812981, durationMs: 3, transport: backend, status: null, ok: false} @ http://localhost:5173/src/lib/data/dashboardDataLayer.ts:22
[   57816ms] [LOG] [DATA_LAYER_QUERY_START] {name: /api/cockpit/properties/24554327/comp-intelligence…12981&master_owner_id=mo_36f0a8b60d4ea762081338c9, startedAt: 57722.10000000056, transport: backend, url: /api/cockpit/properties/24554327/comp-intelligence…12981&master_owner_id=mo_36f0a8b60d4ea762081338c9, method: GET} @ http://localhost:5173/src/lib/data/dashboardDataLayer.ts:14
[   57816ms] [LOG] [BACKEND_API_CALL] {url: /api/cockpit/properties/24554327/comp-intelligence…12981&master_owner_id=mo_36f0a8b60d4ea762081338c9, path: /api/cockpit/properties/24554327/comp-intelligence…12981&master_owner_id=mo_36f0a8b60d4ea762081338c9, method: GET} @ http://localhost:5173/src/lib/api/backendClient.ts?t=1782499321627:190
[   57818ms] [WARNING] [BACKEND_API_RESPONSE] {status: null, ok: false, bodyCount: null, bodyCountPath: null, durationMs: 2} @ http://localhost:5173/src/lib/api/backendClient.ts?t=1782499321627:208
[   57818ms] [LOG] [DATA_LAYER_QUERY_DONE] {name: /api/cockpit/properties/24554327/comp-intelligence…12981&master_owner_id=mo_36f0a8b60d4ea762081338c9, durationMs: 3, transport: backend, status: null, ok: false} @ http://localhost:5173/src/lib/data/dashboardDataLayer.ts:22
[   58052ms] [LOG] [DATA_LAYER_QUERY_START] {name: /api/cockpit/properties/24554327/subject?thread_key=%2B19012812981, startedAt: 57958.200000000186, transport: backend, url: /api/cockpit/properties/24554327/subject?thread_key=%2B19012812981, method: GET} @ http://localhost:5173/src/lib/data/dashboardDataLayer.ts:14
[   58052ms] [LOG] [BACKEND_API_CALL] {url: /api/cockpit/properties/24554327/subject?thread_key=%2B19012812981, path: /api/cockpit/properties/24554327/subject?thread_key=%2B19012812981, method: GET} @ http://localhost:5173/src/lib/api/backendClient.ts?t=1782499321627:190
[   58053ms] [LOG] [DATA_LAYER_QUERY_START] {name: /api/cockpit/properties/24554327/comp-intelligence…12981&master_owner_id=mo_36f0a8b60d4ea762081338c9, startedAt: 57959.800000000745, transport: backend, url: /api/cockpit/properties/24554327/comp-intelligence…12981&master_owner_id=mo_36f0a8b60d4ea762081338c9, method: GET} @ http://localhost:5173/src/lib/data/dashboardDataLayer.ts:14
[   58054ms] [LOG] [BACKEND_API_CALL] {url: /api/cockpit/properties/24554327/comp-intelligence…12981&master_owner_id=mo_36f0a8b60d4ea762081338c9, path: /api/cockpit/properties/24554327/comp-intelligence…12981&master_owner_id=mo_36f0a8b60d4ea762081338c9, method: GET} @ http://localhost:5173/src/lib/api/backendClient.ts?t=1782499321627:190
[   69069ms] [LOG] [BACKEND_API_RESPONSE] {status: 200, ok: true, bodyCount: null, bodyCountPath: null, durationMs: 44644} @ http://localhost:5173/src/lib/api/backendClient.ts?t=1782499321627:245
[   69069ms] [LOG] [DATA_LAYER_QUERY_DONE] {name: /api/cockpit/queue/control, durationMs: 44644, transport: backend, status: 200, ok: true} @ http://localhost:5173/src/lib/data/dashboardDataLayer.ts:22
[   69094ms] [LOG] [BACKEND_API_RESPONSE] {status: 200, ok: true, bodyCount: 25, bodyCountPath: items, durationMs: 42673} @ http://localhost:5173/src/lib/api/backendClient.ts?t=1782499321627:245
[   69094ms] [LOG] [DATA_LAYER_QUERY_DONE] {name: /api/cockpit/queue/page?page=0&pageSize=25&status=all&dateBasis=created_at, durationMs: 42674, transport: backend, status: 200, ok: true} @ http://localhost:5173/src/lib/data/dashboardDataLayer.ts:22
[   70137ms] [WARNING] [BACKEND_API_RESPONSE] {status: null, ok: false, bodyCount: null, bodyCountPath: null, durationMs: 12085} @ http://localhost:5173/src/lib/api/backendClient.ts?t=1782499321627:208
[   70137ms] [LOG] [DATA_LAYER_QUERY_DONE] {name: /api/cockpit/properties/24554327/subject?thread_key=%2B19012812981, durationMs: 12085, transport: backend, status: null, ok: false} @ http://localhost:5173/src/lib/data/dashboardDataLayer.ts:22
[   70137ms] [WARNING] [BACKEND_API_RESPONSE] {status: null, ok: false, bodyCount: null, bodyCountPath: null, durationMs: 12084} @ http://localhost:5173/src/lib/api/backendClient.ts?t=1782499321627:208
[   70137ms] [LOG] [DATA_LAYER_QUERY_DONE] {name: /api/cockpit/properties/24554327/comp-intelligence…12981&master_owner_id=mo_36f0a8b60d4ea762081338c9, durationMs: 12084, transport: backend, status: null, ok: false} @ http://localhost:5173/src/lib/data/dashboardDataLayer.ts:22
[   70161ms] [ERROR] Failed to load resource: the server responded with a status of 400 () @ https://lcppdrmrdfblstpcbgpf.supabase.co/rest/v1/textgrid_numbers?select=number%2Cphone_number%2Cmarket%2Csender_market%2Cstatus%2Cstate%2Cpaused%2Cis_paused%2Cactive%2Cis_active:0
[   70374ms] [LOG] [DATA_LAYER_QUERY_START] {name: /api/cockpit/properties/24554327/subject?thread_key=%2B19012812981, startedAt: 70280.90000000037, transport: backend, url: /api/cockpit/properties/24554327/subject?thread_key=%2B19012812981, method: GET} @ http://localhost:5173/src/lib/data/dashboardDataLayer.ts:14
[   70375ms] [LOG] [BACKEND_API_CALL] {url: /api/cockpit/properties/24554327/subject?thread_key=%2B19012812981, path: /api/cockpit/properties/24554327/subject?thread_key=%2B19012812981, method: GET} @ http://localhost:5173/src/lib/api/backendClient.ts?t=1782499321627:190
[   70375ms] [WARNING] [BACKEND_API_RESPONSE] {status: null, ok: false, bodyCount: null, bodyCountPath: null, durationMs: 1} @ http://localhost:5173/src/lib/api/backendClient.ts?t=1782499321627:208
[   70375ms] [LOG] [DATA_LAYER_QUERY_DONE] {name: /api/cockpit/properties/24554327/subject?thread_key=%2B19012812981, durationMs: 1, transport: backend, status: null, ok: false} @ http://localhost:5173/src/lib/data/dashboardDataLayer.ts:22
[   70376ms] [LOG] [DATA_LAYER_QUERY_START] {name: /api/cockpit/properties/24554327/comp-intelligence…12981&master_owner_id=mo_36f0a8b60d4ea762081338c9, startedAt: 70282.60000000056, transport: backend, url: /api/cockpit/properties/24554327/comp-intelligence…12981&master_owner_id=mo_36f0a8b60d4ea762081338c9, method: GET} @ http://localhost:5173/src/lib/data/dashboardDataLayer.ts:14
[   70376ms] [LOG] [BACKEND_API_CALL] {url: /api/cockpit/properties/24554327/comp-intelligence…12981&master_owner_id=mo_36f0a8b60d4ea762081338c9, path: /api/cockpit/properties/24554327/comp-intelligence…12981&master_owner_id=mo_36f0a8b60d4ea762081338c9, method: GET} @ http://localhost:5173/src/lib/api/backendClient.ts?t=1782499321627:190
[   70377ms] [WARNING] [BACKEND_API_RESPONSE] {status: null, ok: false, bodyCount: null, bodyCountPath: null, durationMs: 1} @ http://localhost:5173/src/lib/api/backendClient.ts?t=1782499321627:208
[   70377ms] [LOG] [DATA_LAYER_QUERY_DONE] {name: /api/cockpit/properties/24554327/comp-intelligence…12981&master_owner_id=mo_36f0a8b60d4ea762081338c9, durationMs: 1, transport: backend, status: null, ok: false} @ http://localhost:5173/src/lib/data/dashboardDataLayer.ts:22
[   70876ms] [LOG] [DATA_LAYER_QUERY_START] {name: /api/cockpit/properties/24554327/subject?thread_key=%2B19012812981, startedAt: 70782.60000000056, transport: backend, url: /api/cockpit/properties/24554327/subject?thread_key=%2B19012812981, method: GET} @ http://localhost:5173/src/lib/data/dashboardDataLayer.ts:14
[   70876ms] [LOG] [BACKEND_API_CALL] {url: /api/cockpit/properties/24554327/subject?thread_key=%2B19012812981, path: /api/cockpit/properties/24554327/subject?thread_key=%2B19012812981, method: GET} @ http://localhost:5173/src/lib/api/backendClient.ts?t=1782499321627:190
[   70878ms] [LOG] [DATA_LAYER_QUERY_START] {name: /api/cockpit/properties/24554327/comp-intelligence…12981&master_owner_id=mo_36f0a8b60d4ea762081338c9, startedAt: 70784.30000000075, transport: backend, url: /api/cockpit/properties/24554327/comp-intelligence…12981&master_owner_id=mo_36f0a8b60d4ea762081338c9, method: GET} @ http://localhost:5173/src/lib/data/dashboardDataLayer.ts:14
[   70878ms] [LOG] [BACKEND_API_CALL] {url: /api/cockpit/properties/24554327/comp-intelligence…12981&master_owner_id=mo_36f0a8b60d4ea762081338c9, path: /api/cockpit/properties/24554327/comp-intelligence…12981&master_owner_id=mo_36f0a8b60d4ea762081338c9, method: GET} @ http://localhost:5173/src/lib/api/backendClient.ts?t=1782499321627:190
[   78217ms] [LOG] [BACKEND_API_RESPONSE] {status: 200, ok: true, bodyCount: 500, bodyCountPath: total, durationMs: 51799} @ http://localhost:5173/src/lib/api/backendClient.ts?t=1782499321627:245
[   78217ms] [LOG] [DATA_LAYER_QUERY_DONE] {name: /api/cockpit/templates/list?limit=800&includeInactive=true, durationMs: 51799, transport: backend, status: 200, ok: true} @ http://localhost:5173/src/lib/data/dashboardDataLayer.ts:22
[   78217ms] [LOG] [templateData] sms_templates schema sample keys [id, template_id, is_active, use_case, stage_code, language, template_body, updated_at] @ http://localhost:5173/src/lib/data/templateData.ts?t=1782499321627:138
[   78390ms] [ERROR] Failed to load resource: the server responded with a status of 400 () @ https://lcppdrmrdfblstpcbgpf.supabase.co/rest/v1/textgrid_numbers?select=number%2Cphone_number%2Cmarket%2Csender_market%2Cstatus%2Cstate%2Cpaused%2Cis_paused%2Cactive%2Cis_active:0
[   84428ms] [LOG] [DATA_LAYER_QUERY_START] {name: /api/cockpit/queue/processor-health, startedAt: 84334.80000000075, transport: backend, url: /api/cockpit/queue/processor-health, method: GET} @ http://localhost:5173/src/lib/data/dashboardDataLayer.ts:14
[   84429ms] [LOG] [BACKEND_API_CALL] {url: /api/cockpit/queue/processor-health, path: /api/cockpit/queue/processor-health, method: GET} @ http://localhost:5173/src/lib/api/backendClient.ts?t=1782499321627:190
[   94796ms] [LOG] [BACKEND_API_RESPONSE] {status: 200, ok: true, bodyCount: null, bodyCountPath: null, durationMs: 40355} @ http://localhost:5173/src/lib/api/backendClient.ts?t=1782499321627:245
[   94798ms] [LOG] [DATA_LAYER_QUERY_DONE] {name: /api/cockpit/queue/processor-health, durationMs: 40357, transport: backend, status: 200, ok: true} @ http://localhost:5173/src/lib/data/dashboardDataLayer.ts:22
[   97979ms] [LOG] [BACKEND_API_RESPONSE] {status: 200, ok: true, bodyCount: null, bodyCountPath: null, durationMs: 27103} @ http://localhost:5173/src/lib/api/backendClient.ts?t=1782499321627:245
[   97979ms] [LOG] [DATA_LAYER_QUERY_DONE] {name: /api/cockpit/properties/24554327/subject?thread_key=%2B19012812981, durationMs: 27103, transport: backend, status: 200, ok: true} @ http://localhost:5173/src/lib/data/dashboardDataLayer.ts:22
[   98237ms] [LOG] [BACKEND_API_RESPONSE] {status: 200, ok: true, bodyCount: null, bodyCountPath: null, durationMs: 13809} @ http://localhost:5173/src/lib/api/backendClient.ts?t=1782499321627:245
[   98238ms] [LOG] [DATA_LAYER_QUERY_DONE] {name: /api/cockpit/queue/processor-health, durationMs: 13810, transport: backend, status: 200, ok: true} @ http://localhost:5173/src/lib/data/dashboardDataLayer.ts:22
[  100929ms] [LOG] [BACKEND_API_RESPONSE] {status: 200, ok: true, bodyCount: null, bodyCountPath: null, durationMs: 30051} @ http://localhost:5173/src/lib/api/backendClient.ts?t=1782499321627:245
[  100929ms] [LOG] [DATA_LAYER_QUERY_DONE] {name: /api/cockpit/properties/24554327/comp-intelligence…12981&master_owner_id=mo_36f0a8b60d4ea762081338c9, durationMs: 30051, transport: backend, status: 200, ok: true} @ http://localhost:5173/src/lib/data/dashboardDataLayer.ts:22
[  114427ms] [LOG] [DATA_LAYER_QUERY_START] {name: /api/cockpit/queue/processor-health, startedAt: 114333.90000000037, transport: backend, url: /api/cockpit/queue/processor-health, method: GET} @ http://localhost:5173/src/lib/data/dashboardDataLayer.ts:14
[  114428ms] [LOG] [BACKEND_API_CALL] {url: /api/cockpit/queue/processor-health, path: /api/cockpit/queue/processor-health, method: GET} @ http://localhost:5173/src/lib/api/backendClient.ts?t=1782499321627:190
[  115304ms] [LOG] [BACKEND_API_RESPONSE] {status: 200, ok: true, bodyCount: null, bodyCountPath: null, durationMs: 877} @ http://localhost:5173/src/lib/api/backendClient.ts?t=1782499321627:245
[  115305ms] [LOG] [DATA_LAYER_QUERY_DONE] {name: /api/cockpit/queue/processor-health, durationMs: 877, transport: backend, status: 200, ok: true} @ http://localhost:5173/src/lib/data/dashboardDataLayer.ts:22
[  116422ms] [LOG] [DATA_LAYER_QUERY_START] {name: /api/cockpit/queue/page?page=0&pageSize=25&status=all&dateBasis=created_at, startedAt: 116329, transport: backend, url: /api/cockpit/queue/page?page=0&pageSize=25&status=all&dateBasis=created_at, method: GET} @ http://localhost:5173/src/lib/data/dashboardDataLayer.ts:14
[  116423ms] [LOG] [BACKEND_API_CALL] {url: /api/cockpit/queue/page?page=0&pageSize=25&status=all&dateBasis=created_at, path: /api/cockpit/queue/page?page=0&pageSize=25&status=all&dateBasis=created_at, method: GET} @ http://localhost:5173/src/lib/api/backendClient.ts?t=1782499321627:190
[  123862ms] [LOG] [BACKEND_API_RESPONSE] {status: 200, ok: true, bodyCount: 25, bodyCountPath: items, durationMs: 7439} @ http://localhost:5173/src/lib/api/backendClient.ts?t=1782499321627:245
[  123862ms] [LOG] [DATA_LAYER_QUERY_DONE] {name: /api/cockpit/queue/page?page=0&pageSize=25&status=all&dateBasis=created_at, durationMs: 7440, transport: backend, status: 200, ok: true} @ http://localhost:5173/src/lib/data/dashboardDataLayer.ts:22
[  124018ms] [ERROR] Failed to load resource: the server responded with a status of 400 () @ https://lcppdrmrdfblstpcbgpf.supabase.co/rest/v1/textgrid_numbers?select=number%2Cphone_number%2Cmarket%2Csender_market%2Cstatus%2Cstate%2Cpaused%2Cis_paused%2Cactive%2Cis_active:0
[  144430ms] [LOG] [DATA_LAYER_QUERY_START] {name: /api/cockpit/queue/processor-health, startedAt: 144336.90000000037, transport: backend, url: /api/cockpit/queue/processor-health, method: GET} @ http://localhost:5173/src/lib/data/dashboardDataLayer.ts:14
[  144431ms] [LOG] [BACKEND_API_CALL] {url: /api/cockpit/queue/processor-health, path: /api/cockpit/queue/processor-health, method: GET} @ http://localhost:5173/src/lib/api/backendClient.ts?t=1782499321627:190
[  145268ms] [LOG] [BACKEND_API_RESPONSE] {status: 200, ok: true, bodyCount: null, bodyCountPath: null, durationMs: 837} @ http://localhost:5173/src/lib/api/backendClient.ts?t=1782499321627:245
[  145268ms] [LOG] [DATA_LAYER_QUERY_DONE] {name: /api/cockpit/queue/processor-health, durationMs: 838, transport: backend, status: 200, ok: true} @ http://localhost:5173/src/lib/data/dashboardDataLayer.ts:22
[  161422ms] [LOG] [DATA_LAYER_QUERY_START] {name: /api/cockpit/templates/list?limit=800&includeInactive=true, startedAt: 161328.60000000056, transport: backend, url: /api/cockpit/templates/list?limit=800&includeInactive=true, method: GET} @ http://localhost:5173/src/lib/data/dashboardDataLayer.ts:14
[  161423ms] [LOG] [BACKEND_API_CALL] {url: /api/cockpit/templates/list?limit=800&includeInactive=true, path: /api/cockpit/templates/list?limit=800&includeInactive=true, method: GET} @ http://localhost:5173/src/lib/api/backendClient.ts?t=1782499321627:190
[  161425ms] [LOG] [DATA_LAYER_QUERY_START] {name: /api/cockpit/queue/page?page=0&pageSize=25&status=all&dateBasis=created_at, startedAt: 161331.5, transport: backend, url: /api/cockpit/queue/page?page=0&pageSize=25&status=all&dateBasis=created_at, method: GET} @ http://localhost:5173/src/lib/data/dashboardDataLayer.ts:14
[  161426ms] [LOG] [BACKEND_API_CALL] {url: /api/cockpit/queue/page?page=0&pageSize=25&status=all&dateBasis=created_at, path: /api/cockpit/queue/page?page=0&pageSize=25&status=all&dateBasis=created_at, method: GET} @ http://localhost:5173/src/lib/api/backendClient.ts?t=1782499321627:190
[  162991ms] [LOG] [BACKEND_API_RESPONSE] {status: 200, ok: true, bodyCount: 500, bodyCountPath: total, durationMs: 1569} @ http://localhost:5173/src/lib/api/backendClient.ts?t=1782499321627:245
[  162992ms] [LOG] [DATA_LAYER_QUERY_DONE] {name: /api/cockpit/templates/list?limit=800&includeInactive=true, durationMs: 1570, transport: backend, status: 200, ok: true} @ http://localhost:5173/src/lib/data/dashboardDataLayer.ts:22
[  163998ms] [LOG] [BACKEND_API_RESPONSE] {status: 200, ok: true, bodyCount: 25, bodyCountPath: items, durationMs: 2573} @ http://localhost:5173/src/lib/api/backendClient.ts?t=1782499321627:245
[  163998ms] [LOG] [DATA_LAYER_QUERY_DONE] {name: /api/cockpit/queue/page?page=0&pageSize=25&status=all&dateBasis=created_at, durationMs: 2573, transport: backend, status: 200, ok: true} @ http://localhost:5173/src/lib/data/dashboardDataLayer.ts:22
[  164128ms] [ERROR] Failed to load resource: the server responded with a status of 400 () @ https://lcppdrmrdfblstpcbgpf.supabase.co/rest/v1/textgrid_numbers?select=number%2Cphone_number%2Cmarket%2Csender_market%2Cstatus%2Cstate%2Cpaused%2Cis_paused%2Cactive%2Cis_active:0
[  174428ms] [LOG] [DATA_LAYER_QUERY_START] {name: /api/cockpit/queue/processor-health, startedAt: 174333.90000000037, transport: backend, url: /api/cockpit/queue/processor-health, method: GET} @ http://localhost:5173/src/lib/data/dashboardDataLayer.ts:14
[  174428ms] [LOG] [BACKEND_API_CALL] {url: /api/cockpit/queue/processor-health, path: /api/cockpit/queue/processor-health, method: GET} @ http://localhost:5173/src/lib/api/backendClient.ts?t=1782499321627:190
[  176069ms] [LOG] [BACKEND_API_RESPONSE] {status: 200, ok: true, bodyCount: null, bodyCountPath: null, durationMs: 1642} @ http://localhost:5173/src/lib/api/backendClient.ts?t=1782499321627:245
[  176069ms] [LOG] [DATA_LAYER_QUERY_DONE] {name: /api/cockpit/queue/processor-health, durationMs: 1642, transport: backend, status: 200, ok: true} @ http://localhost:5173/src/lib/data/dashboardDataLayer.ts:22
[  204430ms] [LOG] [DATA_LAYER_QUERY_START] {name: /api/cockpit/queue/processor-health, startedAt: 204336.5, transport: backend, url: /api/cockpit/queue/processor-health, method: GET} @ http://localhost:5173/src/lib/data/dashboardDataLayer.ts:14
[  204431ms] [LOG] [BACKEND_API_CALL] {url: /api/cockpit/queue/processor-health, path: /api/cockpit/queue/processor-health, method: GET} @ http://localhost:5173/src/lib/api/backendClient.ts?t=1782499321627:190
[  205755ms] [LOG] [BACKEND_API_RESPONSE] {status: 200, ok: true, bodyCount: null, bodyCountPath: null, durationMs: 1325} @ http://localhost:5173/src/lib/api/backendClient.ts?t=1782499321627:245
[  205755ms] [LOG] [DATA_LAYER_QUERY_DONE] {name: /api/cockpit/queue/processor-health, durationMs: 1325, transport: backend, status: 200, ok: true} @ http://localhost:5173/src/lib/data/dashboardDataLayer.ts:22
[  206423ms] [LOG] [DATA_LAYER_QUERY_START] {name: /api/cockpit/queue/page?page=0&pageSize=25&status=all&dateBasis=created_at, startedAt: 206329.2000000002, transport: backend, url: /api/cockpit/queue/page?page=0&pageSize=25&status=all&dateBasis=created_at, method: GET} @ http://localhost:5173/src/lib/data/dashboardDataLayer.ts:14
[  206423ms] [LOG] [BACKEND_API_CALL] {url: /api/cockpit/queue/page?page=0&pageSize=25&status=all&dateBasis=created_at, path: /api/cockpit/queue/page?page=0&pageSize=25&status=all&dateBasis=created_at, method: GET} @ http://localhost:5173/src/lib/api/backendClient.ts?t=1782499321627:190
[  208062ms] [LOG] [BACKEND_API_RESPONSE] {status: 200, ok: true, bodyCount: 25, bodyCountPath: items, durationMs: 1639} @ http://localhost:5173/src/lib/api/backendClient.ts?t=1782499321627:245
[  208062ms] [LOG] [DATA_LAYER_QUERY_DONE] {name: /api/cockpit/queue/page?page=0&pageSize=25&status=all&dateBasis=created_at, durationMs: 1639, transport: backend, status: 200, ok: true} @ http://localhost:5173/src/lib/data/dashboardDataLayer.ts:22
[  208172ms] [ERROR] Failed to load resource: the server responded with a status of 400 () @ https://lcppdrmrdfblstpcbgpf.supabase.co/rest/v1/textgrid_numbers?select=number%2Cphone_number%2Cmarket%2Csender_market%2Cstatus%2Cstate%2Cpaused%2Cis_paused%2Cactive%2Cis_active:0
[  214399ms] [LOG] [DATA_LAYER_QUERY_START] {name: /api/cockpit/properties/24554327/subject?thread_key=%2B19012812981, startedAt: 214305.60000000056, transport: backend, url: /api/cockpit/properties/24554327/subject?thread_key=%2B19012812981, method: GET} @ http://localhost:5173/src/lib/data/dashboardDataLayer.ts:14
[  214399ms] [LOG] [BACKEND_API_CALL] {url: /api/cockpit/properties/24554327/subject?thread_key=%2B19012812981, path: /api/cockpit/properties/24554327/subject?thread_key=%2B19012812981, method: GET} @ http://localhost:5173/src/lib/api/backendClient.ts?t=1782499321627:190
[  214406ms] [LOG] [DATA_LAYER_QUERY_START] {name: /api/cockpit/properties/24554327/comp-intelligence…12981&master_owner_id=mo_36f0a8b60d4ea762081338c9, startedAt: 214312.5, transport: backend, url: /api/cockpit/properties/24554327/comp-intelligence…12981&master_owner_id=mo_36f0a8b60d4ea762081338c9, method: GET} @ http://localhost:5173/src/lib/data/dashboardDataLayer.ts:14
[  214407ms] [LOG] [BACKEND_API_CALL] {url: /api/cockpit/properties/24554327/comp-intelligence…12981&master_owner_id=mo_36f0a8b60d4ea762081338c9, path: /api/cockpit/properties/24554327/comp-intelligence…12981&master_owner_id=mo_36f0a8b60d4ea762081338c9, method: GET} @ http://localhost:5173/src/lib/api/backendClient.ts?t=1782499321627:190
[  216769ms] [LOG] [BACKEND_API_RESPONSE] {status: 200, ok: true, bodyCount: null, bodyCountPath: null, durationMs: 2370} @ http://localhost:5173/src/lib/api/backendClient.ts?t=1782499321627:245
[  216770ms] [LOG] [DATA_LAYER_QUERY_DONE] {name: /api/cockpit/properties/24554327/subject?thread_key=%2B19012812981, durationMs: 2371, transport: backend, status: 200, ok: true} @ http://localhost:5173/src/lib/data/dashboardDataLayer.ts:22
[  218949ms] [LOG] [BACKEND_API_RESPONSE] {status: 200, ok: true, bodyCount: null, bodyCountPath: null, durationMs: 4543} @ http://localhost:5173/src/lib/api/backendClient.ts?t=1782499321627:245
[  218950ms] [LOG] [DATA_LAYER_QUERY_DONE] {name: /api/cockpit/properties/24554327/comp-intelligence…12981&master_owner_id=mo_36f0a8b60d4ea762081338c9, durationMs: 4544, transport: backend, status: 200, ok: true} @ http://localhost:5173/src/lib/data/dashboardDataLayer.ts:22
[  234432ms] [LOG] [DATA_LAYER_QUERY_START] {name: /api/cockpit/queue/processor-health, startedAt: 234337.80000000075, transport: backend, url: /api/cockpit/queue/processor-health, method: GET} @ http://localhost:5173/src/lib/data/dashboardDataLayer.ts:14
[  234433ms] [LOG] [BACKEND_API_CALL] {url: /api/cockpit/queue/processor-health, path: /api/cockpit/queue/processor-health, method: GET} @ http://localhost:5173/src/lib/api/backendClient.ts?t=1782499321627:190
[  234912ms] [LOG] [DATA_LAYER_QUERY_START] {name: /api/cockpit/properties/24554327/subject?thread_key=%2B19012812981, startedAt: 234818, transport: backend, url: /api/cockpit/properties/24554327/subject?thread_key=%2B19012812981, method: GET} @ http://localhost:5173/src/lib/data/dashboardDataLayer.ts:14
[  234912ms] [LOG] [BACKEND_API_CALL] {url: /api/cockpit/properties/24554327/subject?thread_key=%2B19012812981, path: /api/cockpit/properties/24554327/subject?thread_key=%2B19012812981, method: GET} @ http://localhost:5173/src/lib/api/backendClient.ts?t=1782499321627:190
[  234917ms] [LOG] [DATA_LAYER_QUERY_START] {name: /api/cockpit/properties/24554327/comp-intelligence…12981&master_owner_id=mo_36f0a8b60d4ea762081338c9, startedAt: 234822.90000000037, transport: backend, url: /api/cockpit/properties/24554327/comp-intelligence…12981&master_owner_id=mo_36f0a8b60d4ea762081338c9, method: GET} @ http://localhost:5173/src/lib/data/dashboardDataLayer.ts:14
[  234919ms] [LOG] [BACKEND_API_CALL] {url: /api/cockpit/properties/24554327/comp-intelligence…12981&master_owner_id=mo_36f0a8b60d4ea762081338c9, path: /api/cockpit/properties/24554327/comp-intelligence…12981&master_owner_id=mo_36f0a8b60d4ea762081338c9, method: GET} @ http://localhost:5173/src/lib/api/backendClient.ts?t=1782499321627:190
[  236064ms] [LOG] [BACKEND_API_RESPONSE] {status: 200, ok: true, bodyCount: null, bodyCountPath: null, durationMs: 1633} @ http://localhost:5173/src/lib/api/backendClient.ts?t=1782499321627:245
[  236064ms] [LOG] [DATA_LAYER_QUERY_DONE] {name: /api/cockpit/queue/processor-health, durationMs: 1633, transport: backend, status: 200, ok: true} @ http://localhost:5173/src/lib/data/dashboardDataLayer.ts:22
[  236973ms] [LOG] [BACKEND_API_RESPONSE] {status: 200, ok: true, bodyCount: null, bodyCountPath: null, durationMs: 2062} @ http://localhost:5173/src/lib/api/backendClient.ts?t=1782499321627:245
[  236974ms] [LOG] [DATA_LAYER_QUERY_DONE] {name: /api/cockpit/properties/24554327/subject?thread_key=%2B19012812981, durationMs: 2062, transport: backend, status: 200, ok: true} @ http://localhost:5173/src/lib/data/dashboardDataLayer.ts:22
[  240420ms] [LOG] [BACKEND_API_RESPONSE] {status: 200, ok: true, bodyCount: null, bodyCountPath: null, durationMs: 5504} @ http://localhost:5173/src/lib/api/backendClient.ts?t=1782499321627:245
[  240421ms] [LOG] [DATA_LAYER_QUERY_DONE] {name: /api/cockpit/properties/24554327/comp-intelligence…12981&master_owner_id=mo_36f0a8b60d4ea762081338c9, durationMs: 5504, transport: backend, status: 200, ok: true} @ http://localhost:5173/src/lib/data/dashboardDataLayer.ts:22
[  251424ms] [LOG] [DATA_LAYER_QUERY_START] {name: /api/cockpit/templates/list?limit=800&includeInactive=true, startedAt: 251330.2000000002, transport: backend, url: /api/cockpit/templates/list?limit=800&includeInactive=true, method: GET} @ http://localhost:5173/src/lib/data/dashboardDataLayer.ts:14
[  251424ms] [LOG] [BACKEND_API_CALL] {url: /api/cockpit/templates/list?limit=800&includeInactive=true, path: /api/cockpit/templates/list?limit=800&includeInactive=true, method: GET} @ http://localhost:5173/src/lib/api/backendClient.ts?t=1782499321627:190
[  251425ms] [LOG] [DATA_LAYER_QUERY_START] {name: /api/cockpit/queue/page?page=0&pageSize=25&status=all&dateBasis=created_at, startedAt: 251331.5, transport: backend, url: /api/cockpit/queue/page?page=0&pageSize=25&status=all&dateBasis=created_at, method: GET} @ http://localhost:5173/src/lib/data/dashboardDataLayer.ts:14
[  251425ms] [LOG] [BACKEND_API_CALL] {url: /api/cockpit/queue/page?page=0&pageSize=25&status=all&dateBasis=created_at, path: /api/cockpit/queue/page?page=0&pageSize=25&status=all&dateBasis=created_at, method: GET} @ http://localhost:5173/src/lib/api/backendClient.ts?t=1782499321627:190
[  252434ms] [LOG] [BACKEND_API_RESPONSE] {status: 200, ok: true, bodyCount: 500, bodyCountPath: total, durationMs: 1011} @ http://localhost:5173/src/lib/api/backendClient.ts?t=1782499321627:245
[  252435ms] [LOG] [DATA_LAYER_QUERY_DONE] {name: /api/cockpit/templates/list?limit=800&includeInactive=true, durationMs: 1011, transport: backend, status: 200, ok: true} @ http://localhost:5173/src/lib/data/dashboardDataLayer.ts:22
[  253165ms] [LOG] [BACKEND_API_RESPONSE] {status: 200, ok: true, bodyCount: 25, bodyCountPath: items, durationMs: 1740} @ http://localhost:5173/src/lib/api/backendClient.ts?t=1782499321627:245
[  253165ms] [LOG] [DATA_LAYER_QUERY_DONE] {name: /api/cockpit/queue/page?page=0&pageSize=25&status=all&dateBasis=created_at, durationMs: 1740, transport: backend, status: 200, ok: true} @ http://localhost:5173/src/lib/data/dashboardDataLayer.ts:22
[  253297ms] [ERROR] Failed to load resource: the server responded with a status of 400 () @ https://lcppdrmrdfblstpcbgpf.supabase.co/rest/v1/textgrid_numbers?select=number%2Cphone_number%2Cmarket%2Csender_market%2Cstatus%2Cstate%2Cpaused%2Cis_paused%2Cactive%2Cis_active:0
[  264428ms] [LOG] [DATA_LAYER_QUERY_START] {name: /api/cockpit/queue/processor-health, startedAt: 264334.30000000075, transport: backend, url: /api/cockpit/queue/processor-health, method: GET} @ http://localhost:5173/src/lib/data/dashboardDataLayer.ts:14
[  264428ms] [LOG] [BACKEND_API_CALL] {url: /api/cockpit/queue/processor-health, path: /api/cockpit/queue/processor-health, method: GET} @ http://localhost:5173/src/lib/api/backendClient.ts?t=1782499321627:190
[  264895ms] [LOG] [BACKEND_API_RESPONSE] {status: 200, ok: true, bodyCount: null, bodyCountPath: null, durationMs: 467} @ http://localhost:5173/src/lib/api/backendClient.ts?t=1782499321627:245
[  264896ms] [LOG] [DATA_LAYER_QUERY_DONE] {name: /api/cockpit/queue/processor-health, durationMs: 468, transport: backend, status: 200, ok: true} @ http://localhost:5173/src/lib/data/dashboardDataLayer.ts:22
