[    1201ms] [INFO] %cDownload the React DevTools for a better development experience: https://reactjs.org/link/react-devtools font-weight:bold @ http://localhost:5173/node_modules/.vite/deps/react-dom-D2bPC4jN.js?v=601e9e7c:17232
[    1585ms] [LOG] [BUCKET_SWITCH_RESET_SCROLL] {bucket: all_messages} @ http://localhost:5173/src/modules/inbox/components/InboxSidebar.tsx?t=1782372537569:2175
[    1647ms] [LOG] [dashboard boot] live inbox fetch started {options: Object, filterKey: all_messages, timeoutMode: initial_boot, timeoutMs: 20000} @ http://localhost:5173/src/modules/inbox/inbox.adapter.ts?t=1782372537569:248
[    1650ms] [LOG] [VIEW_MODEL_LOAD_START] {viewModel: inbox_threads_view, startedAt: 1619.1999999997206, view: all_messages, filter: all, limit: 25} @ http://localhost:5173/src/lib/data/dashboardDataLayer.ts:26
[    1651ms] [LOG] [INBOX_API_REQUEST] {url: /api/cockpit/inbox/live?filter=all&direction=all&c…out_mode=initial_boot&refresh_reason=initial_boot, filter: all, timeoutMode: initial_boot, refreshReason: initial_boot} @ http://localhost:5173/src/lib/data/inboxData.ts?t=1782371831900:1423
[    1653ms] [LOG] [BACKEND_API] Local dev detected. Will use relative paths via proxy. @ http://localhost:5173/src/lib/api/backendClient.ts:17
[    1657ms] [LOG] [useInboxData] realtime subscriptions active @ http://localhost:5173/src/modules/inbox/inbox.adapter.ts?t=1782372537569:1387
[    1669ms] [LOG] [DATA_LAYER_QUERY_START] {name: /api/cockpit/queue/control, startedAt: 1640.0999999996275, transport: backend, url: /api/cockpit/queue/control, method: GET} @ http://localhost:5173/src/lib/data/dashboardDataLayer.ts:14
[    1670ms] [LOG] [BACKEND_API_CALL] {url: /api/cockpit/queue/control, path: /api/cockpit/queue/control, method: GET} @ http://localhost:5173/src/lib/api/backendClient.ts:190
[    1671ms] [LOG] [DATA_LAYER_QUERY_START] {name: /api/cockpit/inbox/live?filter=all&direction=all&c…out_mode=initial_boot&refresh_reason=initial_boot, startedAt: 1641.5999999996275, transport: backend, url: /api/cockpit/inbox/live?filter=all&direction=all&c…out_mode=initial_boot&refresh_reason=initial_boot, method: GET} @ http://localhost:5173/src/lib/data/dashboardDataLayer.ts:14
[    1671ms] [LOG] [BACKEND_API_CALL] {url: /api/cockpit/inbox/live?filter=all&direction=all&c…out_mode=initial_boot&refresh_reason=initial_boot, path: /api/cockpit/inbox/live?filter=all&direction=all&c…out_mode=initial_boot&refresh_reason=initial_boot, method: GET} @ http://localhost:5173/src/lib/api/backendClient.ts:190
[    2688ms] [LOG] [CACHE_COMMIT_DONE] {name: dashboard_connection_state, durationMs: 0, source: dashboard_connection_state, connectionState: live, reason: subscribe_status} @ http://localhost:5173/src/lib/data/dashboardDataLayer.ts:63
[    2688ms] [LOG] [INBOX_REALTIME_STATUS] {status: SUBSCRIBED, normalizedStatus: connected, connectionState: live, fallbackMode: realtime} @ http://localhost:5173/src/modules/inbox/inbox.adapter.ts?t=1782372537569:1367
[    5184ms] [LOG] [BACKEND_API_RESPONSE] {status: 200, ok: true, bodyCount: null, bodyCountPath: null, durationMs: 3515} @ http://localhost:5173/src/lib/api/backendClient.ts:245
[    5184ms] [LOG] [DATA_LAYER_QUERY_DONE] {name: /api/cockpit/queue/control, durationMs: 3515, transport: backend, status: 200, ok: true} @ http://localhost:5173/src/lib/data/dashboardDataLayer.ts:22
[    5571ms] [LOG] [BACKEND_API_RESPONSE] {status: 200, ok: true, bodyCount: 25, bodyCountPath: threads, durationMs: 3901} @ http://localhost:5173/src/lib/api/backendClient.ts:245
[    5572ms] [LOG] [DATA_LAYER_QUERY_DONE] {name: /api/cockpit/inbox/live?filter=all&direction=all&c…out_mode=initial_boot&refresh_reason=initial_boot, durationMs: 3901, transport: backend, status: 200, ok: true} @ http://localhost:5173/src/lib/data/dashboardDataLayer.ts:22
[    5572ms] [LOG] [INBOX_API_RESPONSE] {url: /api/cockpit/inbox/live?filter=all&direction=all&c…out_mode=initial_boot&refresh_reason=initial_boot, status: 200, ok: true, responseBodyCount: 25, responseBodyPath: threads} @ http://localhost:5173/src/lib/data/inboxData.ts?t=1782371831900:1433
[    5593ms] [LOG] [VIEW_MODEL_LOAD_DONE] {name: inbox_threads_view, durationMs: 3945, viewModel: inbox_threads_view, ok: true, view: all_messages} @ http://localhost:5173/src/lib/data/dashboardDataLayer.ts:33
[    5602ms] [LOG] [CACHE_COMMIT_DONE] {name: dashboard_threads, durationMs: 8, source: getInboxRowsForView, rows: 25, threads: 25} @ http://localhost:5173/src/lib/data/dashboardDataLayer.ts:63
[    5602ms] [LOG] [HYDRATION_PHASE_DONE] {name: thread_shell, durationMs: 3954, phase: thread_shell, view: all_messages, rows: 25} @ http://localhost:5173/src/lib/data/dashboardDataLayer.ts:50
[    5602ms] [LOG] [Inbox] live inbox success {threads: 25, counts: Object} @ http://localhost:5173/src/lib/data/inboxData.ts?t=1782371831900:1842
[    5602ms] [LOG] [Inbox] source endpoint /api/cockpit/inbox/live @ http://localhost:5173/src/lib/data/inboxData.ts?t=1782371831900:1851
[    5602ms] [LOG] [Inbox] raw sample {thread_key: +17702033651, seller_phone: +17702033651, canonical_e164: +17702033651, master_owner_id: mo_04978250901b6b62210867a0, property_id: 238384554} @ http://localhost:5173/src/lib/data/inboxData.ts?t=1782371831900:1852
[    5603ms] [LOG] [Inbox] normalized sample {thread_key: +17702033651, seller_phone: +17702033651, canonical_e164: +17702033651, master_owner_id: mo_04978250901b6b62210867a0, property_id: 238384554} @ http://localhost:5173/src/lib/data/inboxData.ts?t=1782371831900:1853
[    5603ms] [LOG] [Inbox] visible fields {ownerName: Donald & Linda Williams, propertyAddress: 4381 Sterling Forest Dr, Decatur, Ga 30034, latestMessageBody: Sorry about that, my system had an error. Are you open to a proposal on the property?, status: waiting, stage: not_contacted} @ http://localhost:5173/src/lib/data/inboxData.ts?t=1782371831900:1855
[    5603ms] [LOG] [InboxTiming] live_fetch_ms: 3955ms @ http://localhost:5173/src/lib/data/inboxData.ts?t=1782371831900:2302
[    5603ms] [LOG] [InboxTiming] lightweight_normalize_ms: 0ms (built-in) @ http://localhost:5173/src/lib/data/inboxData.ts?t=1782371831900:2303
[    5603ms] [LOG] [fetchInboxModel] using counts embedded in live response @ http://localhost:5173/src/lib/data/inboxData.ts?t=1782371831900:2380
[    5604ms] [LOG] [InboxTiming] total_fetch_model_ms: 3956ms @ http://localhost:5173/src/lib/data/inboxData.ts?t=1782371831900:2397
[    5605ms] [LOG] [dashboard boot] live inbox fetch success {filterKey: all_messages, count: 25} @ http://localhost:5173/src/modules/inbox/inbox.adapter.ts?t=1782372537569:319
[    5606ms] [LOG] [INBOX_COUNTS_APPROXIMATE_APPLIED] {bucketKey: all_messages, counts_source: visible_rows_approximate, count_preserved_reason: fallback_thread_source_visible_rows_approximate} @ http://localhost:5173/src/modules/inbox/inbox.adapter.ts?t=1782372537569:926
[    5606ms] [LOG] [useInboxData] refresh complete {bucketKey: all_messages, rowCount: 25, totalCount: 25, dataMode: live} @ http://localhost:5173/src/modules/inbox/inbox.adapter.ts?t=1782372537569:986
[    5943ms] [LOG] [INBOX_BUCKET_ROWS] {bucket: all_messages, count: 25, firstThreadKey: +17702033651, firstLatestAt: 2026-06-25T02:18:05.817Z} @ http://localhost:5173/src/modules/inbox/components/InboxSidebar.tsx?t=1782372537569:2194
[    5950ms] [LOG] [SMOOTH_THREAD_SELECT] {key: ct:phone:+17702033651, refetch: false} @ http://localhost:5173/src/modules/inbox/InboxPage.tsx?t=1782372537569:1725
[    5954ms] [LOG] [MESSAGES_FETCH_START] ct:phone:+17702033651 @ http://localhost:5173/src/modules/inbox/InboxPage.tsx?t=1782372537569:1737
[    5954ms] [LOG] [THREAD_CONTEXT_START] {threadKey: +17702033651, propertyId: 238384554, prospectId: pros0_d305cae46e6f6112d49f6ee9, ownerId: mo_04978250901b6b62210867a0} @ http://localhost:5173/src/modules/inbox/InboxPage.tsx?t=1782372537569:1813
[    5960ms] [LOG] [DATA_LAYER_QUERY_START] {name: /api/cockpit/inbox/thread-messages?thread_key=ct%3…6b62210867a0&owner_id=mo_04978250901b6b62210867a0, startedAt: 5930.399999999907, transport: backend, url: /api/cockpit/inbox/thread-messages?thread_key=ct%3…6b62210867a0&owner_id=mo_04978250901b6b62210867a0, method: GET} @ http://localhost:5173/src/lib/data/dashboardDataLayer.ts:14
[    5960ms] [LOG] [BACKEND_API_CALL] {url: /api/cockpit/inbox/thread-messages?thread_key=ct%3…6b62210867a0&owner_id=mo_04978250901b6b62210867a0, path: /api/cockpit/inbox/thread-messages?thread_key=ct%3…6b62210867a0&owner_id=mo_04978250901b6b62210867a0, method: GET} @ http://localhost:5173/src/lib/api/backendClient.ts:190
[    8159ms] [LOG] [BACKEND_API_RESPONSE] {status: 200, ok: true, bodyCount: 5, bodyCountPath: messages, durationMs: 2200} @ http://localhost:5173/src/lib/api/backendClient.ts:245
[    8160ms] [LOG] [DATA_LAYER_QUERY_DONE] {name: /api/cockpit/inbox/thread-messages?thread_key=ct%3…6b62210867a0&owner_id=mo_04978250901b6b62210867a0, durationMs: 2200, transport: backend, status: 200, ok: true} @ http://localhost:5173/src/lib/data/dashboardDataLayer.ts:22
[    8162ms] [LOG] [THREAD_MESSAGE_LOOKUP] {selected_thread_key: ct:phone:+17702033651, conversation_thread_id: ct:phone:+17702033651, canonical_e164: +17702033651, lookup_strategy_used: latest_message_id_exact+thread_key=canonical_e164+…hone+master_owner_id+from_phone+legacy_thread_key, message_count: 5} @ http://localhost:5173/src/lib/data/inboxData.ts?t=1782371831900:2886
[    8164ms] [LOG] [CACHE_COMMIT_DONE] {name: dashboard_messages, durationMs: 1, source: thread_messages, threadId: ct:phone:+17702033651, incoming: 5} @ http://localhost:5173/src/lib/data/dashboardDataLayer.ts:63
[    8164ms] [LOG] [HYDRATION_PHASE_DONE] {name: messages, durationMs: 2214, phase: messages, threadKey: ct:phone:+17702033651, messages: 5} @ http://localhost:5173/src/lib/data/dashboardDataLayer.ts:50
[    8165ms] [LOG] [MESSAGES_FETCH_DONE] ct:phone:+17702033651 5 2216ms @ http://localhost:5173/src/modules/inbox/InboxPage.tsx?t=1782372537569:1747
[    8165ms] [LOG] [MESSAGES_FETCH_SLOW] ct:phone:+17702033651 {durationMs: 2216, endpoint: /api/cockpit/inbox/thread-messages, status: completed} @ http://localhost:5173/src/modules/inbox/InboxPage.tsx?t=1782372537569:1749
[    8166ms] [LOG] [MESSAGES_COMMIT] ct:phone:+17702033651 5 @ http://localhost:5173/src/modules/inbox/InboxPage.tsx?t=1782372537569:1777
[    8167ms] [LOG] [THREAD_CONTEXT_DONE] {threadKey: +17702033651, propertyId: 238384554, prospectId: pros0_d305cae46e6f6112d49f6ee9, masterOwnerId: mo_04978250901b6b62210867a0, coordsResolved: false} @ http://localhost:5173/src/modules/inbox/InboxPage.tsx?t=1782372537569:1834
[    8168ms] [LOG] [THREAD_CONTEXT_COMMIT] +17702033651 @ http://localhost:5173/src/modules/inbox/InboxPage.tsx?t=1782372537569:1843
[   10694ms] [LOG] [DATA_LAYER_QUERY_START] {name: /api/cockpit/queue/processor-health, startedAt: 10665.099999999627, transport: backend, url: /api/cockpit/queue/processor-health, method: GET} @ http://localhost:5173/src/lib/data/dashboardDataLayer.ts:14
[   10695ms] [LOG] [BACKEND_API_CALL] {url: /api/cockpit/queue/processor-health, path: /api/cockpit/queue/processor-health, method: GET} @ http://localhost:5173/src/lib/api/backendClient.ts:190
[   11385ms] [LOG] [BACKEND_API_RESPONSE] {status: 200, ok: true, bodyCount: null, bodyCountPath: null, durationMs: 691} @ http://localhost:5173/src/lib/api/backendClient.ts:245
[   11386ms] [LOG] [DATA_LAYER_QUERY_DONE] {name: /api/cockpit/queue/processor-health, durationMs: 691, transport: backend, status: 200, ok: true} @ http://localhost:5173/src/lib/data/dashboardDataLayer.ts:22
[   11994ms] [LOG] [DATA_LAYER_QUERY_START] {name: /api/cockpit/templates/list?limit=800&includeInactive=true, startedAt: 11965.099999999627, transport: backend, url: /api/cockpit/templates/list?limit=800&includeInactive=true, method: GET} @ http://localhost:5173/src/lib/data/dashboardDataLayer.ts:14
[   11995ms] [LOG] [BACKEND_API_CALL] {url: /api/cockpit/templates/list?limit=800&includeInactive=true, path: /api/cockpit/templates/list?limit=800&includeInactive=true, method: GET} @ http://localhost:5173/src/lib/api/backendClient.ts:190
[   11995ms] [LOG] [DATA_LAYER_QUERY_START] {name: /api/cockpit/queue/page?page=0&pageSize=25&status=all&dateBasis=created_at, startedAt: 11966.19999999972, transport: backend, url: /api/cockpit/queue/page?page=0&pageSize=25&status=all&dateBasis=created_at, method: GET} @ http://localhost:5173/src/lib/data/dashboardDataLayer.ts:14
[   11996ms] [LOG] [BACKEND_API_CALL] {url: /api/cockpit/queue/page?page=0&pageSize=25&status=all&dateBasis=created_at, path: /api/cockpit/queue/page?page=0&pageSize=25&status=all&dateBasis=created_at, method: GET} @ http://localhost:5173/src/lib/api/backendClient.ts:190
[   12360ms] [LOG] [BACKEND_API_RESPONSE] {status: 200, ok: true, bodyCount: 500, bodyCountPath: total, durationMs: 365} @ http://localhost:5173/src/lib/api/backendClient.ts:245
[   12360ms] [LOG] [DATA_LAYER_QUERY_DONE] {name: /api/cockpit/templates/list?limit=800&includeInactive=true, durationMs: 366, transport: backend, status: 200, ok: true} @ http://localhost:5173/src/lib/data/dashboardDataLayer.ts:22
[   12360ms] [LOG] [templateData] sms_templates schema sample keys [id, template_id, is_active, use_case, stage_code, language, template_body, updated_at] @ http://localhost:5173/src/lib/data/templateData.ts:138
[   12733ms] [LOG] [BACKEND_API_RESPONSE] {status: 200, ok: true, bodyCount: 25, bodyCountPath: items, durationMs: 738} @ http://localhost:5173/src/lib/api/backendClient.ts:245
[   12734ms] [LOG] [DATA_LAYER_QUERY_DONE] {name: /api/cockpit/queue/page?page=0&pageSize=25&status=all&dateBasis=created_at, durationMs: 738, transport: backend, status: 200, ok: true} @ http://localhost:5173/src/lib/data/dashboardDataLayer.ts:22
[   13243ms] [ERROR] Permissions policy violation: accelerometer is not allowed in this document. @ https://maps.googleapis.com/maps-api-v3/api/js/65/5e/main.js:194
[   13245ms] [WARNING] The deviceorientation events are blocked by permissions policy. See https://github.com/w3c/webappsec-permissions-policy/blob/master/features.md#sensor-features @ https://maps.googleapis.com/maps-api-v3/api/js/65/5e/main.js:194
[   20604ms] [LOG] [dashboard boot] live inbox fetch started {options: Object, filterKey: all_messages, timeoutMode: initial_boot, timeoutMs: 20000} @ http://localhost:5173/src/modules/inbox/inbox.adapter.ts?t=1782372537569:248
[   20605ms] [LOG] [VIEW_MODEL_LOAD_START] {viewModel: inbox_threads_view, startedAt: 20576, view: all_messages, filter: all, limit: 25} @ http://localhost:5173/src/lib/data/dashboardDataLayer.ts:26
[   20606ms] [LOG] [INBOX_API_REQUEST] {url: /api/cockpit/inbox/live?filter=all&direction=all&c…out_mode=initial_boot&refresh_reason=initial_boot, filter: all, timeoutMode: initial_boot, refreshReason: initial_boot} @ http://localhost:5173/src/lib/data/inboxData.ts?t=1782371831900:1423
[   20607ms] [LOG] [CACHE_COMMIT_DONE] {name: dashboard_connection_state, durationMs: 0, source: dashboard_connection_state, connectionState: reconnecting, reason: subscribe_start} @ http://localhost:5173/src/lib/data/dashboardDataLayer.ts:63
[   20608ms] [LOG] [useInboxData] realtime subscriptions active @ http://localhost:5173/src/modules/inbox/inbox.adapter.ts?t=1782372537569:1387
[   20611ms] [LOG] [SMOOTH_THREAD_SELECT] {key: ct:phone:+17702033651, refetch: false} @ http://localhost:5173/src/modules/inbox/InboxPage.tsx?t=1782372563305:1725
[   20611ms] [LOG] [MESSAGES_FETCH_START] ct:phone:+17702033651 @ http://localhost:5173/src/modules/inbox/InboxPage.tsx?t=1782372563305:1737
[   20611ms] [LOG] [THREAD_CONTEXT_START] {threadKey: +17702033651, propertyId: 238384554, prospectId: pros0_d305cae46e6f6112d49f6ee9, ownerId: mo_04978250901b6b62210867a0} @ http://localhost:5173/src/modules/inbox/InboxPage.tsx?t=1782372563305:1813
[   20618ms] [LOG] [DATA_LAYER_QUERY_START] {name: /api/cockpit/inbox/thread-messages?thread_key=ct%3…6b62210867a0&owner_id=mo_04978250901b6b62210867a0, startedAt: 20588.69999999972, transport: backend, url: /api/cockpit/inbox/thread-messages?thread_key=ct%3…6b62210867a0&owner_id=mo_04978250901b6b62210867a0, method: GET} @ http://localhost:5173/src/lib/data/dashboardDataLayer.ts:14
[   20618ms] [LOG] [BACKEND_API_CALL] {url: /api/cockpit/inbox/thread-messages?thread_key=ct%3…6b62210867a0&owner_id=mo_04978250901b6b62210867a0, path: /api/cockpit/inbox/thread-messages?thread_key=ct%3…6b62210867a0&owner_id=mo_04978250901b6b62210867a0, method: GET} @ http://localhost:5173/src/lib/api/backendClient.ts:190
[   20620ms] [LOG] [DATA_LAYER_QUERY_START] {name: /api/cockpit/inbox/live?filter=all&direction=all&c…out_mode=initial_boot&refresh_reason=initial_boot, startedAt: 20590.5, transport: backend, url: /api/cockpit/inbox/live?filter=all&direction=all&c…out_mode=initial_boot&refresh_reason=initial_boot, method: GET} @ http://localhost:5173/src/lib/data/dashboardDataLayer.ts:14
[   20620ms] [LOG] [BACKEND_API_CALL] {url: /api/cockpit/inbox/live?filter=all&direction=all&c…out_mode=initial_boot&refresh_reason=initial_boot, path: /api/cockpit/inbox/live?filter=all&direction=all&c…out_mode=initial_boot&refresh_reason=initial_boot, method: GET} @ http://localhost:5173/src/lib/api/backendClient.ts:190
[   20781ms] [LOG] [CACHE_COMMIT_DONE] {name: dashboard_connection_state, durationMs: 0, source: dashboard_connection_state, connectionState: live, reason: subscribe_status} @ http://localhost:5173/src/lib/data/dashboardDataLayer.ts:63
[   20782ms] [LOG] [INBOX_REALTIME_STATUS] {status: SUBSCRIBED, normalizedStatus: connected, connectionState: live, fallbackMode: realtime} @ http://localhost:5173/src/modules/inbox/inbox.adapter.ts?t=1782372537569:1367
[   21411ms] [LOG] [BACKEND_API_RESPONSE] {status: 200, ok: true, bodyCount: 25, bodyCountPath: threads, durationMs: 791} @ http://localhost:5173/src/lib/api/backendClient.ts:245
[   21412ms] [LOG] [DATA_LAYER_QUERY_DONE] {name: /api/cockpit/inbox/live?filter=all&direction=all&c…out_mode=initial_boot&refresh_reason=initial_boot, durationMs: 792, transport: backend, status: 200, ok: true} @ http://localhost:5173/src/lib/data/dashboardDataLayer.ts:22
[   21412ms] [LOG] [INBOX_API_RESPONSE] {url: /api/cockpit/inbox/live?filter=all&direction=all&c…out_mode=initial_boot&refresh_reason=initial_boot, status: 200, ok: true, responseBodyCount: 25, responseBodyPath: threads} @ http://localhost:5173/src/lib/data/inboxData.ts?t=1782371831900:1433
[   21419ms] [LOG] [VIEW_MODEL_LOAD_DONE] {name: inbox_threads_view, durationMs: 814, viewModel: inbox_threads_view, ok: true, view: all_messages} @ http://localhost:5173/src/lib/data/dashboardDataLayer.ts:33
[   21426ms] [LOG] [CACHE_COMMIT_DONE] {name: dashboard_threads, durationMs: 6, source: getInboxRowsForView, rows: 25, threads: 25} @ http://localhost:5173/src/lib/data/dashboardDataLayer.ts:63
[   21426ms] [LOG] [HYDRATION_PHASE_DONE] {name: thread_shell, durationMs: 821, phase: thread_shell, view: all_messages, rows: 25} @ http://localhost:5173/src/lib/data/dashboardDataLayer.ts:50
[   21426ms] [LOG] [Inbox] live inbox success {threads: 25, counts: Object} @ http://localhost:5173/src/lib/data/inboxData.ts?t=1782371831900:1842
[   21426ms] [LOG] [Inbox] source endpoint /api/cockpit/inbox/live @ http://localhost:5173/src/lib/data/inboxData.ts?t=1782371831900:1851
[   21426ms] [LOG] [Inbox] raw sample {thread_key: +17702033651, seller_phone: +17702033651, canonical_e164: +17702033651, master_owner_id: mo_04978250901b6b62210867a0, property_id: 238384554} @ http://localhost:5173/src/lib/data/inboxData.ts?t=1782371831900:1852
[   21427ms] [LOG] [Inbox] normalized sample {thread_key: +17702033651, seller_phone: +17702033651, canonical_e164: +17702033651, master_owner_id: mo_04978250901b6b62210867a0, property_id: 238384554} @ http://localhost:5173/src/lib/data/inboxData.ts?t=1782371831900:1853
[   21427ms] [LOG] [Inbox] visible fields {ownerName: Donald & Linda Williams, propertyAddress: 4381 Sterling Forest Dr, Decatur, Ga 30034, latestMessageBody: Sorry about that, my system had an error. Are you open to a proposal on the property?, status: waiting, stage: not_contacted} @ http://localhost:5173/src/lib/data/inboxData.ts?t=1782371831900:1855
[   21427ms] [LOG] [InboxTiming] live_fetch_ms: 821ms @ http://localhost:5173/src/lib/data/inboxData.ts?t=1782371831900:2302
[   21427ms] [LOG] [InboxTiming] lightweight_normalize_ms: 0ms (built-in) @ http://localhost:5173/src/lib/data/inboxData.ts?t=1782371831900:2303
[   21427ms] [LOG] [fetchInboxModel] using counts embedded in live response @ http://localhost:5173/src/lib/data/inboxData.ts?t=1782371831900:2380
[   21427ms] [LOG] [InboxTiming] total_fetch_model_ms: 822ms @ http://localhost:5173/src/lib/data/inboxData.ts?t=1782371831900:2397
[   21428ms] [LOG] [dashboard boot] live inbox fetch success {filterKey: all_messages, count: 25} @ http://localhost:5173/src/modules/inbox/inbox.adapter.ts?t=1782372537569:319
[   21428ms] [LOG] [INBOX_COUNTS_APPROXIMATE_APPLIED] {bucketKey: all_messages, counts_source: visible_rows_approximate, count_preserved_reason: fallback_thread_source_visible_rows_approximate} @ http://localhost:5173/src/modules/inbox/inbox.adapter.ts?t=1782372537569:926
[   21428ms] [LOG] [useInboxData] refresh complete {bucketKey: all_messages, rowCount: 25, totalCount: 25, dataMode: live} @ http://localhost:5173/src/modules/inbox/inbox.adapter.ts?t=1782372537569:986
[   22949ms] [LOG] [BACKEND_API_RESPONSE] {status: 200, ok: true, bodyCount: 5, bodyCountPath: messages, durationMs: 2331} @ http://localhost:5173/src/lib/api/backendClient.ts:245
[   22949ms] [LOG] [DATA_LAYER_QUERY_DONE] {name: /api/cockpit/inbox/thread-messages?thread_key=ct%3…6b62210867a0&owner_id=mo_04978250901b6b62210867a0, durationMs: 2331, transport: backend, status: 200, ok: true} @ http://localhost:5173/src/lib/data/dashboardDataLayer.ts:22
[   22950ms] [LOG] [THREAD_MESSAGE_LOOKUP] {selected_thread_key: ct:phone:+17702033651, conversation_thread_id: ct:phone:+17702033651, canonical_e164: +17702033651, lookup_strategy_used: latest_message_id_exact+thread_key=canonical_e164+…hone+master_owner_id+from_phone+legacy_thread_key, message_count: 5} @ http://localhost:5173/src/lib/data/inboxData.ts?t=1782371831900:2886
[   22950ms] [LOG] [CACHE_COMMIT_DONE] {name: dashboard_messages, durationMs: 0, source: thread_messages, threadId: ct:phone:+17702033651, incoming: 5} @ http://localhost:5173/src/lib/data/dashboardDataLayer.ts:63
[   22951ms] [LOG] [HYDRATION_PHASE_DONE] {name: messages, durationMs: 2340, phase: messages, threadKey: ct:phone:+17702033651, messages: 5} @ http://localhost:5173/src/lib/data/dashboardDataLayer.ts:50
[   22951ms] [LOG] [MESSAGES_FETCH_DONE] ct:phone:+17702033651 5 2341ms @ http://localhost:5173/src/modules/inbox/InboxPage.tsx?t=1782372563305:1747
[   22952ms] [LOG] [MESSAGES_FETCH_SLOW] ct:phone:+17702033651 {durationMs: 2341, endpoint: /api/cockpit/inbox/thread-messages, status: completed} @ http://localhost:5173/src/modules/inbox/InboxPage.tsx?t=1782372563305:1749
[   22952ms] [LOG] [MESSAGES_COMMIT] ct:phone:+17702033651 5 @ http://localhost:5173/src/modules/inbox/InboxPage.tsx?t=1782372563305:1777
[   22953ms] [LOG] [THREAD_CONTEXT_DONE] {threadKey: +17702033651, propertyId: 238384554, prospectId: pros0_d305cae46e6f6112d49f6ee9, masterOwnerId: mo_04978250901b6b62210867a0, coordsResolved: false} @ http://localhost:5173/src/modules/inbox/InboxPage.tsx?t=1782372563305:1834
[   22953ms] [LOG] [THREAD_CONTEXT_COMMIT] +17702033651 @ http://localhost:5173/src/modules/inbox/InboxPage.tsx?t=1782372563305:1843
[   25552ms] [LOG] [DATA_LAYER_QUERY_START] {name: /api/cockpit/queue/control, startedAt: 25522.69999999972, transport: backend, url: /api/cockpit/queue/control, method: GET} @ http://localhost:5173/src/lib/data/dashboardDataLayer.ts:14
[   25552ms] [LOG] [BACKEND_API_CALL] {url: /api/cockpit/queue/control, path: /api/cockpit/queue/control, method: GET} @ http://localhost:5173/src/lib/api/backendClient.ts:190
[   26357ms] [LOG] [BACKEND_API_RESPONSE] {status: 200, ok: true, bodyCount: null, bodyCountPath: null, durationMs: 805} @ http://localhost:5173/src/lib/api/backendClient.ts:245
[   26357ms] [LOG] [DATA_LAYER_QUERY_DONE] {name: /api/cockpit/queue/control, durationMs: 806, transport: backend, status: 200, ok: true} @ http://localhost:5173/src/lib/data/dashboardDataLayer.ts:22
[  579616ms] [LOG] [dashboard boot] live inbox fetch started {options: Object, filterKey: all_messages, timeoutMode: initial_boot, timeoutMs: 20000} @ http://localhost:5173/src/modules/inbox/inbox.adapter.ts?t=1782372537569:248
[  579617ms] [LOG] [VIEW_MODEL_LOAD_START] {viewModel: inbox_threads_view, startedAt: 579587.5, view: all_messages, filter: all, limit: 25} @ http://localhost:5173/src/lib/data/dashboardDataLayer.ts:26
[  579618ms] [LOG] [INBOX_API_REQUEST] {url: /api/cockpit/inbox/live?filter=all&direction=all&c…out_mode=initial_boot&refresh_reason=initial_boot, filter: all, timeoutMode: initial_boot, refreshReason: initial_boot} @ http://localhost:5173/src/lib/data/inboxData.ts?t=1782371831900:1423
[  579621ms] [LOG] [CACHE_COMMIT_DONE] {name: dashboard_connection_state, durationMs: 0, source: dashboard_connection_state, connectionState: reconnecting, reason: subscribe_start} @ http://localhost:5173/src/lib/data/dashboardDataLayer.ts:63
[  579621ms] [LOG] [useInboxData] realtime subscriptions active @ http://localhost:5173/src/modules/inbox/inbox.adapter.ts?t=1782372537569:1387
[  579625ms] [LOG] [SMOOTH_THREAD_SELECT] {key: ct:phone:+17702033651, refetch: false} @ http://localhost:5173/src/modules/inbox/InboxPage.tsx?t=1782373121627:1725
[  579626ms] [LOG] [MESSAGES_FETCH_START] ct:phone:+17702033651 @ http://localhost:5173/src/modules/inbox/InboxPage.tsx?t=1782373121627:1737
[  579627ms] [LOG] [THREAD_CONTEXT_START] {threadKey: +17702033651, propertyId: 238384554, prospectId: pros0_d305cae46e6f6112d49f6ee9, ownerId: mo_04978250901b6b62210867a0} @ http://localhost:5173/src/modules/inbox/InboxPage.tsx?t=1782373121627:1813
[  579635ms] [LOG] [DATA_LAYER_QUERY_START] {name: /api/cockpit/inbox/thread-messages?thread_key=ct%3…6b62210867a0&owner_id=mo_04978250901b6b62210867a0, startedAt: 579605.6999999997, transport: backend, url: /api/cockpit/inbox/thread-messages?thread_key=ct%3…6b62210867a0&owner_id=mo_04978250901b6b62210867a0, method: GET} @ http://localhost:5173/src/lib/data/dashboardDataLayer.ts:14
[  579635ms] [LOG] [BACKEND_API_CALL] {url: /api/cockpit/inbox/thread-messages?thread_key=ct%3…6b62210867a0&owner_id=mo_04978250901b6b62210867a0, path: /api/cockpit/inbox/thread-messages?thread_key=ct%3…6b62210867a0&owner_id=mo_04978250901b6b62210867a0, method: GET} @ http://localhost:5173/src/lib/api/backendClient.ts:190
[  579637ms] [LOG] [DATA_LAYER_QUERY_START] {name: /api/cockpit/inbox/live?filter=all&direction=all&c…out_mode=initial_boot&refresh_reason=initial_boot, startedAt: 579607.5, transport: backend, url: /api/cockpit/inbox/live?filter=all&direction=all&c…out_mode=initial_boot&refresh_reason=initial_boot, method: GET} @ http://localhost:5173/src/lib/data/dashboardDataLayer.ts:14
[  579637ms] [LOG] [BACKEND_API_CALL] {url: /api/cockpit/inbox/live?filter=all&direction=all&c…out_mode=initial_boot&refresh_reason=initial_boot, path: /api/cockpit/inbox/live?filter=all&direction=all&c…out_mode=initial_boot&refresh_reason=initial_boot, method: GET} @ http://localhost:5173/src/lib/api/backendClient.ts:190
[  580446ms] [LOG] [CACHE_COMMIT_DONE] {name: dashboard_connection_state, durationMs: 0, source: dashboard_connection_state, connectionState: live, reason: subscribe_status} @ http://localhost:5173/src/lib/data/dashboardDataLayer.ts:63
[  580446ms] [LOG] [INBOX_REALTIME_STATUS] {status: SUBSCRIBED, normalizedStatus: connected, connectionState: live, fallbackMode: realtime} @ http://localhost:5173/src/modules/inbox/inbox.adapter.ts?t=1782372537569:1367
[  581187ms] [LOG] [BACKEND_API_RESPONSE] {status: 200, ok: true, bodyCount: 25, bodyCountPath: threads, durationMs: 1551} @ http://localhost:5173/src/lib/api/backendClient.ts:245
[  581188ms] [LOG] [DATA_LAYER_QUERY_DONE] {name: /api/cockpit/inbox/live?filter=all&direction=all&c…out_mode=initial_boot&refresh_reason=initial_boot, durationMs: 1551, transport: backend, status: 200, ok: true} @ http://localhost:5173/src/lib/data/dashboardDataLayer.ts:22
[  581188ms] [LOG] [INBOX_API_RESPONSE] {url: /api/cockpit/inbox/live?filter=all&direction=all&c…out_mode=initial_boot&refresh_reason=initial_boot, status: 200, ok: true, responseBodyCount: 25, responseBodyPath: threads} @ http://localhost:5173/src/lib/data/inboxData.ts?t=1782371831900:1433
[  581194ms] [LOG] [VIEW_MODEL_LOAD_DONE] {name: inbox_threads_view, durationMs: 1577, viewModel: inbox_threads_view, ok: true, view: all_messages} @ http://localhost:5173/src/lib/data/dashboardDataLayer.ts:33
[  581197ms] [LOG] [CACHE_COMMIT_DONE] {name: dashboard_threads, durationMs: 3, source: getInboxRowsForView, rows: 25, threads: 25} @ http://localhost:5173/src/lib/data/dashboardDataLayer.ts:63
[  581197ms] [LOG] [HYDRATION_PHASE_DONE] {name: thread_shell, durationMs: 1580, phase: thread_shell, view: all_messages, rows: 25} @ http://localhost:5173/src/lib/data/dashboardDataLayer.ts:50
[  581197ms] [LOG] [Inbox] live inbox success {threads: 25, counts: Object} @ http://localhost:5173/src/lib/data/inboxData.ts?t=1782371831900:1842
[  581197ms] [LOG] [Inbox] source endpoint /api/cockpit/inbox/live @ http://localhost:5173/src/lib/data/inboxData.ts?t=1782371831900:1851
[  581197ms] [LOG] [Inbox] raw sample {thread_key: +17702033651, seller_phone: +17702033651, canonical_e164: +17702033651, master_owner_id: mo_04978250901b6b62210867a0, property_id: 238384554} @ http://localhost:5173/src/lib/data/inboxData.ts?t=1782371831900:1852
[  581198ms] [LOG] [Inbox] normalized sample {thread_key: +17702033651, seller_phone: +17702033651, canonical_e164: +17702033651, master_owner_id: mo_04978250901b6b62210867a0, property_id: 238384554} @ http://localhost:5173/src/lib/data/inboxData.ts?t=1782371831900:1853
[  581198ms] [LOG] [Inbox] visible fields {ownerName: Donald & Linda Williams, propertyAddress: 4381 Sterling Forest Dr, Decatur, Ga 30034, latestMessageBody: Sorry about that, my system had an error. Are you open to a proposal on the property?, status: waiting, stage: not_contacted} @ http://localhost:5173/src/lib/data/inboxData.ts?t=1782371831900:1855
[  581198ms] [LOG] [InboxTiming] live_fetch_ms: 1581ms @ http://localhost:5173/src/lib/data/inboxData.ts?t=1782371831900:2302
[  581198ms] [LOG] [InboxTiming] lightweight_normalize_ms: 0ms (built-in) @ http://localhost:5173/src/lib/data/inboxData.ts?t=1782371831900:2303
[  581198ms] [LOG] [fetchInboxModel] using counts embedded in live response @ http://localhost:5173/src/lib/data/inboxData.ts?t=1782371831900:2380
[  581198ms] [LOG] [InboxTiming] total_fetch_model_ms: 1582ms @ http://localhost:5173/src/lib/data/inboxData.ts?t=1782371831900:2397
[  581199ms] [LOG] [dashboard boot] live inbox fetch success {filterKey: all_messages, count: 25} @ http://localhost:5173/src/modules/inbox/inbox.adapter.ts?t=1782372537569:319
[  581201ms] [LOG] [INBOX_COUNTS_APPROXIMATE_APPLIED] {bucketKey: all_messages, counts_source: visible_rows_approximate, count_preserved_reason: fallback_thread_source_visible_rows_approximate} @ http://localhost:5173/src/modules/inbox/inbox.adapter.ts?t=1782372537569:926
[  581201ms] [LOG] [useInboxData] refresh complete {bucketKey: all_messages, rowCount: 25, totalCount: 25, dataMode: live} @ http://localhost:5173/src/modules/inbox/inbox.adapter.ts?t=1782372537569:986
[  583441ms] [LOG] [BACKEND_API_RESPONSE] {status: 200, ok: true, bodyCount: 5, bodyCountPath: messages, durationMs: 3806} @ http://localhost:5173/src/lib/api/backendClient.ts:245
[  583441ms] [LOG] [DATA_LAYER_QUERY_DONE] {name: /api/cockpit/inbox/thread-messages?thread_key=ct%3…6b62210867a0&owner_id=mo_04978250901b6b62210867a0, durationMs: 3806, transport: backend, status: 200, ok: true} @ http://localhost:5173/src/lib/data/dashboardDataLayer.ts:22
[  583442ms] [LOG] [THREAD_MESSAGE_LOOKUP] {selected_thread_key: ct:phone:+17702033651, conversation_thread_id: ct:phone:+17702033651, canonical_e164: +17702033651, lookup_strategy_used: latest_message_id_exact+thread_key=canonical_e164+…hone+master_owner_id+from_phone+legacy_thread_key, message_count: 5} @ http://localhost:5173/src/lib/data/inboxData.ts?t=1782371831900:2886
[  583443ms] [LOG] [CACHE_COMMIT_DONE] {name: dashboard_messages, durationMs: 0, source: thread_messages, threadId: ct:phone:+17702033651, incoming: 5} @ http://localhost:5173/src/lib/data/dashboardDataLayer.ts:63
[  583443ms] [LOG] [HYDRATION_PHASE_DONE] {name: messages, durationMs: 3818, phase: messages, threadKey: ct:phone:+17702033651, messages: 5} @ http://localhost:5173/src/lib/data/dashboardDataLayer.ts:50
[  583444ms] [LOG] [MESSAGES_FETCH_DONE] ct:phone:+17702033651 5 3819ms @ http://localhost:5173/src/modules/inbox/InboxPage.tsx?t=1782373121627:1747
[  583444ms] [LOG] [MESSAGES_FETCH_SLOW] ct:phone:+17702033651 {durationMs: 3819, endpoint: /api/cockpit/inbox/thread-messages, status: completed} @ http://localhost:5173/src/modules/inbox/InboxPage.tsx?t=1782373121627:1749
[  583444ms] [LOG] [MESSAGES_COMMIT] ct:phone:+17702033651 5 @ http://localhost:5173/src/modules/inbox/InboxPage.tsx?t=1782373121627:1777
[  583445ms] [LOG] [THREAD_CONTEXT_DONE] {threadKey: +17702033651, propertyId: 238384554, prospectId: pros0_d305cae46e6f6112d49f6ee9, masterOwnerId: mo_04978250901b6b62210867a0, coordsResolved: false} @ http://localhost:5173/src/modules/inbox/InboxPage.tsx?t=1782373121627:1834
[  583445ms] [LOG] [THREAD_CONTEXT_COMMIT] +17702033651 @ http://localhost:5173/src/modules/inbox/InboxPage.tsx?t=1782373121627:1843
[  585381ms] [LOG] [DATA_LAYER_QUERY_START] {name: /api/cockpit/queue/control, startedAt: 585351.5999999996, transport: backend, url: /api/cockpit/queue/control, method: GET} @ http://localhost:5173/src/lib/data/dashboardDataLayer.ts:14
[  585381ms] [LOG] [BACKEND_API_CALL] {url: /api/cockpit/queue/control, path: /api/cockpit/queue/control, method: GET} @ http://localhost:5173/src/lib/api/backendClient.ts:190
[  586953ms] [LOG] [BACKEND_API_RESPONSE] {status: 200, ok: true, bodyCount: null, bodyCountPath: null, durationMs: 1572} @ http://localhost:5173/src/lib/api/backendClient.ts:245
[  586953ms] [LOG] [DATA_LAYER_QUERY_DONE] {name: /api/cockpit/queue/control, durationMs: 1572, transport: backend, status: 200, ok: true} @ http://localhost:5173/src/lib/data/dashboardDataLayer.ts:22
[ 1562073ms] [LOG] [CACHE_COMMIT_DONE] {name: dashboard_connection_state, durationMs: 1, source: dashboard_connection_state, connectionState: degraded_polling, reason: subscribe_status} @ http://localhost:5173/src/lib/data/dashboardDataLayer.ts:63
[ 1562073ms] [LOG] [INBOX_REALTIME_STATUS] {status: CHANNEL_ERROR, normalizedStatus: error, connectionState: degraded_polling, fallbackMode: polling} @ http://localhost:5173/src/modules/inbox/inbox.adapter.ts?t=1782372537569:1367
[ 1562074ms] [WARNING] [REALTIME_FALLBACK_POLLING] {reason: subscribe_status, status: CHANNEL_ERROR, normalizedStatus: error, connectionState: degraded_polling, fallbackMode: polling} @ http://localhost:5173/src/lib/data/dashboardDataLayer.ts:72
[ 1562074ms] [WARNING] [INBOX_REALTIME_DEGRADED] {reason: subscribe_status, status: CHANNEL_ERROR, fallbackMode: polling} @ http://localhost:5173/src/modules/inbox/inbox.adapter.ts?t=1782372537569:1380
[ 1565035ms] [LOG] [CACHE_COMMIT_DONE] {name: dashboard_connection_state, durationMs: 0, source: dashboard_connection_state, connectionState: live, reason: subscribe_status} @ http://localhost:5173/src/lib/data/dashboardDataLayer.ts:63
[ 1565035ms] [LOG] [INBOX_REALTIME_STATUS] {status: SUBSCRIBED, normalizedStatus: connected, connectionState: live, fallbackMode: realtime} @ http://localhost:5173/src/modules/inbox/inbox.adapter.ts?t=1782372537569:1367
[ 3187573ms] [LOG] [dashboard boot] live inbox fetch started {options: Object, filterKey: all_messages, timeoutMode: manual_bucket_switch, timeoutMs: 8000} @ http://localhost:5173/src/modules/inbox/inbox.adapter.ts?t=1782372537569:248
[ 3187575ms] [LOG] [VIEW_MODEL_LOAD_START] {viewModel: inbox_threads_view, startedAt: 3187545.8999999994, view: all_messages, filter: all, limit: 100} @ http://localhost:5173/src/lib/data/dashboardDataLayer.ts:26
[ 3187576ms] [LOG] [INBOX_API_REQUEST] {url: /api/cockpit/inbox/live?filter=all&direction=all&c…limit=100&map=0&timeout_mode=manual_bucket_switch, filter: all, timeoutMode: manual_bucket_switch, refreshReason: null} @ http://localhost:5173/src/lib/data/inboxData.ts?t=1782371831900:1423
[ 3187579ms] [LOG] [DATA_LAYER_QUERY_START] {name: /api/cockpit/inbox/live?filter=all&direction=all&c…limit=100&map=0&timeout_mode=manual_bucket_switch, startedAt: 3187547.8999999994, transport: backend, url: /api/cockpit/inbox/live?filter=all&direction=all&c…limit=100&map=0&timeout_mode=manual_bucket_switch, method: GET} @ http://localhost:5173/src/lib/data/dashboardDataLayer.ts:14
[ 3187580ms] [LOG] [BACKEND_API_CALL] {url: /api/cockpit/inbox/live?filter=all&direction=all&c…limit=100&map=0&timeout_mode=manual_bucket_switch, path: /api/cockpit/inbox/live?filter=all&direction=all&c…limit=100&map=0&timeout_mode=manual_bucket_switch, method: GET} @ http://localhost:5173/src/lib/api/backendClient.ts:190
[ 3195580ms] [WARNING] [BACKEND_API_RESPONSE] {status: null, ok: false, bodyCount: null, bodyCountPath: null, durationMs: 8002} @ http://localhost:5173/src/lib/api/backendClient.ts:208
[ 3195581ms] [LOG] [DATA_LAYER_QUERY_DONE] {name: /api/cockpit/inbox/live?filter=all&direction=all&c…limit=100&map=0&timeout_mode=manual_bucket_switch, durationMs: 8004, transport: backend, status: null, ok: false} @ http://localhost:5173/src/lib/data/dashboardDataLayer.ts:22
[ 3195581ms] [LOG] [INBOX_API_RESPONSE] {url: /api/cockpit/inbox/live?filter=all&direction=all&c…limit=100&map=0&timeout_mode=manual_bucket_switch, status: 502, ok: false, responseBodyCount: 0, responseBodyPath: null} @ http://localhost:5173/src/lib/data/inboxData.ts?t=1782371831900:1433
[ 3195583ms] [WARNING] [VIEW_MODEL_LOAD_DONE] {name: inbox_threads_view, durationMs: 8008, viewModel: inbox_threads_view, ok: false, error: Live inbox API failed (502): Network error calling…l_bucket_switch: signal is aborted without reason} @ http://localhost:5173/src/lib/data/dashboardDataLayer.ts:40
[ 3195584ms] [WARNING] [INBOX_TIMEOUT_HIT] {filterKey: all_messages, timeoutMode: manual_bucket_switch, timeoutMs: 8000, liveFetchError: Live Inbox request timed out after 8000ms (manual_bucket_switch)} @ http://localhost:5173/src/modules/inbox/inbox.adapter.ts?t=1782372537569:334
[ 3195585ms] [ERROR] [NEXUS] Inbox live load failed. {filterKey: all_messages, error: Error: Live Inbox request timed out after 8000ms (manual_bucket_switch)
    at withTimeout (http://…} @ http://localhost:5173/src/modules/inbox/inbox.adapter.ts?t=1782372537569:342
[ 3195588ms] [WARNING] [INBOX_DEGRADED_ROWS_COMMITTED] {bucketKey: all_messages, rowCount: 25, dataMode: fallback_error, liveFetchError: Live Inbox request timed out after 8000ms (manual_bucket_switch)} @ http://localhost:5173/src/modules/inbox/inbox.adapter.ts?t=1782372537569:854
[ 3195588ms] [LOG] [INBOX_COUNTS_APPROXIMATE_APPLIED] {bucketKey: all_messages, counts_source: visible_rows_approximate, count_preserved_reason: fallback_thread_source_visible_rows_approximate} @ http://localhost:5173/src/modules/inbox/inbox.adapter.ts?t=1782372537569:926
[ 3195589ms] [LOG] [useInboxData] refresh complete {bucketKey: all_messages, rowCount: 25, totalCount: 25, dataMode: fallback_error} @ http://localhost:5173/src/modules/inbox/inbox.adapter.ts?t=1782372537569:986
[ 3199860ms] [LOG] [DATA_LAYER_QUERY_START] {name: /api/cockpit/queue/control, startedAt: 3199830.5999999996, transport: backend, url: /api/cockpit/queue/control, method: GET} @ http://localhost:5173/src/lib/data/dashboardDataLayer.ts:14
[ 3199860ms] [LOG] [BACKEND_API_CALL] {url: /api/cockpit/queue/control, path: /api/cockpit/queue/control, method: GET} @ http://localhost:5173/src/lib/api/backendClient.ts:190
[ 3207863ms] [LOG] [BACKEND_API_RESPONSE] {status: 200, ok: true, bodyCount: null, bodyCountPath: null, durationMs: 8003} @ http://localhost:5173/src/lib/api/backendClient.ts:245
[ 3207864ms] [LOG] [DATA_LAYER_QUERY_DONE] {name: /api/cockpit/queue/control, durationMs: 8004, transport: backend, status: 200, ok: true} @ http://localhost:5173/src/lib/data/dashboardDataLayer.ts:22
[ 3485229ms] [LOG] [dashboard boot] live inbox fetch started {options: Object, filterKey: all_messages, timeoutMode: manual_bucket_switch, timeoutMs: 8000} @ http://localhost:5173/src/modules/inbox/inbox.adapter.ts?t=1782372537569:248
[ 3485230ms] [LOG] [VIEW_MODEL_LOAD_START] {viewModel: inbox_threads_view, startedAt: 3485200.5999999996, view: all_messages, filter: all, limit: 100} @ http://localhost:5173/src/lib/data/dashboardDataLayer.ts:26
[ 3485231ms] [LOG] [INBOX_API_REQUEST] {url: /api/cockpit/inbox/live?filter=all&direction=all&c…limit=100&map=0&timeout_mode=manual_bucket_switch, filter: all, timeoutMode: manual_bucket_switch, refreshReason: null} @ http://localhost:5173/src/lib/data/inboxData.ts?t=1782371831900:1423
[ 3485231ms] [LOG] [DATA_LAYER_QUERY_START] {name: /api/cockpit/inbox/live?filter=all&direction=all&c…limit=100&map=0&timeout_mode=manual_bucket_switch, startedAt: 3485201.8999999994, transport: backend, url: /api/cockpit/inbox/live?filter=all&direction=all&c…limit=100&map=0&timeout_mode=manual_bucket_switch, method: GET} @ http://localhost:5173/src/lib/data/dashboardDataLayer.ts:14
[ 3485231ms] [LOG] [BACKEND_API_CALL] {url: /api/cockpit/inbox/live?filter=all&direction=all&c…limit=100&map=0&timeout_mode=manual_bucket_switch, path: /api/cockpit/inbox/live?filter=all&direction=all&c…limit=100&map=0&timeout_mode=manual_bucket_switch, method: GET} @ http://localhost:5173/src/lib/api/backendClient.ts:190
[ 3486650ms] [LOG] [BACKEND_API_RESPONSE] {status: 200, ok: true, bodyCount: 100, bodyCountPath: threads, durationMs: 1419} @ http://localhost:5173/src/lib/api/backendClient.ts:245
[ 3486650ms] [LOG] [DATA_LAYER_QUERY_DONE] {name: /api/cockpit/inbox/live?filter=all&direction=all&c…limit=100&map=0&timeout_mode=manual_bucket_switch, durationMs: 1419, transport: backend, status: 200, ok: true} @ http://localhost:5173/src/lib/data/dashboardDataLayer.ts:22
[ 3486651ms] [LOG] [INBOX_API_RESPONSE] {url: /api/cockpit/inbox/live?filter=all&direction=all&c…limit=100&map=0&timeout_mode=manual_bucket_switch, status: 200, ok: true, responseBodyCount: 100, responseBodyPath: threads} @ http://localhost:5173/src/lib/data/inboxData.ts?t=1782371831900:1433
[ 3486701ms] [LOG] [VIEW_MODEL_LOAD_DONE] {name: inbox_threads_view, durationMs: 1471, viewModel: inbox_threads_view, ok: true, view: all_messages} @ http://localhost:5173/src/lib/data/dashboardDataLayer.ts:33
[ 3486734ms] [LOG] [CACHE_COMMIT_DONE] {name: dashboard_threads, durationMs: 31, source: getInboxRowsForView, rows: 100, threads: 100} @ http://localhost:5173/src/lib/data/dashboardDataLayer.ts:63
[ 3486736ms] [LOG] [HYDRATION_PHASE_DONE] {name: thread_shell, durationMs: 1506, phase: thread_shell, view: all_messages, rows: 100} @ http://localhost:5173/src/lib/data/dashboardDataLayer.ts:50
[ 3486736ms] [LOG] [Inbox] live inbox success {threads: 100, counts: Object} @ http://localhost:5173/src/lib/data/inboxData.ts?t=1782371831900:1842
[ 3486736ms] [LOG] [Inbox] source endpoint /api/cockpit/inbox/live @ http://localhost:5173/src/lib/data/inboxData.ts?t=1782371831900:1851
[ 3486736ms] [LOG] [Inbox] raw sample {thread_key: +17702033651, canonical_thread_key: +17702033651, canonical_e164: +17702033651, seller_phone: +17702033651, display_phone: +17702033651} @ http://localhost:5173/src/lib/data/inboxData.ts?t=1782371831900:1852
[ 3486736ms] [LOG] [Inbox] normalized sample {thread_key: +17702033651, canonical_thread_key: +17702033651, canonical_e164: +17702033651, seller_phone: +17702033651, display_phone: +17702033651} @ http://localhost:5173/src/lib/data/inboxData.ts?t=1782371831900:1853
[ 3486737ms] [LOG] [Inbox] visible fields {ownerName: Donald & Linda Williams, propertyAddress: 4381 Sterling Forest Dr, Decatur, Ga 30034, latestMessageBody: Sorry about that, my system had an error. Are you open to a proposal on the property?, status: waiting, stage: not_contacted} @ http://localhost:5173/src/lib/data/inboxData.ts?t=1782371831900:1855
[ 3486737ms] [LOG] [InboxTiming] live_fetch_ms: 1508ms @ http://localhost:5173/src/lib/data/inboxData.ts?t=1782371831900:2302
[ 3486737ms] [LOG] [InboxTiming] lightweight_normalize_ms: 0ms (built-in) @ http://localhost:5173/src/lib/data/inboxData.ts?t=1782371831900:2303
[ 3486738ms] [LOG] [fetchInboxModel] using counts embedded in live response @ http://localhost:5173/src/lib/data/inboxData.ts?t=1782371831900:2380
[ 3486738ms] [LOG] [InboxTiming] total_fetch_model_ms: 1508ms @ http://localhost:5173/src/lib/data/inboxData.ts?t=1782371831900:2397
[ 3486739ms] [LOG] [dashboard boot] live inbox fetch success {filterKey: all_messages, count: 100} @ http://localhost:5173/src/modules/inbox/inbox.adapter.ts?t=1782372537569:319
[ 3486740ms] [LOG] [useInboxData] refresh complete {bucketKey: all_messages, rowCount: 100, totalCount: 0, dataMode: live} @ http://localhost:5173/src/modules/inbox/inbox.adapter.ts?t=1782372537569:986
[ 3486740ms] [LOG] [DATA_LAYER_QUERY_START] {name: /api/cockpit/inbox/counts, startedAt: 3486710.7, transport: backend, url: /api/cockpit/inbox/counts, method: GET} @ http://localhost:5173/src/lib/data/dashboardDataLayer.ts:14
[ 3486740ms] [LOG] [BACKEND_API_CALL] {url: /api/cockpit/inbox/counts, path: /api/cockpit/inbox/counts, method: GET} @ http://localhost:5173/src/lib/api/backendClient.ts:190
[ 3487371ms] [LOG] [INBOX_BUCKET_ROWS] {bucket: all_messages, count: 100, firstThreadKey: +17702033651, firstLatestAt: 2026-06-25T02:18:05.817Z} @ http://localhost:5173/src/modules/inbox/components/InboxSidebar.tsx?t=1782372537569:2194
[ 3487511ms] [LOG] [BACKEND_API_RESPONSE] {status: 200, ok: true, bodyCount: null, bodyCountPath: null, durationMs: 771} @ http://localhost:5173/src/lib/api/backendClient.ts:245
[ 3487511ms] [LOG] [DATA_LAYER_QUERY_DONE] {name: /api/cockpit/inbox/counts, durationMs: 771, transport: backend, status: 200, ok: true} @ http://localhost:5173/src/lib/data/dashboardDataLayer.ts:22
[ 3491632ms] [LOG] [DATA_LAYER_QUERY_START] {name: /api/cockpit/queue/control, startedAt: 3491602.3999999994, transport: backend, url: /api/cockpit/queue/control, method: GET} @ http://localhost:5173/src/lib/data/dashboardDataLayer.ts:14
[ 3491632ms] [LOG] [BACKEND_API_CALL] {url: /api/cockpit/queue/control, path: /api/cockpit/queue/control, method: GET} @ http://localhost:5173/src/lib/api/backendClient.ts:190
[ 3492107ms] [LOG] [BACKEND_API_RESPONSE] {status: 200, ok: true, bodyCount: null, bodyCountPath: null, durationMs: 475} @ http://localhost:5173/src/lib/api/backendClient.ts:245
[ 3492107ms] [LOG] [DATA_LAYER_QUERY_DONE] {name: /api/cockpit/queue/control, durationMs: 476, transport: backend, status: 200, ok: true} @ http://localhost:5173/src/lib/data/dashboardDataLayer.ts:22
[ 3505502ms] [LOG] [dashboard boot] live inbox fetch started {options: Object, filterKey: all_messages, timeoutMode: manual_bucket_switch, timeoutMs: 8000} @ http://localhost:5173/src/modules/inbox/inbox.adapter.ts?t=1782372537569:248
[ 3505503ms] [LOG] [VIEW_MODEL_LOAD_START] {viewModel: inbox_threads_view, startedAt: 3505473.7, view: all_messages, filter: all, limit: 100} @ http://localhost:5173/src/lib/data/dashboardDataLayer.ts:26
[ 3505504ms] [LOG] [INBOX_API_REQUEST] {url: /api/cockpit/inbox/live?filter=all&direction=all&c…limit=100&map=0&timeout_mode=manual_bucket_switch, filter: all, timeoutMode: manual_bucket_switch, refreshReason: null} @ http://localhost:5173/src/lib/data/inboxData.ts?t=1782371831900:1423
[ 3505504ms] [LOG] [DATA_LAYER_QUERY_START] {name: /api/cockpit/inbox/live?filter=all&direction=all&c…limit=100&map=0&timeout_mode=manual_bucket_switch, startedAt: 3505474.8999999994, transport: backend, url: /api/cockpit/inbox/live?filter=all&direction=all&c…limit=100&map=0&timeout_mode=manual_bucket_switch, method: GET} @ http://localhost:5173/src/lib/data/dashboardDataLayer.ts:14
[ 3505504ms] [LOG] [BACKEND_API_CALL] {url: /api/cockpit/inbox/live?filter=all&direction=all&c…limit=100&map=0&timeout_mode=manual_bucket_switch, path: /api/cockpit/inbox/live?filter=all&direction=all&c…limit=100&map=0&timeout_mode=manual_bucket_switch, method: GET} @ http://localhost:5173/src/lib/api/backendClient.ts:190
[ 3506685ms] [LOG] [BACKEND_API_RESPONSE] {status: 200, ok: true, bodyCount: 100, bodyCountPath: threads, durationMs: 1181} @ http://localhost:5173/src/lib/api/backendClient.ts:245
[ 3506686ms] [LOG] [DATA_LAYER_QUERY_DONE] {name: /api/cockpit/inbox/live?filter=all&direction=all&c…limit=100&map=0&timeout_mode=manual_bucket_switch, durationMs: 1182, transport: backend, status: 200, ok: true} @ http://localhost:5173/src/lib/data/dashboardDataLayer.ts:22
[ 3506686ms] [LOG] [INBOX_API_RESPONSE] {url: /api/cockpit/inbox/live?filter=all&direction=all&c…limit=100&map=0&timeout_mode=manual_bucket_switch, status: 200, ok: true, responseBodyCount: 100, responseBodyPath: threads} @ http://localhost:5173/src/lib/data/inboxData.ts?t=1782371831900:1433
[ 3506716ms] [LOG] [VIEW_MODEL_LOAD_DONE] {name: inbox_threads_view, durationMs: 1213, viewModel: inbox_threads_view, ok: true, view: all_messages} @ http://localhost:5173/src/lib/data/dashboardDataLayer.ts:33
[ 3506746ms] [LOG] [CACHE_COMMIT_DONE] {name: dashboard_threads, durationMs: 30, source: getInboxRowsForView, rows: 100, threads: 100} @ http://localhost:5173/src/lib/data/dashboardDataLayer.ts:63
[ 3506746ms] [LOG] [HYDRATION_PHASE_DONE] {name: thread_shell, durationMs: 1243, phase: thread_shell, view: all_messages, rows: 100} @ http://localhost:5173/src/lib/data/dashboardDataLayer.ts:50
[ 3506746ms] [LOG] [Inbox] live inbox success {threads: 100, counts: Object} @ http://localhost:5173/src/lib/data/inboxData.ts?t=1782371831900:1842
[ 3506746ms] [LOG] [Inbox] source endpoint /api/cockpit/inbox/live @ http://localhost:5173/src/lib/data/inboxData.ts?t=1782371831900:1851
[ 3506746ms] [LOG] [Inbox] raw sample {thread_key: +17702033651, canonical_thread_key: +17702033651, canonical_e164: +17702033651, seller_phone: +17702033651, display_phone: +17702033651} @ http://localhost:5173/src/lib/data/inboxData.ts?t=1782371831900:1852
[ 3506747ms] [LOG] [Inbox] normalized sample {thread_key: +17702033651, canonical_thread_key: +17702033651, canonical_e164: +17702033651, seller_phone: +17702033651, display_phone: +17702033651} @ http://localhost:5173/src/lib/data/inboxData.ts?t=1782371831900:1853
[ 3506747ms] [LOG] [Inbox] visible fields {ownerName: Donald & Linda Williams, propertyAddress: 4381 Sterling Forest Dr, Decatur, Ga 30034, latestMessageBody: Sorry about that, my system had an error. Are you open to a proposal on the property?, status: waiting, stage: not_contacted} @ http://localhost:5173/src/lib/data/inboxData.ts?t=1782371831900:1855
[ 3506747ms] [LOG] [InboxTiming] live_fetch_ms: 1244ms @ http://localhost:5173/src/lib/data/inboxData.ts?t=1782371831900:2302
[ 3506747ms] [LOG] [InboxTiming] lightweight_normalize_ms: 0ms (built-in) @ http://localhost:5173/src/lib/data/inboxData.ts?t=1782371831900:2303
[ 3506747ms] [LOG] [fetchInboxModel] using counts embedded in live response @ http://localhost:5173/src/lib/data/inboxData.ts?t=1782371831900:2380
[ 3506747ms] [LOG] [InboxTiming] total_fetch_model_ms: 1245ms @ http://localhost:5173/src/lib/data/inboxData.ts?t=1782371831900:2397
[ 3506748ms] [LOG] [dashboard boot] live inbox fetch success {filterKey: all_messages, count: 100} @ http://localhost:5173/src/modules/inbox/inbox.adapter.ts?t=1782372537569:319
[ 3506749ms] [LOG] [useInboxData] refresh complete {bucketKey: all_messages, rowCount: 100, totalCount: 0, dataMode: live} @ http://localhost:5173/src/modules/inbox/inbox.adapter.ts?t=1782372537569:986
[ 3506749ms] [LOG] [DATA_LAYER_QUERY_START] {name: /api/cockpit/inbox/counts, startedAt: 3506719.5999999996, transport: backend, url: /api/cockpit/inbox/counts, method: GET} @ http://localhost:5173/src/lib/data/dashboardDataLayer.ts:14
[ 3506749ms] [LOG] [BACKEND_API_CALL] {url: /api/cockpit/inbox/counts, path: /api/cockpit/inbox/counts, method: GET} @ http://localhost:5173/src/lib/api/backendClient.ts:190
[ 3507278ms] [LOG] [BACKEND_API_RESPONSE] {status: 200, ok: true, bodyCount: null, bodyCountPath: null, durationMs: 529} @ http://localhost:5173/src/lib/api/backendClient.ts:245
[ 3507278ms] [LOG] [DATA_LAYER_QUERY_DONE] {name: /api/cockpit/inbox/counts, durationMs: 530, transport: backend, status: 200, ok: true} @ http://localhost:5173/src/lib/data/dashboardDataLayer.ts:22
[ 3511130ms] [LOG] [DATA_LAYER_QUERY_START] {name: /api/cockpit/queue/control, startedAt: 3511100.7, transport: backend, url: /api/cockpit/queue/control, method: GET} @ http://localhost:5173/src/lib/data/dashboardDataLayer.ts:14
[ 3511130ms] [LOG] [BACKEND_API_CALL] {url: /api/cockpit/queue/control, path: /api/cockpit/queue/control, method: GET} @ http://localhost:5173/src/lib/api/backendClient.ts:190
[ 3511622ms] [LOG] [BACKEND_API_RESPONSE] {status: 200, ok: true, bodyCount: null, bodyCountPath: null, durationMs: 492} @ http://localhost:5173/src/lib/api/backendClient.ts:245
[ 3511623ms] [LOG] [DATA_LAYER_QUERY_DONE] {name: /api/cockpit/queue/control, durationMs: 493, transport: backend, status: 200, ok: true} @ http://localhost:5173/src/lib/data/dashboardDataLayer.ts:22
[ 3850502ms] [LOG] [dashboard boot] live inbox fetch started {options: Object, filterKey: all_messages, timeoutMode: manual_bucket_switch, timeoutMs: 8000} @ http://localhost:5173/src/modules/inbox/inbox.adapter.ts?t=1782372537569:248
[ 3850503ms] [LOG] [VIEW_MODEL_LOAD_START] {viewModel: inbox_threads_view, startedAt: 3850473.5999999996, view: all_messages, filter: all, limit: 100} @ http://localhost:5173/src/lib/data/dashboardDataLayer.ts:26
[ 3850504ms] [LOG] [INBOX_API_REQUEST] {url: /api/cockpit/inbox/live?filter=all&direction=all&c…limit=100&map=0&timeout_mode=manual_bucket_switch, filter: all, timeoutMode: manual_bucket_switch, refreshReason: null} @ http://localhost:5173/src/lib/data/inboxData.ts?t=1782371831900:1423
[ 3850504ms] [LOG] [DATA_LAYER_QUERY_START] {name: /api/cockpit/inbox/live?filter=all&direction=all&c…limit=100&map=0&timeout_mode=manual_bucket_switch, startedAt: 3850475, transport: backend, url: /api/cockpit/inbox/live?filter=all&direction=all&c…limit=100&map=0&timeout_mode=manual_bucket_switch, method: GET} @ http://localhost:5173/src/lib/data/dashboardDataLayer.ts:14
[ 3850505ms] [LOG] [BACKEND_API_CALL] {url: /api/cockpit/inbox/live?filter=all&direction=all&c…limit=100&map=0&timeout_mode=manual_bucket_switch, path: /api/cockpit/inbox/live?filter=all&direction=all&c…limit=100&map=0&timeout_mode=manual_bucket_switch, method: GET} @ http://localhost:5173/src/lib/api/backendClient.ts:190
[ 3852226ms] [LOG] [BACKEND_API_RESPONSE] {status: 200, ok: true, bodyCount: 100, bodyCountPath: threads, durationMs: 1722} @ http://localhost:5173/src/lib/api/backendClient.ts:245
[ 3852226ms] [LOG] [DATA_LAYER_QUERY_DONE] {name: /api/cockpit/inbox/live?filter=all&direction=all&c…limit=100&map=0&timeout_mode=manual_bucket_switch, durationMs: 1722, transport: backend, status: 200, ok: true} @ http://localhost:5173/src/lib/data/dashboardDataLayer.ts:22
[ 3852227ms] [LOG] [INBOX_API_RESPONSE] {url: /api/cockpit/inbox/live?filter=all&direction=all&c…limit=100&map=0&timeout_mode=manual_bucket_switch, status: 200, ok: true, responseBodyCount: 100, responseBodyPath: threads} @ http://localhost:5173/src/lib/data/inboxData.ts?t=1782371831900:1433
[ 3852271ms] [LOG] [VIEW_MODEL_LOAD_DONE] {name: inbox_threads_view, durationMs: 1768, viewModel: inbox_threads_view, ok: true, view: all_messages} @ http://localhost:5173/src/lib/data/dashboardDataLayer.ts:33
[ 3852306ms] [LOG] [CACHE_COMMIT_DONE] {name: dashboard_threads, durationMs: 34, source: getInboxRowsForView, rows: 100, threads: 100} @ http://localhost:5173/src/lib/data/dashboardDataLayer.ts:63
[ 3852306ms] [LOG] [HYDRATION_PHASE_DONE] {name: thread_shell, durationMs: 1803, phase: thread_shell, view: all_messages, rows: 100} @ http://localhost:5173/src/lib/data/dashboardDataLayer.ts:50
[ 3852306ms] [LOG] [Inbox] live inbox success {threads: 100, counts: Object} @ http://localhost:5173/src/lib/data/inboxData.ts?t=1782371831900:1842
[ 3852307ms] [LOG] [Inbox] source endpoint /api/cockpit/inbox/live @ http://localhost:5173/src/lib/data/inboxData.ts?t=1782371831900:1851
[ 3852307ms] [LOG] [Inbox] raw sample {thread_key: +17702033651, canonical_thread_key: +17702033651, canonical_e164: +17702033651, seller_phone: +17702033651, display_phone: +17702033651} @ http://localhost:5173/src/lib/data/inboxData.ts?t=1782371831900:1852
[ 3852307ms] [LOG] [Inbox] normalized sample {thread_key: +17702033651, canonical_thread_key: +17702033651, canonical_e164: +17702033651, seller_phone: +17702033651, display_phone: +17702033651} @ http://localhost:5173/src/lib/data/inboxData.ts?t=1782371831900:1853
[ 3852307ms] [LOG] [Inbox] visible fields {ownerName: Donald & Linda Williams, propertyAddress: 4381 Sterling Forest Dr, Decatur, Ga 30034, latestMessageBody: Sorry about that, my system had an error. Are you open to a proposal on the property?, status: waiting, stage: not_contacted} @ http://localhost:5173/src/lib/data/inboxData.ts?t=1782371831900:1855
[ 3852307ms] [LOG] [InboxTiming] live_fetch_ms: 1805ms @ http://localhost:5173/src/lib/data/inboxData.ts?t=1782371831900:2302
[ 3852307ms] [LOG] [InboxTiming] lightweight_normalize_ms: 0ms (built-in) @ http://localhost:5173/src/lib/data/inboxData.ts?t=1782371831900:2303
[ 3852307ms] [LOG] [fetchInboxModel] using counts embedded in live response @ http://localhost:5173/src/lib/data/inboxData.ts?t=1782371831900:2380
[ 3852308ms] [LOG] [InboxTiming] total_fetch_model_ms: 1805ms @ http://localhost:5173/src/lib/data/inboxData.ts?t=1782371831900:2397
[ 3852309ms] [LOG] [dashboard boot] live inbox fetch success {filterKey: all_messages, count: 100} @ http://localhost:5173/src/modules/inbox/inbox.adapter.ts?t=1782372537569:319
[ 3852310ms] [LOG] [useInboxData] refresh complete {bucketKey: all_messages, rowCount: 100, totalCount: 0, dataMode: live} @ http://localhost:5173/src/modules/inbox/inbox.adapter.ts?t=1782372537569:986
[ 3852310ms] [LOG] [DATA_LAYER_QUERY_START] {name: /api/cockpit/inbox/counts, startedAt: 3852280.8999999994, transport: backend, url: /api/cockpit/inbox/counts, method: GET} @ http://localhost:5173/src/lib/data/dashboardDataLayer.ts:14
[ 3852310ms] [LOG] [BACKEND_API_CALL] {url: /api/cockpit/inbox/counts, path: /api/cockpit/inbox/counts, method: GET} @ http://localhost:5173/src/lib/api/backendClient.ts:190
[ 3852888ms] [LOG] [BACKEND_API_RESPONSE] {status: 200, ok: true, bodyCount: null, bodyCountPath: null, durationMs: 578} @ http://localhost:5173/src/lib/api/backendClient.ts:245
[ 3852888ms] [LOG] [DATA_LAYER_QUERY_DONE] {name: /api/cockpit/inbox/counts, durationMs: 578, transport: backend, status: 200, ok: true} @ http://localhost:5173/src/lib/data/dashboardDataLayer.ts:22
[ 3856715ms] [LOG] [DATA_LAYER_QUERY_START] {name: /api/cockpit/queue/control, startedAt: 3856686.0999999996, transport: backend, url: /api/cockpit/queue/control, method: GET} @ http://localhost:5173/src/lib/data/dashboardDataLayer.ts:14
[ 3856716ms] [LOG] [BACKEND_API_CALL] {url: /api/cockpit/queue/control, path: /api/cockpit/queue/control, method: GET} @ http://localhost:5173/src/lib/api/backendClient.ts:190
[ 3857046ms] [LOG] [BACKEND_API_RESPONSE] {status: 200, ok: true, bodyCount: null, bodyCountPath: null, durationMs: 331} @ http://localhost:5173/src/lib/api/backendClient.ts:245
[ 3857046ms] [LOG] [DATA_LAYER_QUERY_DONE] {name: /api/cockpit/queue/control, durationMs: 331, transport: backend, status: 200, ok: true} @ http://localhost:5173/src/lib/data/dashboardDataLayer.ts:22
[ 4146369ms] [ERROR] Failed to load resource: the server responded with a status of 500 (Internal Server Error) @ http://localhost:5173/src/modules/inbox/components/InboxKpiOrb.tsx?t=1782376689378:0
[ 4146370ms] [ERROR] [vite] Failed to reload /src/modules/inbox/components/InboxKpiOrb.tsx. This could be due to syntax errors or importing non-existent modules. (see errors above) @ http://localhost:5173/@vite/client:904
[ 4155913ms] [ERROR] Failed to load resource: the server responded with a status of 500 (Internal Server Error) @ http://localhost:5173/src/modules/inbox/components/InboxKpiOrb.tsx?t=1782376698950:0
[ 4155914ms] [ERROR] [vite] Failed to reload /src/modules/inbox/components/InboxKpiOrb.tsx. This could be due to syntax errors or importing non-existent modules. (see errors above) @ http://localhost:5173/@vite/client:904
[ 5213657ms] [LOG] [CACHE_COMMIT_DONE] {name: dashboard_connection_state, durationMs: 0, source: dashboard_connection_state, connectionState: degraded_polling, reason: subscribe_status} @ http://localhost:5173/src/lib/data/dashboardDataLayer.ts:63
[ 5213657ms] [LOG] [INBOX_REALTIME_STATUS] {status: CHANNEL_ERROR, normalizedStatus: error, connectionState: degraded_polling, fallbackMode: polling} @ http://localhost:5173/src/modules/inbox/inbox.adapter.ts?t=1782372537569:1367
[ 5213658ms] [WARNING] [REALTIME_FALLBACK_POLLING] {reason: subscribe_status, status: CHANNEL_ERROR, normalizedStatus: error, connectionState: degraded_polling, fallbackMode: polling} @ http://localhost:5173/src/lib/data/dashboardDataLayer.ts:72
[ 5213658ms] [WARNING] [INBOX_REALTIME_DEGRADED] {reason: subscribe_status, status: CHANNEL_ERROR, fallbackMode: polling} @ http://localhost:5173/src/modules/inbox/inbox.adapter.ts?t=1782372537569:1380
[ 5214623ms] [LOG] [dashboard boot] live inbox fetch started {options: Object, filterKey: all_messages, timeoutMode: auto_refresh, timeoutMs: 8000} @ http://localhost:5173/src/modules/inbox/inbox.adapter.ts?t=1782372537569:248
[ 5214623ms] [LOG] [VIEW_MODEL_LOAD_START] {viewModel: inbox_threads_view, startedAt: 5214593.8, view: all_messages, filter: all, limit: 100} @ http://localhost:5173/src/lib/data/dashboardDataLayer.ts:26
[ 5214624ms] [LOG] [INBOX_API_REQUEST] {url: /api/cockpit/inbox/live?filter=all&direction=all&c…mode=auto_refresh&refresh_reason=fallback_polling, filter: all, timeoutMode: auto_refresh, refreshReason: fallback_polling} @ http://localhost:5173/src/lib/data/inboxData.ts?t=1782371831900:1423
[ 5214624ms] [LOG] [DATA_LAYER_QUERY_START] {name: /api/cockpit/inbox/live?filter=all&direction=all&c…mode=auto_refresh&refresh_reason=fallback_polling, startedAt: 5214594.899999999, transport: backend, url: /api/cockpit/inbox/live?filter=all&direction=all&c…mode=auto_refresh&refresh_reason=fallback_polling, method: GET} @ http://localhost:5173/src/lib/data/dashboardDataLayer.ts:14
[ 5214624ms] [LOG] [BACKEND_API_CALL] {url: /api/cockpit/inbox/live?filter=all&direction=all&c…mode=auto_refresh&refresh_reason=fallback_polling, path: /api/cockpit/inbox/live?filter=all&direction=all&c…mode=auto_refresh&refresh_reason=fallback_polling, method: GET} @ http://localhost:5173/src/lib/api/backendClient.ts:190
[ 5216088ms] [LOG] [CACHE_COMMIT_DONE] {name: dashboard_connection_state, durationMs: 0, source: dashboard_connection_state, connectionState: live, reason: subscribe_status} @ http://localhost:5173/src/lib/data/dashboardDataLayer.ts:63
[ 5216088ms] [LOG] [INBOX_REALTIME_STATUS] {status: SUBSCRIBED, normalizedStatus: connected, connectionState: live, fallbackMode: realtime} @ http://localhost:5173/src/modules/inbox/inbox.adapter.ts?t=1782372537569:1367
[ 5216234ms] [LOG] [BACKEND_API_RESPONSE] {status: 200, ok: true, bodyCount: 100, bodyCountPath: threads, durationMs: 1610} @ http://localhost:5173/src/lib/api/backendClient.ts:245
[ 5216234ms] [LOG] [DATA_LAYER_QUERY_DONE] {name: /api/cockpit/inbox/live?filter=all&direction=all&c…mode=auto_refresh&refresh_reason=fallback_polling, durationMs: 1610, transport: backend, status: 200, ok: true} @ http://localhost:5173/src/lib/data/dashboardDataLayer.ts:22
[ 5216234ms] [LOG] [INBOX_API_RESPONSE] {url: /api/cockpit/inbox/live?filter=all&direction=all&c…mode=auto_refresh&refresh_reason=fallback_polling, status: 200, ok: true, responseBodyCount: 100, responseBodyPath: threads} @ http://localhost:5173/src/lib/data/inboxData.ts?t=1782371831900:1433
[ 5216283ms] [LOG] [VIEW_MODEL_LOAD_DONE] {name: inbox_threads_view, durationMs: 1660, viewModel: inbox_threads_view, ok: true, view: all_messages} @ http://localhost:5173/src/lib/data/dashboardDataLayer.ts:33
[ 5216308ms] [LOG] [CACHE_COMMIT_DONE] {name: dashboard_threads, durationMs: 25, source: getInboxRowsForView, rows: 100, threads: 100} @ http://localhost:5173/src/lib/data/dashboardDataLayer.ts:63
[ 5216309ms] [LOG] [HYDRATION_PHASE_DONE] {name: thread_shell, durationMs: 1686, phase: thread_shell, view: all_messages, rows: 100} @ http://localhost:5173/src/lib/data/dashboardDataLayer.ts:50
[ 5216310ms] [LOG] [Inbox] live inbox success {threads: 100, counts: Object} @ http://localhost:5173/src/lib/data/inboxData.ts?t=1782371831900:1842
[ 5216310ms] [LOG] [Inbox] source endpoint /api/cockpit/inbox/live @ http://localhost:5173/src/lib/data/inboxData.ts?t=1782371831900:1851
[ 5216310ms] [LOG] [Inbox] raw sample {thread_key: +17702033651, canonical_thread_key: +17702033651, canonical_e164: +17702033651, seller_phone: +17702033651, display_phone: +17702033651} @ http://localhost:5173/src/lib/data/inboxData.ts?t=1782371831900:1852
[ 5216311ms] [LOG] [Inbox] normalized sample {thread_key: +17702033651, canonical_thread_key: +17702033651, canonical_e164: +17702033651, seller_phone: +17702033651, display_phone: +17702033651} @ http://localhost:5173/src/lib/data/inboxData.ts?t=1782371831900:1853
[ 5216311ms] [LOG] [Inbox] visible fields {ownerName: Donald & Linda Williams, propertyAddress: 4381 Sterling Forest Dr, Decatur, Ga 30034, latestMessageBody: Sorry about that, my system had an error. Are you open to a proposal on the property?, status: waiting, stage: not_contacted} @ http://localhost:5173/src/lib/data/inboxData.ts?t=1782371831900:1855
[ 5216311ms] [LOG] [InboxTiming] live_fetch_ms: 1689ms @ http://localhost:5173/src/lib/data/inboxData.ts?t=1782371831900:2302
[ 5216311ms] [LOG] [InboxTiming] lightweight_normalize_ms: 0ms (built-in) @ http://localhost:5173/src/lib/data/inboxData.ts?t=1782371831900:2303
[ 5216312ms] [LOG] [fetchInboxModel] using counts embedded in live response @ http://localhost:5173/src/lib/data/inboxData.ts?t=1782371831900:2380
[ 5216312ms] [LOG] [InboxTiming] total_fetch_model_ms: 1690ms @ http://localhost:5173/src/lib/data/inboxData.ts?t=1782371831900:2397
[ 5216313ms] [LOG] [dashboard boot] live inbox fetch success {filterKey: all_messages, count: 100} @ http://localhost:5173/src/modules/inbox/inbox.adapter.ts?t=1782372537569:319
[ 5216314ms] [LOG] [useInboxData] refresh complete {bucketKey: all_messages, rowCount: 100, totalCount: 0, dataMode: live} @ http://localhost:5173/src/modules/inbox/inbox.adapter.ts?t=1782372537569:986
[ 5216314ms] [LOG] [DATA_LAYER_QUERY_START] {name: /api/cockpit/inbox/counts, startedAt: 5216285, transport: backend, url: /api/cockpit/inbox/counts, method: GET} @ http://localhost:5173/src/lib/data/dashboardDataLayer.ts:14
[ 5216314ms] [LOG] [BACKEND_API_CALL] {url: /api/cockpit/inbox/counts, path: /api/cockpit/inbox/counts, method: GET} @ http://localhost:5173/src/lib/api/backendClient.ts:190
[ 5216798ms] [LOG] [BACKEND_API_RESPONSE] {status: 200, ok: true, bodyCount: null, bodyCountPath: null, durationMs: 484} @ http://localhost:5173/src/lib/api/backendClient.ts:245
[ 5216799ms] [LOG] [DATA_LAYER_QUERY_DONE] {name: /api/cockpit/inbox/counts, durationMs: 484, transport: backend, status: 200, ok: true} @ http://localhost:5173/src/lib/data/dashboardDataLayer.ts:22
[ 5220737ms] [LOG] [DATA_LAYER_QUERY_START] {name: /api/cockpit/queue/control, startedAt: 5220707.399999999, transport: backend, url: /api/cockpit/queue/control, method: GET} @ http://localhost:5173/src/lib/data/dashboardDataLayer.ts:14
[ 5220737ms] [LOG] [BACKEND_API_CALL] {url: /api/cockpit/queue/control, path: /api/cockpit/queue/control, method: GET} @ http://localhost:5173/src/lib/api/backendClient.ts:190
[ 5221248ms] [LOG] [BACKEND_API_RESPONSE] {status: 200, ok: true, bodyCount: null, bodyCountPath: null, durationMs: 511} @ http://localhost:5173/src/lib/api/backendClient.ts:245
[ 5221248ms] [LOG] [DATA_LAYER_QUERY_DONE] {name: /api/cockpit/queue/control, durationMs: 511, transport: backend, status: 200, ok: true} @ http://localhost:5173/src/lib/data/dashboardDataLayer.ts:22
[ 5416006ms] [ERROR] [vite] ReferenceError: sharedPinPalette is not defined
    at http://localhost:5173/src/views/map/commandMapThemes.ts?t=1782377958860:316:15 @ http://localhost:5173/@vite/client:904
[ 5416006ms] [ERROR] [vite] Failed to reload /src/views/map/InboxCommandMap.tsx. This could be due to syntax errors or importing non-existent modules. (see errors above) @ http://localhost:5173/@vite/client:904
[ 5416007ms] [ERROR] [vite] ReferenceError: sharedPinPalette is not defined
    at http://localhost:5173/src/views/map/commandMapThemes.ts?t=1782377958860:316:15 @ http://localhost:5173/@vite/client:904
[ 5416007ms] [ERROR] [vite] Failed to reload /src/modules/deal-intelligence/DealIntelligenceMedia.tsx. This could be due to syntax errors or importing non-existent modules. (see errors above) @ http://localhost:5173/@vite/client:904
[ 5976836ms] [INFO] %cDownload the React DevTools for a better development experience: https://reactjs.org/link/react-devtools font-weight:bold @ http://localhost:5173/node_modules/.vite/deps/react-dom-D2bPC4jN.js?v=601e9e7c:17232
[ 5977458ms] [LOG] [BUCKET_SWITCH_RESET_SCROLL] {bucket: all_messages} @ http://localhost:5173/src/modules/inbox/components/InboxSidebar.tsx?t=1782378515933:2175
[ 5977459ms] [LOG] [INBOX_BUCKET_ROWS] {bucket: all_messages, count: 25, firstThreadKey: +17702033651, firstLatestAt: 2026-06-25T02:18:05.817Z} @ http://localhost:5173/src/modules/inbox/components/InboxSidebar.tsx?t=1782378515933:2194
[ 5977465ms] [LOG] [BACKEND_API] Local dev detected. Will use relative paths via proxy. @ http://localhost:5173/src/lib/api/backendClient.ts:17
[ 5977470ms] [LOG] [dashboard boot] live inbox fetch started {options: Object, filterKey: all_messages, timeoutMode: initial_boot, timeoutMs: 20000} @ http://localhost:5173/src/modules/inbox/inbox.adapter.ts?t=1782378515933:248
[ 5977473ms] [LOG] [VIEW_MODEL_LOAD_START] {viewModel: inbox_threads_view, startedAt: 4232.4000000003725, view: all_messages, filter: all, limit: 25} @ http://localhost:5173/src/lib/data/dashboardDataLayer.ts:26
[ 5977474ms] [LOG] [INBOX_API_REQUEST] {url: /api/cockpit/inbox/live?filter=all&direction=all&c…out_mode=initial_boot&refresh_reason=initial_boot, filter: all, timeoutMode: initial_boot, refreshReason: initial_boot} @ http://localhost:5173/src/lib/data/inboxData.ts?t=1782378515933:1423
[ 5977477ms] [LOG] [useInboxData] realtime subscriptions active @ http://localhost:5173/src/modules/inbox/inbox.adapter.ts?t=1782378515933:1387
[ 5977480ms] [LOG] [SMOOTH_THREAD_SELECT] {key: ct:phone:+17702033651, refetch: false} @ http://localhost:5173/src/modules/inbox/InboxPage.tsx?t=1782378515933:1725
[ 5977484ms] [LOG] [MESSAGES_FETCH_START] ct:phone:+17702033651 @ http://localhost:5173/src/modules/inbox/InboxPage.tsx?t=1782378515933:1737
[ 5977484ms] [LOG] [THREAD_CONTEXT_START] {threadKey: +17702033651, propertyId: 238384554, prospectId: pros0_d305cae46e6f6112d49f6ee9, ownerId: undefined} @ http://localhost:5173/src/modules/inbox/InboxPage.tsx?t=1782378515933:1813
[ 5977491ms] [LOG] [DATA_LAYER_QUERY_START] {name: /api/cockpit/inbox/thread-messages?thread_key=ct%3…384554&prospect_id=pros0_d305cae46e6f6112d49f6ee9, startedAt: 4251.700000000186, transport: backend, url: /api/cockpit/inbox/thread-messages?thread_key=ct%3…384554&prospect_id=pros0_d305cae46e6f6112d49f6ee9, method: GET} @ http://localhost:5173/src/lib/data/dashboardDataLayer.ts:14
[ 5977491ms] [LOG] [BACKEND_API_CALL] {url: /api/cockpit/inbox/thread-messages?thread_key=ct%3…384554&prospect_id=pros0_d305cae46e6f6112d49f6ee9, path: /api/cockpit/inbox/thread-messages?thread_key=ct%3…384554&prospect_id=pros0_d305cae46e6f6112d49f6ee9, method: GET} @ http://localhost:5173/src/lib/api/backendClient.ts:190
[ 5977494ms] [LOG] [DATA_LAYER_QUERY_START] {name: /api/cockpit/inbox/live?filter=all&direction=all&c…out_mode=initial_boot&refresh_reason=initial_boot, startedAt: 4254.200000000186, transport: backend, url: /api/cockpit/inbox/live?filter=all&direction=all&c…out_mode=initial_boot&refresh_reason=initial_boot, method: GET} @ http://localhost:5173/src/lib/data/dashboardDataLayer.ts:14
[ 5977494ms] [LOG] [BACKEND_API_CALL] {url: /api/cockpit/inbox/live?filter=all&direction=all&c…out_mode=initial_boot&refresh_reason=initial_boot, path: /api/cockpit/inbox/live?filter=all&direction=all&c…out_mode=initial_boot&refresh_reason=initial_boot, method: GET} @ http://localhost:5173/src/lib/api/backendClient.ts:190
[ 5978386ms] [LOG] [BACKEND_API_RESPONSE] {status: 200, ok: true, bodyCount: 5, bodyCountPath: messages, durationMs: 895} @ http://localhost:5173/src/lib/api/backendClient.ts:245
[ 5978386ms] [LOG] [DATA_LAYER_QUERY_DONE] {name: /api/cockpit/inbox/thread-messages?thread_key=ct%3…384554&prospect_id=pros0_d305cae46e6f6112d49f6ee9, durationMs: 895, transport: backend, status: 200, ok: true} @ http://localhost:5173/src/lib/data/dashboardDataLayer.ts:22
[ 5978389ms] [LOG] [THREAD_MESSAGE_LOOKUP] {selected_thread_key: ct:phone:+17702033651, conversation_thread_id: ct:phone:+17702033651, canonical_e164: +17702033651, lookup_strategy_used: thread_key=canonical_e164+to_phone_number=canonica…to_phone+property_id+from_phone+legacy_thread_key, message_count: 5} @ http://localhost:5173/src/lib/data/inboxData.ts?t=1782378515933:2886
[ 5978392ms] [LOG] [CACHE_COMMIT_DONE] {name: dashboard_messages, durationMs: 1, source: thread_messages, threadId: ct:phone:+17702033651, incoming: 5} @ http://localhost:5173/src/lib/data/dashboardDataLayer.ts:63
[ 5978394ms] [LOG] [HYDRATION_PHASE_DONE] {name: messages, durationMs: 913, phase: messages, threadKey: ct:phone:+17702033651, messages: 5} @ http://localhost:5173/src/lib/data/dashboardDataLayer.ts:50
[ 5978394ms] [LOG] [MESSAGES_FETCH_DONE] ct:phone:+17702033651 5 914ms @ http://localhost:5173/src/modules/inbox/InboxPage.tsx?t=1782378515933:1747
[ 5978395ms] [LOG] [MESSAGES_COMMIT] ct:phone:+17702033651 5 @ http://localhost:5173/src/modules/inbox/InboxPage.tsx?t=1782378515933:1777
[ 5978755ms] [LOG] [CACHE_COMMIT_DONE] {name: dashboard_connection_state, durationMs: 0, source: dashboard_connection_state, connectionState: live, reason: subscribe_status} @ http://localhost:5173/src/lib/data/dashboardDataLayer.ts:63
[ 5978755ms] [LOG] [INBOX_REALTIME_STATUS] {status: SUBSCRIBED, normalizedStatus: connected, connectionState: live, fallbackMode: realtime} @ http://localhost:5173/src/modules/inbox/inbox.adapter.ts?t=1782378515933:1367
[ 5978827ms] [LOG] [BACKEND_API_RESPONSE] {status: 200, ok: true, bodyCount: 25, bodyCountPath: threads, durationMs: 1333} @ http://localhost:5173/src/lib/api/backendClient.ts:245
[ 5978827ms] [LOG] [DATA_LAYER_QUERY_DONE] {name: /api/cockpit/inbox/live?filter=all&direction=all&c…out_mode=initial_boot&refresh_reason=initial_boot, durationMs: 1334, transport: backend, status: 200, ok: true} @ http://localhost:5173/src/lib/data/dashboardDataLayer.ts:22
[ 5978827ms] [LOG] [INBOX_API_RESPONSE] {url: /api/cockpit/inbox/live?filter=all&direction=all&c…out_mode=initial_boot&refresh_reason=initial_boot, status: 200, ok: true, responseBodyCount: 25, responseBodyPath: threads} @ http://localhost:5173/src/lib/data/inboxData.ts?t=1782378515933:1433
[ 5978839ms] [LOG] [VIEW_MODEL_LOAD_DONE] {name: inbox_threads_view, durationMs: 1367, viewModel: inbox_threads_view, ok: true, view: all_messages} @ http://localhost:5173/src/lib/data/dashboardDataLayer.ts:33
[ 5978845ms] [LOG] [CACHE_COMMIT_DONE] {name: dashboard_threads, durationMs: 6, source: getInboxRowsForView, rows: 25, threads: 25} @ http://localhost:5173/src/lib/data/dashboardDataLayer.ts:63
[ 5978846ms] [LOG] [HYDRATION_PHASE_DONE] {name: thread_shell, durationMs: 1374, phase: thread_shell, view: all_messages, rows: 25} @ http://localhost:5173/src/lib/data/dashboardDataLayer.ts:50
[ 5978846ms] [LOG] [Inbox] live inbox success {threads: 25, counts: Object} @ http://localhost:5173/src/lib/data/inboxData.ts?t=1782378515933:1842
[ 5978847ms] [LOG] [Inbox] source endpoint /api/cockpit/inbox/live @ http://localhost:5173/src/lib/data/inboxData.ts?t=1782378515933:1851
[ 5978847ms] [LOG] [Inbox] raw sample {thread_key: +17702033651, seller_phone: +17702033651, canonical_e164: +17702033651, master_owner_id: mo_04978250901b6b62210867a0, property_id: 238384554} @ http://localhost:5173/src/lib/data/inboxData.ts?t=1782378515933:1852
[ 5978848ms] [LOG] [Inbox] normalized sample {thread_key: +17702033651, seller_phone: +17702033651, canonical_e164: +17702033651, master_owner_id: mo_04978250901b6b62210867a0, property_id: 238384554} @ http://localhost:5173/src/lib/data/inboxData.ts?t=1782378515933:1853
[ 5978849ms] [LOG] [Inbox] visible fields {ownerName: Donald & Linda Williams, propertyAddress: 4381 Sterling Forest Dr, Decatur, Ga 30034, latestMessageBody: Sorry about that, my system had an error. Are you open to a proposal on the property?, status: waiting, stage: not_contacted} @ http://localhost:5173/src/lib/data/inboxData.ts?t=1782378515933:1855
[ 5978850ms] [LOG] [InboxTiming] live_fetch_ms: 1378ms @ http://localhost:5173/src/lib/data/inboxData.ts?t=1782378515933:2302
[ 5978850ms] [LOG] [InboxTiming] lightweight_normalize_ms: 0ms (built-in) @ http://localhost:5173/src/lib/data/inboxData.ts?t=1782378515933:2303
[ 5978850ms] [LOG] [fetchInboxModel] using counts embedded in live response @ http://localhost:5173/src/lib/data/inboxData.ts?t=1782378515933:2380
[ 5978851ms] [LOG] [InboxTiming] total_fetch_model_ms: 1379ms @ http://localhost:5173/src/lib/data/inboxData.ts?t=1782378515933:2397
[ 5978852ms] [LOG] [dashboard boot] live inbox fetch success {filterKey: all_messages, count: 25} @ http://localhost:5173/src/modules/inbox/inbox.adapter.ts?t=1782378515933:319
[ 5978852ms] [LOG] [INBOX_COUNTS_APPROXIMATE_APPLIED] {bucketKey: all_messages, counts_source: visible_rows_approximate, count_preserved_reason: fallback_thread_source_visible_rows_approximate} @ http://localhost:5173/src/modules/inbox/inbox.adapter.ts?t=1782378515933:926
[ 5978853ms] [LOG] [useInboxData] refresh complete {bucketKey: all_messages, rowCount: 25, totalCount: 25, dataMode: live} @ http://localhost:5173/src/modules/inbox/inbox.adapter.ts?t=1782378515933:986
[ 5979480ms] [LOG] [THREAD_CONTEXT_DONE] {threadKey: +17702033651, propertyId: 238384554, prospectId: pros0_d305cae46e6f6112d49f6ee9, masterOwnerId: null, coordsResolved: false} @ http://localhost:5173/src/modules/inbox/InboxPage.tsx?t=1782378515933:1834
[ 5979481ms] [LOG] [THREAD_CONTEXT_COMMIT] +17702033651 @ http://localhost:5173/src/modules/inbox/InboxPage.tsx?t=1782378515933:1843
[ 5980785ms] [ERROR] Permissions policy violation: accelerometer is not allowed in this document. @ https://maps.googleapis.com/maps-api-v3/api/js/65/5e/main.js:194
[ 5980789ms] [WARNING] The deviceorientation events are blocked by permissions policy. See https://github.com/w3c/webappsec-permissions-policy/blob/master/features.md#sensor-features @ https://maps.googleapis.com/maps-api-v3/api/js/65/5e/main.js:194
[ 5983154ms] [LOG] [DATA_LAYER_QUERY_START] {name: /api/cockpit/queue/control, startedAt: 9914.900000000373, transport: backend, url: /api/cockpit/queue/control, method: GET} @ http://localhost:5173/src/lib/data/dashboardDataLayer.ts:14
[ 5983155ms] [LOG] [BACKEND_API_CALL] {url: /api/cockpit/queue/control, path: /api/cockpit/queue/control, method: GET} @ http://localhost:5173/src/lib/api/backendClient.ts:190
[ 5983156ms] [LOG] [DATA_LAYER_QUERY_START] {name: /api/cockpit/queue/processor-health, startedAt: 9916.700000000186, transport: backend, url: /api/cockpit/queue/processor-health, method: GET} @ http://localhost:5173/src/lib/data/dashboardDataLayer.ts:14
[ 5983157ms] [LOG] [BACKEND_API_CALL] {url: /api/cockpit/queue/processor-health, path: /api/cockpit/queue/processor-health, method: GET} @ http://localhost:5173/src/lib/api/backendClient.ts:190
[ 5983527ms] [LOG] [BACKEND_API_RESPONSE] {status: 200, ok: true, bodyCount: null, bodyCountPath: null, durationMs: 371} @ http://localhost:5173/src/lib/api/backendClient.ts:245
[ 5983527ms] [LOG] [DATA_LAYER_QUERY_DONE] {name: /api/cockpit/queue/processor-health, durationMs: 371, transport: backend, status: 200, ok: true} @ http://localhost:5173/src/lib/data/dashboardDataLayer.ts:22
[ 5983628ms] [LOG] [BACKEND_API_RESPONSE] {status: 200, ok: true, bodyCount: null, bodyCountPath: null, durationMs: 474} @ http://localhost:5173/src/lib/api/backendClient.ts:245
[ 5983629ms] [LOG] [DATA_LAYER_QUERY_DONE] {name: /api/cockpit/queue/control, durationMs: 474, transport: backend, status: 200, ok: true} @ http://localhost:5173/src/lib/data/dashboardDataLayer.ts:22
[ 5985081ms] [LOG] [DATA_LAYER_QUERY_START] {name: /api/cockpit/templates/list?limit=800&includeInactive=true, startedAt: 11841.700000000186, transport: backend, url: /api/cockpit/templates/list?limit=800&includeInactive=true, method: GET} @ http://localhost:5173/src/lib/data/dashboardDataLayer.ts:14
[ 5985081ms] [LOG] [BACKEND_API_CALL] {url: /api/cockpit/templates/list?limit=800&includeInactive=true, path: /api/cockpit/templates/list?limit=800&includeInactive=true, method: GET} @ http://localhost:5173/src/lib/api/backendClient.ts:190
[ 5985082ms] [LOG] [DATA_LAYER_QUERY_START] {name: /api/cockpit/queue/page?page=0&pageSize=25&status=all&dateBasis=created_at, startedAt: 11843, transport: backend, url: /api/cockpit/queue/page?page=0&pageSize=25&status=all&dateBasis=created_at, method: GET} @ http://localhost:5173/src/lib/data/dashboardDataLayer.ts:14
[ 5985083ms] [LOG] [BACKEND_API_CALL] {url: /api/cockpit/queue/page?page=0&pageSize=25&status=all&dateBasis=created_at, path: /api/cockpit/queue/page?page=0&pageSize=25&status=all&dateBasis=created_at, method: GET} @ http://localhost:5173/src/lib/api/backendClient.ts:190
[ 5986033ms] [LOG] [BACKEND_API_RESPONSE] {status: 200, ok: true, bodyCount: 25, bodyCountPath: items, durationMs: 951} @ http://localhost:5173/src/lib/api/backendClient.ts:245
[ 5986033ms] [LOG] [DATA_LAYER_QUERY_DONE] {name: /api/cockpit/queue/page?page=0&pageSize=25&status=all&dateBasis=created_at, durationMs: 951, transport: backend, status: 200, ok: true} @ http://localhost:5173/src/lib/data/dashboardDataLayer.ts:22
[ 5986086ms] [LOG] [BACKEND_API_RESPONSE] {status: 200, ok: true, bodyCount: 500, bodyCountPath: total, durationMs: 1005} @ http://localhost:5173/src/lib/api/backendClient.ts:245
[ 5986087ms] [LOG] [DATA_LAYER_QUERY_DONE] {name: /api/cockpit/templates/list?limit=800&includeInactive=true, durationMs: 1006, transport: backend, status: 200, ok: true} @ http://localhost:5173/src/lib/data/dashboardDataLayer.ts:22
[ 5986087ms] [LOG] [templateData] sms_templates schema sample keys [id, template_id, is_active, use_case, stage_code, language, template_body, updated_at] @ http://localhost:5173/src/lib/data/templateData.ts:138
[ 6013158ms] [LOG] [DATA_LAYER_QUERY_START] {name: /api/cockpit/queue/processor-health, startedAt: 39918.10000000056, transport: backend, url: /api/cockpit/queue/processor-health, method: GET} @ http://localhost:5173/src/lib/data/dashboardDataLayer.ts:14
[ 6013159ms] [LOG] [BACKEND_API_CALL] {url: /api/cockpit/queue/processor-health, path: /api/cockpit/queue/processor-health, method: GET} @ http://localhost:5173/src/lib/api/backendClient.ts:190
[ 6013978ms] [LOG] [BACKEND_API_RESPONSE] {status: 200, ok: true, bodyCount: null, bodyCountPath: null, durationMs: 820} @ http://localhost:5173/src/lib/api/backendClient.ts:245
[ 6013978ms] [LOG] [DATA_LAYER_QUERY_DONE] {name: /api/cockpit/queue/processor-health, durationMs: 821, transport: backend, status: 200, ok: true} @ http://localhost:5173/src/lib/data/dashboardDataLayer.ts:22
[ 6030083ms] [LOG] [DATA_LAYER_QUERY_START] {name: /api/cockpit/queue/page?page=0&pageSize=25&status=all&dateBasis=created_at, startedAt: 56843.5, transport: backend, url: /api/cockpit/queue/page?page=0&pageSize=25&status=all&dateBasis=created_at, method: GET} @ http://localhost:5173/src/lib/data/dashboardDataLayer.ts:14
[ 6030083ms] [LOG] [BACKEND_API_CALL] {url: /api/cockpit/queue/page?page=0&pageSize=25&status=all&dateBasis=created_at, path: /api/cockpit/queue/page?page=0&pageSize=25&status=all&dateBasis=created_at, method: GET} @ http://localhost:5173/src/lib/api/backendClient.ts:190
[ 6030998ms] [LOG] [BACKEND_API_RESPONSE] {status: 200, ok: true, bodyCount: 25, bodyCountPath: items, durationMs: 915} @ http://localhost:5173/src/lib/api/backendClient.ts:245
[ 6030998ms] [LOG] [DATA_LAYER_QUERY_DONE] {name: /api/cockpit/queue/page?page=0&pageSize=25&status=all&dateBasis=created_at, durationMs: 916, transport: backend, status: 200, ok: true} @ http://localhost:5173/src/lib/data/dashboardDataLayer.ts:22
[ 6043158ms] [LOG] [DATA_LAYER_QUERY_START] {name: /api/cockpit/queue/processor-health, startedAt: 69918.40000000037, transport: backend, url: /api/cockpit/queue/processor-health, method: GET} @ http://localhost:5173/src/lib/data/dashboardDataLayer.ts:14
[ 6043158ms] [LOG] [BACKEND_API_CALL] {url: /api/cockpit/queue/processor-health, path: /api/cockpit/queue/processor-health, method: GET} @ http://localhost:5173/src/lib/api/backendClient.ts:190
[ 6043507ms] [LOG] [BACKEND_API_RESPONSE] {status: 200, ok: true, bodyCount: null, bodyCountPath: null, durationMs: 349} @ http://localhost:5173/src/lib/api/backendClient.ts:245
[ 6043507ms] [LOG] [DATA_LAYER_QUERY_DONE] {name: /api/cockpit/queue/processor-health, durationMs: 350, transport: backend, status: 200, ok: true} @ http://localhost:5173/src/lib/data/dashboardDataLayer.ts:22
[ 6073164ms] [LOG] [DATA_LAYER_QUERY_START] {name: /api/cockpit/queue/processor-health, startedAt: 99924.90000000037, transport: backend, url: /api/cockpit/queue/processor-health, method: GET} @ http://localhost:5173/src/lib/data/dashboardDataLayer.ts:14
[ 6073165ms] [LOG] [BACKEND_API_CALL] {url: /api/cockpit/queue/processor-health, path: /api/cockpit/queue/processor-health, method: GET} @ http://localhost:5173/src/lib/api/backendClient.ts:190
[ 6073476ms] [LOG] [BACKEND_API_RESPONSE] {status: 200, ok: true, bodyCount: null, bodyCountPath: null, durationMs: 312} @ http://localhost:5173/src/lib/api/backendClient.ts:245
[ 6073477ms] [LOG] [DATA_LAYER_QUERY_DONE] {name: /api/cockpit/queue/processor-health, durationMs: 312, transport: backend, status: 200, ok: true} @ http://localhost:5173/src/lib/data/dashboardDataLayer.ts:22
[ 6075083ms] [LOG] [DATA_LAYER_QUERY_START] {name: /api/cockpit/templates/list?limit=800&includeInactive=true, startedAt: 101843.5, transport: backend, url: /api/cockpit/templates/list?limit=800&includeInactive=true, method: GET} @ http://localhost:5173/src/lib/data/dashboardDataLayer.ts:14
[ 6075083ms] [LOG] [BACKEND_API_CALL] {url: /api/cockpit/templates/list?limit=800&includeInactive=true, path: /api/cockpit/templates/list?limit=800&includeInactive=true, method: GET} @ http://localhost:5173/src/lib/api/backendClient.ts:190
[ 6075084ms] [LOG] [DATA_LAYER_QUERY_START] {name: /api/cockpit/queue/page?page=0&pageSize=25&status=all&dateBasis=created_at, startedAt: 101844.79999999981, transport: backend, url: /api/cockpit/queue/page?page=0&pageSize=25&status=all&dateBasis=created_at, method: GET} @ http://localhost:5173/src/lib/data/dashboardDataLayer.ts:14
[ 6075085ms] [LOG] [BACKEND_API_CALL] {url: /api/cockpit/queue/page?page=0&pageSize=25&status=all&dateBasis=created_at, path: /api/cockpit/queue/page?page=0&pageSize=25&status=all&dateBasis=created_at, method: GET} @ http://localhost:5173/src/lib/api/backendClient.ts:190
[ 6075843ms] [LOG] [BACKEND_API_RESPONSE] {status: 200, ok: true, bodyCount: 500, bodyCountPath: total, durationMs: 760} @ http://localhost:5173/src/lib/api/backendClient.ts:245
[ 6075844ms] [LOG] [DATA_LAYER_QUERY_DONE] {name: /api/cockpit/templates/list?limit=800&includeInactive=true, durationMs: 761, transport: backend, status: 200, ok: true} @ http://localhost:5173/src/lib/data/dashboardDataLayer.ts:22
[ 6076341ms] [LOG] [BACKEND_API_RESPONSE] {status: 200, ok: true, bodyCount: 25, bodyCountPath: items, durationMs: 1257} @ http://localhost:5173/src/lib/api/backendClient.ts:245
[ 6076342ms] [LOG] [DATA_LAYER_QUERY_DONE] {name: /api/cockpit/queue/page?page=0&pageSize=25&status=all&dateBasis=created_at, durationMs: 1257, transport: backend, status: 200, ok: true} @ http://localhost:5173/src/lib/data/dashboardDataLayer.ts:22
[ 6088297ms] [LOG] [dashboard boot] live inbox fetch started {options: Object, filterKey: all_messages, timeoutMode: initial_boot, timeoutMs: 20000} @ http://localhost:5173/src/modules/inbox/inbox.adapter.ts?t=1782378515933:248
[ 6088298ms] [LOG] [VIEW_MODEL_LOAD_START] {viewModel: inbox_threads_view, startedAt: 115058.60000000056, view: all_messages, filter: all, limit: 25} @ http://localhost:5173/src/lib/data/dashboardDataLayer.ts:26
[ 6088298ms] [LOG] [INBOX_API_REQUEST] {url: /api/cockpit/inbox/live?filter=all&direction=all&c…out_mode=initial_boot&refresh_reason=initial_boot, filter: all, timeoutMode: initial_boot, refreshReason: initial_boot} @ http://localhost:5173/src/lib/data/inboxData.ts?t=1782378515933:1423
[ 6088299ms] [LOG] [CACHE_COMMIT_DONE] {name: dashboard_connection_state, durationMs: 0, source: dashboard_connection_state, connectionState: reconnecting, reason: subscribe_start} @ http://localhost:5173/src/lib/data/dashboardDataLayer.ts:63
[ 6088300ms] [LOG] [useInboxData] realtime subscriptions active @ http://localhost:5173/src/modules/inbox/inbox.adapter.ts?t=1782378515933:1387
[ 6088302ms] [LOG] [SMOOTH_THREAD_SELECT] {key: ct:phone:+17702033651, refetch: false} @ http://localhost:5173/src/modules/inbox/InboxPage.tsx?t=1782378630868:1725
[ 6088303ms] [LOG] [MESSAGES_FETCH_START] ct:phone:+17702033651 @ http://localhost:5173/src/modules/inbox/InboxPage.tsx?t=1782378630868:1737
[ 6088303ms] [LOG] [THREAD_CONTEXT_START] {threadKey: +17702033651, propertyId: 238384554, prospectId: pros0_d305cae46e6f6112d49f6ee9, ownerId: mo_04978250901b6b62210867a0} @ http://localhost:5173/src/modules/inbox/InboxPage.tsx?t=1782378630868:1813
[ 6088308ms] [LOG] [DATA_LAYER_QUERY_START] {name: /api/cockpit/inbox/thread-messages?thread_key=ct%3…6b62210867a0&owner_id=mo_04978250901b6b62210867a0, startedAt: 115068.5, transport: backend, url: /api/cockpit/inbox/thread-messages?thread_key=ct%3…6b62210867a0&owner_id=mo_04978250901b6b62210867a0, method: GET} @ http://localhost:5173/src/lib/data/dashboardDataLayer.ts:14
[ 6088308ms] [LOG] [BACKEND_API_CALL] {url: /api/cockpit/inbox/thread-messages?thread_key=ct%3…6b62210867a0&owner_id=mo_04978250901b6b62210867a0, path: /api/cockpit/inbox/thread-messages?thread_key=ct%3…6b62210867a0&owner_id=mo_04978250901b6b62210867a0, method: GET} @ http://localhost:5173/src/lib/api/backendClient.ts:190
[ 6088310ms] [LOG] [DATA_LAYER_QUERY_START] {name: /api/cockpit/inbox/live?filter=all&direction=all&c…out_mode=initial_boot&refresh_reason=initial_boot, startedAt: 115070.20000000019, transport: backend, url: /api/cockpit/inbox/live?filter=all&direction=all&c…out_mode=initial_boot&refresh_reason=initial_boot, method: GET} @ http://localhost:5173/src/lib/data/dashboardDataLayer.ts:14
[ 6088310ms] [LOG] [BACKEND_API_CALL] {url: /api/cockpit/inbox/live?filter=all&direction=all&c…out_mode=initial_boot&refresh_reason=initial_boot, path: /api/cockpit/inbox/live?filter=all&direction=all&c…out_mode=initial_boot&refresh_reason=initial_boot, method: GET} @ http://localhost:5173/src/lib/api/backendClient.ts:190
[ 6088451ms] [LOG] [CACHE_COMMIT_DONE] {name: dashboard_connection_state, durationMs: 0, source: dashboard_connection_state, connectionState: live, reason: subscribe_status} @ http://localhost:5173/src/lib/data/dashboardDataLayer.ts:63
[ 6088452ms] [LOG] [INBOX_REALTIME_STATUS] {status: SUBSCRIBED, normalizedStatus: connected, connectionState: live, fallbackMode: realtime} @ http://localhost:5173/src/modules/inbox/inbox.adapter.ts?t=1782378515933:1367
[ 6089285ms] [LOG] [BACKEND_API_RESPONSE] {status: 200, ok: true, bodyCount: 25, bodyCountPath: threads, durationMs: 975} @ http://localhost:5173/src/lib/api/backendClient.ts:245
[ 6089285ms] [LOG] [DATA_LAYER_QUERY_DONE] {name: /api/cockpit/inbox/live?filter=all&direction=all&c…out_mode=initial_boot&refresh_reason=initial_boot, durationMs: 975, transport: backend, status: 200, ok: true} @ http://localhost:5173/src/lib/data/dashboardDataLayer.ts:22
[ 6089285ms] [LOG] [INBOX_API_RESPONSE] {url: /api/cockpit/inbox/live?filter=all&direction=all&c…out_mode=initial_boot&refresh_reason=initial_boot, status: 200, ok: true, responseBodyCount: 25, responseBodyPath: threads} @ http://localhost:5173/src/lib/data/inboxData.ts?t=1782378515933:1433
[ 6089292ms] [LOG] [VIEW_MODEL_LOAD_DONE] {name: inbox_threads_view, durationMs: 994, viewModel: inbox_threads_view, ok: true, view: all_messages} @ http://localhost:5173/src/lib/data/dashboardDataLayer.ts:33
[ 6089297ms] [LOG] [CACHE_COMMIT_DONE] {name: dashboard_threads, durationMs: 5, source: getInboxRowsForView, rows: 25, threads: 25} @ http://localhost:5173/src/lib/data/dashboardDataLayer.ts:63
[ 6089298ms] [LOG] [HYDRATION_PHASE_DONE] {name: thread_shell, durationMs: 1000, phase: thread_shell, view: all_messages, rows: 25} @ http://localhost:5173/src/lib/data/dashboardDataLayer.ts:50
[ 6089298ms] [LOG] [Inbox] live inbox success {threads: 25, counts: Object} @ http://localhost:5173/src/lib/data/inboxData.ts?t=1782378515933:1842
[ 6089298ms] [LOG] [Inbox] source endpoint /api/cockpit/inbox/live @ http://localhost:5173/src/lib/data/inboxData.ts?t=1782378515933:1851
[ 6089298ms] [LOG] [Inbox] raw sample {thread_key: +17702033651, seller_phone: +17702033651, canonical_e164: +17702033651, master_owner_id: mo_04978250901b6b62210867a0, property_id: 238384554} @ http://localhost:5173/src/lib/data/inboxData.ts?t=1782378515933:1852
[ 6089298ms] [LOG] [Inbox] normalized sample {thread_key: +17702033651, seller_phone: +17702033651, canonical_e164: +17702033651, master_owner_id: mo_04978250901b6b62210867a0, property_id: 238384554} @ http://localhost:5173/src/lib/data/inboxData.ts?t=1782378515933:1853
[ 6089298ms] [LOG] [Inbox] visible fields {ownerName: Donald & Linda Williams, propertyAddress: 4381 Sterling Forest Dr, Decatur, Ga 30034, latestMessageBody: Sorry about that, my system had an error. Are you open to a proposal on the property?, status: waiting, stage: not_contacted} @ http://localhost:5173/src/lib/data/inboxData.ts?t=1782378515933:1855
[ 6089298ms] [LOG] [InboxTiming] live_fetch_ms: 1001ms @ http://localhost:5173/src/lib/data/inboxData.ts?t=1782378515933:2302
[ 6089298ms] [LOG] [InboxTiming] lightweight_normalize_ms: 0ms (built-in) @ http://localhost:5173/src/lib/data/inboxData.ts?t=1782378515933:2303
[ 6089299ms] [LOG] [fetchInboxModel] using counts embedded in live response @ http://localhost:5173/src/lib/data/inboxData.ts?t=1782378515933:2380
[ 6089299ms] [LOG] [InboxTiming] total_fetch_model_ms: 1001ms @ http://localhost:5173/src/lib/data/inboxData.ts?t=1782378515933:2397
[ 6089300ms] [LOG] [dashboard boot] live inbox fetch success {filterKey: all_messages, count: 25} @ http://localhost:5173/src/modules/inbox/inbox.adapter.ts?t=1782378515933:319
[ 6089300ms] [LOG] [INBOX_COUNTS_APPROXIMATE_APPLIED] {bucketKey: all_messages, counts_source: visible_rows_approximate, count_preserved_reason: fallback_thread_source_visible_rows_approximate} @ http://localhost:5173/src/modules/inbox/inbox.adapter.ts?t=1782378515933:926
[ 6089301ms] [LOG] [useInboxData] refresh complete {bucketKey: all_messages, rowCount: 25, totalCount: 25, dataMode: live} @ http://localhost:5173/src/modules/inbox/inbox.adapter.ts?t=1782378515933:986
[ 6090628ms] [LOG] [BACKEND_API_RESPONSE] {status: 200, ok: true, bodyCount: 5, bodyCountPath: messages, durationMs: 2320} @ http://localhost:5173/src/lib/api/backendClient.ts:245
[ 6090629ms] [LOG] [DATA_LAYER_QUERY_DONE] {name: /api/cockpit/inbox/thread-messages?thread_key=ct%3…6b62210867a0&owner_id=mo_04978250901b6b62210867a0, durationMs: 2321, transport: backend, status: 200, ok: true} @ http://localhost:5173/src/lib/data/dashboardDataLayer.ts:22
[ 6090629ms] [LOG] [THREAD_MESSAGE_LOOKUP] {selected_thread_key: ct:phone:+17702033651, conversation_thread_id: ct:phone:+17702033651, canonical_e164: +17702033651, lookup_strategy_used: latest_message_id_exact+thread_key=canonical_e164+…hone+master_owner_id+from_phone+legacy_thread_key, message_count: 5} @ http://localhost:5173/src/lib/data/inboxData.ts?t=1782378515933:2886
[ 6090630ms] [LOG] [CACHE_COMMIT_DONE] {name: dashboard_messages, durationMs: 0, source: thread_messages, threadId: ct:phone:+17702033651, incoming: 5} @ http://localhost:5173/src/lib/data/dashboardDataLayer.ts:63
[ 6090630ms] [LOG] [HYDRATION_PHASE_DONE] {name: messages, durationMs: 2327, phase: messages, threadKey: ct:phone:+17702033651, messages: 5} @ http://localhost:5173/src/lib/data/dashboardDataLayer.ts:50
[ 6090630ms] [LOG] [MESSAGES_FETCH_DONE] ct:phone:+17702033651 5 2329ms @ http://localhost:5173/src/modules/inbox/InboxPage.tsx?t=1782378630868:1747
[ 6090631ms] [LOG] [MESSAGES_FETCH_SLOW] ct:phone:+17702033651 {durationMs: 2329, endpoint: /api/cockpit/inbox/thread-messages, status: completed} @ http://localhost:5173/src/modules/inbox/InboxPage.tsx?t=1782378630868:1749
[ 6090631ms] [LOG] [MESSAGES_COMMIT] ct:phone:+17702033651 5 @ http://localhost:5173/src/modules/inbox/InboxPage.tsx?t=1782378630868:1777
[ 6090633ms] [LOG] [THREAD_CONTEXT_DONE] {threadKey: +17702033651, propertyId: 238384554, prospectId: pros0_d305cae46e6f6112d49f6ee9, masterOwnerId: mo_04978250901b6b62210867a0, coordsResolved: false} @ http://localhost:5173/src/modules/inbox/InboxPage.tsx?t=1782378630868:1834
[ 6090633ms] [LOG] [THREAD_CONTEXT_COMMIT] +17702033651 @ http://localhost:5173/src/modules/inbox/InboxPage.tsx?t=1782378630868:1843
[ 6093462ms] [LOG] [DATA_LAYER_QUERY_START] {name: /api/cockpit/queue/control, startedAt: 120222.70000000019, transport: backend, url: /api/cockpit/queue/control, method: GET} @ http://localhost:5173/src/lib/data/dashboardDataLayer.ts:14
[ 6093462ms] [LOG] [BACKEND_API_CALL] {url: /api/cockpit/queue/control, path: /api/cockpit/queue/control, method: GET} @ http://localhost:5173/src/lib/api/backendClient.ts:190
[ 6093846ms] [LOG] [BACKEND_API_RESPONSE] {status: 200, ok: true, bodyCount: null, bodyCountPath: null, durationMs: 384} @ http://localhost:5173/src/lib/api/backendClient.ts:245
[ 6093846ms] [LOG] [DATA_LAYER_QUERY_DONE] {name: /api/cockpit/queue/control, durationMs: 384, transport: backend, status: 200, ok: true} @ http://localhost:5173/src/lib/data/dashboardDataLayer.ts:22
