[    1461ms] [LOG] [BACKEND_API_RESPONSE] {status: 200, ok: true, bodyCount: 3, bodyCountPath: messages, durationMs: 6117} @ http://localhost:5173/src/lib/api/backendClient.ts?t=1782499321627:245
[    1461ms] [LOG] [DATA_LAYER_QUERY_DONE] {name: /api/cockpit/inbox/thread-messages?thread_key=ct%3…443109&prospect_id=pros0_e96b2c69bde82ca0a59edf87, durationMs: 6117, transport: backend, status: 200, ok: true} @ http://localhost:5173/src/lib/data/dashboardDataLayer.ts:22
[    1462ms] [LOG] [THREAD_MESSAGE_LOOKUP] {selected_thread_key: ct:property:2124443109|owner:mo_36f0a8b60d4ea762081338c9|phone:+19012812981, conversation_thread_id: ct:property:2124443109|owner:mo_36f0a8b60d4ea762081338c9|phone:+19012812981, canonical_e164: +19012812981, lookup_strategy_used: thread_key=canonical_e164+to_phone_number=canonica…hone+master_owner_id+from_phone+legacy_thread_key, message_count: 3} @ http://localhost:5173/src/lib/data/inboxData.ts?t=1782499321627:2886
[    1463ms] [LOG] [CACHE_COMMIT_DONE] {name: dashboard_messages, durationMs: 0, source: thread_messages, threadId: ct:property:2124443109|owner:mo_36f0a8b60d4ea762081338c9|phone:+19012812981, incoming: 3} @ http://localhost:5173/src/lib/data/dashboardDataLayer.ts:63
[    1463ms] [LOG] [HYDRATION_PHASE_DONE] {name: messages, durationMs: 6123, phase: messages, threadKey: ct:property:2124443109|owner:mo_36f0a8b60d4ea762081338c9|phone:+19012812981, messages: 3} @ http://localhost:5173/src/lib/data/dashboardDataLayer.ts:50
[    1463ms] [LOG] [MESSAGES_FETCH_DONE] ct:property:2124443109|owner:mo_36f0a8b60d4ea762081338c9|phone:+19012812981 3 6125ms @ http://localhost:5173/src/modules/inbox/InboxPage.tsx?t=1782501780991:1740
[    1463ms] [LOG] [MESSAGES_FETCH_SLOW] ct:property:2124443109|owner:mo_36f0a8b60d4ea762081338c9|phone:+19012812981 {durationMs: 6125, endpoint: /api/cockpit/inbox/thread-messages, status: completed} @ http://localhost:5173/src/modules/inbox/InboxPage.tsx?t=1782501780991:1742
[    1464ms] [LOG] [MESSAGES_COMMIT] ct:property:2124443109|owner:mo_36f0a8b60d4ea762081338c9|phone:+19012812981 3 @ http://localhost:5173/src/modules/inbox/InboxPage.tsx?t=1782501780991:1770
[    1464ms] [LOG] [THREAD_CONTEXT_DONE] {threadKey: +19012812981, propertyId: 2124443109, prospectId: pros0_e96b2c69bde82ca0a59edf87, masterOwnerId: null, coordsResolved: false} @ http://localhost:5173/src/modules/inbox/InboxPage.tsx?t=1782501780991:1827
[    1464ms] [LOG] [THREAD_CONTEXT_COMMIT] +19012812981 @ http://localhost:5173/src/modules/inbox/InboxPage.tsx?t=1782501780991:1836
[    1479ms] [LOG] [DATA_LAYER_QUERY_START] {name: /api/cockpit/properties/24554327/subject?thread_key=%2B19012812981, startedAt: 67738, transport: backend, url: /api/cockpit/properties/24554327/subject?thread_key=%2B19012812981, method: GET} @ http://localhost:5173/src/lib/data/dashboardDataLayer.ts:14
[    1479ms] [LOG] [BACKEND_API_CALL] {url: /api/cockpit/properties/24554327/subject?thread_key=%2B19012812981, path: /api/cockpit/properties/24554327/subject?thread_key=%2B19012812981, method: GET} @ http://localhost:5173/src/lib/api/backendClient.ts?t=1782499321627:190
[    1482ms] [LOG] [DATA_LAYER_QUERY_START] {name: /api/cockpit/properties/24554327/comp-intelligence…12981&master_owner_id=mo_36f0a8b60d4ea762081338c9, startedAt: 67741.59999999963, transport: backend, url: /api/cockpit/properties/24554327/comp-intelligence…12981&master_owner_id=mo_36f0a8b60d4ea762081338c9, method: GET} @ http://localhost:5173/src/lib/data/dashboardDataLayer.ts:14
[    1483ms] [LOG] [BACKEND_API_CALL] {url: /api/cockpit/properties/24554327/comp-intelligence…12981&master_owner_id=mo_36f0a8b60d4ea762081338c9, path: /api/cockpit/properties/24554327/comp-intelligence…12981&master_owner_id=mo_36f0a8b60d4ea762081338c9, method: GET} @ http://localhost:5173/src/lib/api/backendClient.ts?t=1782499321627:190
[    1528ms] [WARNING] [BACKEND_API_RESPONSE] {status: null, ok: false, bodyCount: null, bodyCountPath: null, durationMs: 49} @ http://localhost:5173/src/lib/api/backendClient.ts?t=1782499321627:208
[    1528ms] [LOG] [DATA_LAYER_QUERY_DONE] {name: /api/cockpit/properties/24554327/subject?thread_key=%2B19012812981, durationMs: 50, transport: backend, status: null, ok: false} @ http://localhost:5173/src/lib/data/dashboardDataLayer.ts:22
[    1528ms] [WARNING] [BACKEND_API_RESPONSE] {status: null, ok: false, bodyCount: null, bodyCountPath: null, durationMs: 46} @ http://localhost:5173/src/lib/api/backendClient.ts?t=1782499321627:208
[    1528ms] [LOG] [DATA_LAYER_QUERY_DONE] {name: /api/cockpit/properties/24554327/comp-intelligence…12981&master_owner_id=mo_36f0a8b60d4ea762081338c9, durationMs: 46, transport: backend, status: null, ok: false} @ http://localhost:5173/src/lib/data/dashboardDataLayer.ts:22
[    1532ms] [ERROR] Failed to load subject comps {message: TypeError: Failed to fetch, details: TypeError: Failed to fetch
    at http://localhost…ence/useCompIntelligence.ts?t=1782500943398:89:45, hint: , code: } @ http://localhost:5173/src/lib/data/commandMapData.ts:270
[    4573ms] [INFO] %cDownload the React DevTools for a better development experience: https://reactjs.org/link/react-devtools font-weight:bold @ http://localhost:5173/node_modules/.vite/deps/react-dom-D2bPC4jN.js?v=601e9e7c:17232
[    5113ms] [LOG] [dashboard boot] live inbox fetch started {options: Object, filterKey: all_messages, timeoutMode: initial_boot, timeoutMs: 20000} @ http://localhost:5173/src/modules/inbox/inbox.adapter.ts?t=1782501206375:240
[    5113ms] [LOG] [VIEW_MODEL_LOAD_START] {viewModel: inbox_threads_view, startedAt: 5076.0999999996275, view: all_messages, filter: all, limit: 25} @ http://localhost:5173/src/lib/data/dashboardDataLayer.ts:26
[    5114ms] [LOG] [INBOX_API_REQUEST] {url: /api/cockpit/inbox/live?filter=all&direction=all&c…out_mode=initial_boot&refresh_reason=initial_boot, filter: all, timeoutMode: initial_boot, refreshReason: initial_boot} @ http://localhost:5173/src/lib/data/inboxData.ts?t=1782499321627:1423
[    5114ms] [LOG] [BACKEND_API] Local dev detected. Will use relative paths via proxy. @ http://localhost:5173/src/lib/api/backendClient.ts?t=1782499321627:17
[    5116ms] [LOG] [useInboxData] realtime subscriptions active @ http://localhost:5173/src/modules/inbox/inbox.adapter.ts?t=1782501206375:1379
[    5118ms] [LOG] [SMOOTH_THREAD_SELECT] {key: ct:property:2124443109|owner:mo_36f0a8b60d4ea762081338c9|phone:+19012812981, refetch: false} @ http://localhost:5173/src/modules/inbox/InboxPage.tsx?t=1782501891521:1718
[    5119ms] [LOG] [MESSAGES_FETCH_START] ct:property:2124443109|owner:mo_36f0a8b60d4ea762081338c9|phone:+19012812981 @ http://localhost:5173/src/modules/inbox/InboxPage.tsx?t=1782501891521:1730
[    5119ms] [LOG] [THREAD_CONTEXT_START] {threadKey: +19012812981, propertyId: 2124443109, prospectId: pros0_e96b2c69bde82ca0a59edf87, ownerId: undefined} @ http://localhost:5173/src/modules/inbox/InboxPage.tsx?t=1782501891521:1806
[    5124ms] [LOG] [DATA_LAYER_QUERY_START] {name: /api/cockpit/inbox/thread-messages?thread_key=ct%3…443109&prospect_id=pros0_e96b2c69bde82ca0a59edf87, startedAt: 5086.299999999814, transport: backend, url: /api/cockpit/inbox/thread-messages?thread_key=ct%3…443109&prospect_id=pros0_e96b2c69bde82ca0a59edf87, method: GET} @ http://localhost:5173/src/lib/data/dashboardDataLayer.ts:14
[    5124ms] [LOG] [BACKEND_API_CALL] {url: /api/cockpit/inbox/thread-messages?thread_key=ct%3…443109&prospect_id=pros0_e96b2c69bde82ca0a59edf87, path: /api/cockpit/inbox/thread-messages?thread_key=ct%3…443109&prospect_id=pros0_e96b2c69bde82ca0a59edf87, method: GET} @ http://localhost:5173/src/lib/api/backendClient.ts?t=1782499321627:190
[    5125ms] [LOG] [DATA_LAYER_QUERY_START] {name: /api/cockpit/inbox/live?filter=all&direction=all&c…out_mode=initial_boot&refresh_reason=initial_boot, startedAt: 5087.799999999814, transport: backend, url: /api/cockpit/inbox/live?filter=all&direction=all&c…out_mode=initial_boot&refresh_reason=initial_boot, method: GET} @ http://localhost:5173/src/lib/data/dashboardDataLayer.ts:14
[    5125ms] [LOG] [BACKEND_API_CALL] {url: /api/cockpit/inbox/live?filter=all&direction=all&c…out_mode=initial_boot&refresh_reason=initial_boot, path: /api/cockpit/inbox/live?filter=all&direction=all&c…out_mode=initial_boot&refresh_reason=initial_boot, method: GET} @ http://localhost:5173/src/lib/api/backendClient.ts?t=1782499321627:190
[    6836ms] [LOG] [CACHE_COMMIT_DONE] {name: dashboard_connection_state, durationMs: 2, source: dashboard_connection_state, connectionState: live, reason: subscribe_status} @ http://localhost:5173/src/lib/data/dashboardDataLayer.ts:63
[    6839ms] [LOG] [INBOX_REALTIME_STATUS] {status: SUBSCRIBED, normalizedStatus: connected, connectionState: live, fallbackMode: realtime} @ http://localhost:5173/src/modules/inbox/inbox.adapter.ts?t=1782501206375:1359
[    7779ms] [LOG] [BACKEND_API_RESPONSE] {status: 200, ok: true, bodyCount: 25, bodyCountPath: threads, durationMs: 2654} @ http://localhost:5173/src/lib/api/backendClient.ts?t=1782499321627:245
[    7780ms] [LOG] [DATA_LAYER_QUERY_DONE] {name: /api/cockpit/inbox/live?filter=all&direction=all&c…out_mode=initial_boot&refresh_reason=initial_boot, durationMs: 2655, transport: backend, status: 200, ok: true} @ http://localhost:5173/src/lib/data/dashboardDataLayer.ts:22
[    7780ms] [LOG] [INBOX_API_RESPONSE] {url: /api/cockpit/inbox/live?filter=all&direction=all&c…out_mode=initial_boot&refresh_reason=initial_boot, status: 200, ok: true, responseBodyCount: 25, responseBodyPath: threads} @ http://localhost:5173/src/lib/data/inboxData.ts?t=1782499321627:1433
[    7795ms] [LOG] [VIEW_MODEL_LOAD_DONE] {name: inbox_threads_view, durationMs: 2681, viewModel: inbox_threads_view, ok: true, view: all_messages} @ http://localhost:5173/src/lib/data/dashboardDataLayer.ts:33
[    7804ms] [LOG] [CACHE_COMMIT_DONE] {name: dashboard_threads, durationMs: 9, source: getInboxRowsForView, rows: 25, threads: 25} @ http://localhost:5173/src/lib/data/dashboardDataLayer.ts:63
[    7805ms] [LOG] [HYDRATION_PHASE_DONE] {name: thread_shell, durationMs: 2692, phase: thread_shell, view: all_messages, rows: 25} @ http://localhost:5173/src/lib/data/dashboardDataLayer.ts:50
[    7805ms] [LOG] [Inbox] live inbox success {threads: 25, counts: Object} @ http://localhost:5173/src/lib/data/inboxData.ts?t=1782499321627:1842
[    7805ms] [LOG] [Inbox] source endpoint /api/cockpit/inbox/live @ http://localhost:5173/src/lib/data/inboxData.ts?t=1782499321627:1851
[    7805ms] [LOG] [Inbox] raw sample {thread_key: +19012812981, seller_phone: +19012812981, canonical_e164: +19012812981, master_owner_id: mo_36f0a8b60d4ea762081338c9, property_id: 2124443109} @ http://localhost:5173/src/lib/data/inboxData.ts?t=1782499321627:1852
[    7806ms] [LOG] [Inbox] normalized sample {thread_key: +19012812981, seller_phone: +19012812981, canonical_e164: +19012812981, master_owner_id: mo_36f0a8b60d4ea762081338c9, property_id: 2124443109} @ http://localhost:5173/src/lib/data/inboxData.ts?t=1782499321627:1853
[    7806ms] [LOG] [Inbox] visible fields {ownerName: Anthony Polk & Wesley Arije, propertyAddress: 5502 Cottonwood Rd, Memphis, Tn 38115, latestMessageBody: STOP, status: cold, stage: not_contacted} @ http://localhost:5173/src/lib/data/inboxData.ts?t=1782499321627:1855
[    7806ms] [LOG] [InboxTiming] live_fetch_ms: 2693ms @ http://localhost:5173/src/lib/data/inboxData.ts?t=1782499321627:2302
[    7806ms] [LOG] [InboxTiming] lightweight_normalize_ms: 0ms (built-in) @ http://localhost:5173/src/lib/data/inboxData.ts?t=1782499321627:2303
[    7806ms] [LOG] [fetchInboxModel] using counts embedded in live response @ http://localhost:5173/src/lib/data/inboxData.ts?t=1782499321627:2380
[    7807ms] [LOG] [InboxTiming] total_fetch_model_ms: 2693ms @ http://localhost:5173/src/lib/data/inboxData.ts?t=1782499321627:2397
[    7809ms] [LOG] [dashboard boot] live inbox fetch success {filterKey: all_messages, count: 25} @ http://localhost:5173/src/modules/inbox/inbox.adapter.ts?t=1782501206375:311
[    7809ms] [LOG] [INBOX_COUNTS_APPROXIMATE_APPLIED] {bucketKey: all_messages, counts_source: visible_rows_approximate, count_preserved_reason: fallback_thread_source_visible_rows_approximate} @ http://localhost:5173/src/modules/inbox/inbox.adapter.ts?t=1782501206375:918
[    7810ms] [LOG] [useInboxData] refresh complete {bucketKey: all_messages, rowCount: 25, totalCount: 25, dataMode: live} @ http://localhost:5173/src/modules/inbox/inbox.adapter.ts?t=1782501206375:978
[   10945ms] [LOG] [BACKEND_API_RESPONSE] {status: 200, ok: true, bodyCount: 3, bodyCountPath: messages, durationMs: 5822} @ http://localhost:5173/src/lib/api/backendClient.ts?t=1782499321627:245
[   10946ms] [LOG] [DATA_LAYER_QUERY_DONE] {name: /api/cockpit/inbox/thread-messages?thread_key=ct%3…443109&prospect_id=pros0_e96b2c69bde82ca0a59edf87, durationMs: 5822, transport: backend, status: 200, ok: true} @ http://localhost:5173/src/lib/data/dashboardDataLayer.ts:22
[   10947ms] [LOG] [THREAD_MESSAGE_LOOKUP] {selected_thread_key: ct:property:2124443109|owner:mo_36f0a8b60d4ea762081338c9|phone:+19012812981, conversation_thread_id: ct:property:2124443109|owner:mo_36f0a8b60d4ea762081338c9|phone:+19012812981, canonical_e164: +19012812981, lookup_strategy_used: thread_key=canonical_e164+to_phone_number=canonica…hone+master_owner_id+from_phone+legacy_thread_key, message_count: 3} @ http://localhost:5173/src/lib/data/inboxData.ts?t=1782499321627:2886
[   10949ms] [LOG] [CACHE_COMMIT_DONE] {name: dashboard_messages, durationMs: 1, source: thread_messages, threadId: ct:property:2124443109|owner:mo_36f0a8b60d4ea762081338c9|phone:+19012812981, incoming: 3} @ http://localhost:5173/src/lib/data/dashboardDataLayer.ts:63
[   10949ms] [LOG] [HYDRATION_PHASE_DONE] {name: messages, durationMs: 5831, phase: messages, threadKey: ct:property:2124443109|owner:mo_36f0a8b60d4ea762081338c9|phone:+19012812981, messages: 3} @ http://localhost:5173/src/lib/data/dashboardDataLayer.ts:50
[   10951ms] [LOG] [MESSAGES_FETCH_DONE] ct:property:2124443109|owner:mo_36f0a8b60d4ea762081338c9|phone:+19012812981 3 5834ms @ http://localhost:5173/src/modules/inbox/InboxPage.tsx?t=1782501891521:1740
[   10952ms] [LOG] [MESSAGES_FETCH_SLOW] ct:property:2124443109|owner:mo_36f0a8b60d4ea762081338c9|phone:+19012812981 {durationMs: 5834, endpoint: /api/cockpit/inbox/thread-messages, status: completed} @ http://localhost:5173/src/modules/inbox/InboxPage.tsx?t=1782501891521:1742
[   10953ms] [LOG] [MESSAGES_COMMIT] ct:property:2124443109|owner:mo_36f0a8b60d4ea762081338c9|phone:+19012812981 3 @ http://localhost:5173/src/modules/inbox/InboxPage.tsx?t=1782501891521:1770
[   10954ms] [LOG] [THREAD_CONTEXT_DONE] {threadKey: +19012812981, propertyId: 2124443109, prospectId: pros0_e96b2c69bde82ca0a59edf87, masterOwnerId: null, coordsResolved: false} @ http://localhost:5173/src/modules/inbox/InboxPage.tsx?t=1782501891521:1827
[   10954ms] [LOG] [THREAD_CONTEXT_COMMIT] +19012812981 @ http://localhost:5173/src/modules/inbox/InboxPage.tsx?t=1782501891521:1836
[   10991ms] [LOG] [DATA_LAYER_QUERY_START] {name: /api/cockpit/properties/24554327/subject?thread_key=%2B19012812981, startedAt: 10953.099999999627, transport: backend, url: /api/cockpit/properties/24554327/subject?thread_key=%2B19012812981, method: GET} @ http://localhost:5173/src/lib/data/dashboardDataLayer.ts:14
[   10991ms] [LOG] [BACKEND_API_CALL] {url: /api/cockpit/properties/24554327/subject?thread_key=%2B19012812981, path: /api/cockpit/properties/24554327/subject?thread_key=%2B19012812981, method: GET} @ http://localhost:5173/src/lib/api/backendClient.ts?t=1782499321627:190
[   10995ms] [LOG] [DATA_LAYER_QUERY_START] {name: /api/cockpit/properties/24554327/comp-intelligence…12981&master_owner_id=mo_36f0a8b60d4ea762081338c9, startedAt: 10957.799999999814, transport: backend, url: /api/cockpit/properties/24554327/comp-intelligence…12981&master_owner_id=mo_36f0a8b60d4ea762081338c9, method: GET} @ http://localhost:5173/src/lib/data/dashboardDataLayer.ts:14
[   10996ms] [LOG] [BACKEND_API_CALL] {url: /api/cockpit/properties/24554327/comp-intelligence…12981&master_owner_id=mo_36f0a8b60d4ea762081338c9, path: /api/cockpit/properties/24554327/comp-intelligence…12981&master_owner_id=mo_36f0a8b60d4ea762081338c9, method: GET} @ http://localhost:5173/src/lib/api/backendClient.ts?t=1782499321627:190
[   11933ms] [LOG] [DATA_LAYER_QUERY_START] {name: /api/cockpit/queue/control, startedAt: 11895.799999999814, transport: backend, url: /api/cockpit/queue/control, method: GET} @ http://localhost:5173/src/lib/data/dashboardDataLayer.ts:14
[   11934ms] [LOG] [BACKEND_API_CALL] {url: /api/cockpit/queue/control, path: /api/cockpit/queue/control, method: GET} @ http://localhost:5173/src/lib/api/backendClient.ts?t=1782499321627:190
[   11935ms] [LOG] [DATA_LAYER_QUERY_START] {name: /api/cockpit/queue/processor-health, startedAt: 11897.699999999255, transport: backend, url: /api/cockpit/queue/processor-health, method: GET} @ http://localhost:5173/src/lib/data/dashboardDataLayer.ts:14
[   11935ms] [LOG] [BACKEND_API_CALL] {url: /api/cockpit/queue/processor-health, path: /api/cockpit/queue/processor-health, method: GET} @ http://localhost:5173/src/lib/api/backendClient.ts?t=1782499321627:190
[   13515ms] [LOG] [BACKEND_API_RESPONSE] {status: 200, ok: true, bodyCount: null, bodyCountPath: null, durationMs: 2525} @ http://localhost:5173/src/lib/api/backendClient.ts?t=1782499321627:245
[   13515ms] [LOG] [DATA_LAYER_QUERY_DONE] {name: /api/cockpit/properties/24554327/subject?thread_key=%2B19012812981, durationMs: 2525, transport: backend, status: 200, ok: true} @ http://localhost:5173/src/lib/data/dashboardDataLayer.ts:22
[   13572ms] [LOG] [BACKEND_API_RESPONSE] {status: 200, ok: true, bodyCount: null, bodyCountPath: null, durationMs: 1637} @ http://localhost:5173/src/lib/api/backendClient.ts?t=1782499321627:245
[   13572ms] [LOG] [DATA_LAYER_QUERY_DONE] {name: /api/cockpit/queue/processor-health, durationMs: 1637, transport: backend, status: 200, ok: true} @ http://localhost:5173/src/lib/data/dashboardDataLayer.ts:22
[   13907ms] [LOG] [DATA_LAYER_QUERY_START] {name: /api/cockpit/templates/list?limit=800&includeInactive=true, startedAt: 13869.299999999814, transport: backend, url: /api/cockpit/templates/list?limit=800&includeInactive=true, method: GET} @ http://localhost:5173/src/lib/data/dashboardDataLayer.ts:14
[   13907ms] [LOG] [BACKEND_API_CALL] {url: /api/cockpit/templates/list?limit=800&includeInactive=true, path: /api/cockpit/templates/list?limit=800&includeInactive=true, method: GET} @ http://localhost:5173/src/lib/api/backendClient.ts?t=1782499321627:190
[   13908ms] [LOG] [DATA_LAYER_QUERY_START] {name: /api/cockpit/queue/page?page=0&pageSize=25&status=all&dateBasis=created_at, startedAt: 13870.699999999255, transport: backend, url: /api/cockpit/queue/page?page=0&pageSize=25&status=all&dateBasis=created_at, method: GET} @ http://localhost:5173/src/lib/data/dashboardDataLayer.ts:14
[   13908ms] [LOG] [BACKEND_API_CALL] {url: /api/cockpit/queue/page?page=0&pageSize=25&status=all&dateBasis=created_at, path: /api/cockpit/queue/page?page=0&pageSize=25&status=all&dateBasis=created_at, method: GET} @ http://localhost:5173/src/lib/api/backendClient.ts?t=1782499321627:190
[   14049ms] [LOG] [BACKEND_API_RESPONSE] {status: 200, ok: true, bodyCount: null, bodyCountPath: null, durationMs: 2115} @ http://localhost:5173/src/lib/api/backendClient.ts?t=1782499321627:245
[   14049ms] [LOG] [DATA_LAYER_QUERY_DONE] {name: /api/cockpit/queue/control, durationMs: 2116, transport: backend, status: 200, ok: true} @ http://localhost:5173/src/lib/data/dashboardDataLayer.ts:22
[   14695ms] [LOG] [BACKEND_API_RESPONSE] {status: 200, ok: true, bodyCount: 500, bodyCountPath: total, durationMs: 789} @ http://localhost:5173/src/lib/api/backendClient.ts?t=1782499321627:245
[   14696ms] [LOG] [DATA_LAYER_QUERY_DONE] {name: /api/cockpit/templates/list?limit=800&includeInactive=true, durationMs: 790, transport: backend, status: 200, ok: true} @ http://localhost:5173/src/lib/data/dashboardDataLayer.ts:22
[   14697ms] [LOG] [templateData] sms_templates schema sample keys [id, template_id, is_active, use_case, stage_code, language, template_body, updated_at] @ http://localhost:5173/src/lib/data/templateData.ts?t=1782499321627:138
[   15699ms] [LOG] [BACKEND_API_RESPONSE] {status: 200, ok: true, bodyCount: 25, bodyCountPath: items, durationMs: 1791} @ http://localhost:5173/src/lib/api/backendClient.ts?t=1782499321627:245
[   15699ms] [LOG] [DATA_LAYER_QUERY_DONE] {name: /api/cockpit/queue/page?page=0&pageSize=25&status=all&dateBasis=created_at, durationMs: 1791, transport: backend, status: 200, ok: true} @ http://localhost:5173/src/lib/data/dashboardDataLayer.ts:22
[   15996ms] [ERROR] Failed to load resource: the server responded with a status of 400 () @ https://lcppdrmrdfblstpcbgpf.supabase.co/rest/v1/textgrid_numbers?select=number%2Cphone_number%2Cmarket%2Csender_market%2Cstatus%2Cstate%2Cpaused%2Cis_paused%2Cactive%2Cis_active:0
[   16060ms] [LOG] [BACKEND_API_RESPONSE] {status: 200, ok: true, bodyCount: null, bodyCountPath: null, durationMs: 5065} @ http://localhost:5173/src/lib/api/backendClient.ts?t=1782499321627:245
[   16061ms] [LOG] [DATA_LAYER_QUERY_DONE] {name: /api/cockpit/properties/24554327/comp-intelligence…12981&master_owner_id=mo_36f0a8b60d4ea762081338c9, durationMs: 5066, transport: backend, status: 200, ok: true} @ http://localhost:5173/src/lib/data/dashboardDataLayer.ts:22
[   33216ms] [LOG] [DATA_LAYER_QUERY_START] {name: /api/cockpit/properties/24554327/subject?thread_key=%2B19012812981, startedAt: 33178.39999999944, transport: backend, url: /api/cockpit/properties/24554327/subject?thread_key=%2B19012812981, method: GET} @ http://localhost:5173/src/lib/data/dashboardDataLayer.ts:14
[   33216ms] [LOG] [BACKEND_API_CALL] {url: /api/cockpit/properties/24554327/subject?thread_key=%2B19012812981, path: /api/cockpit/properties/24554327/subject?thread_key=%2B19012812981, method: GET} @ http://localhost:5173/src/lib/api/backendClient.ts?t=1782499321627:190
[   33217ms] [WARNING] [BACKEND_API_RESPONSE] {status: null, ok: false, bodyCount: null, bodyCountPath: null, durationMs: 1} @ http://localhost:5173/src/lib/api/backendClient.ts?t=1782499321627:208
[   33217ms] [LOG] [DATA_LAYER_QUERY_DONE] {name: /api/cockpit/properties/24554327/subject?thread_key=%2B19012812981, durationMs: 1, transport: backend, status: null, ok: false} @ http://localhost:5173/src/lib/data/dashboardDataLayer.ts:22
[   33218ms] [LOG] [DATA_LAYER_QUERY_START] {name: /api/cockpit/properties/24554327/comp-intelligence…12981&master_owner_id=mo_36f0a8b60d4ea762081338c9, startedAt: 33180.699999999255, transport: backend, url: /api/cockpit/properties/24554327/comp-intelligence…12981&master_owner_id=mo_36f0a8b60d4ea762081338c9, method: GET} @ http://localhost:5173/src/lib/data/dashboardDataLayer.ts:14
[   33218ms] [LOG] [BACKEND_API_CALL] {url: /api/cockpit/properties/24554327/comp-intelligence…12981&master_owner_id=mo_36f0a8b60d4ea762081338c9, path: /api/cockpit/properties/24554327/comp-intelligence…12981&master_owner_id=mo_36f0a8b60d4ea762081338c9, method: GET} @ http://localhost:5173/src/lib/api/backendClient.ts?t=1782499321627:190
[   33219ms] [WARNING] [BACKEND_API_RESPONSE] {status: null, ok: false, bodyCount: null, bodyCountPath: null, durationMs: 1} @ http://localhost:5173/src/lib/api/backendClient.ts?t=1782499321627:208
[   33219ms] [LOG] [DATA_LAYER_QUERY_DONE] {name: /api/cockpit/properties/24554327/comp-intelligence…12981&master_owner_id=mo_36f0a8b60d4ea762081338c9, durationMs: 1, transport: backend, status: null, ok: false} @ http://localhost:5173/src/lib/data/dashboardDataLayer.ts:22
[   33497ms] [LOG] [DATA_LAYER_QUERY_START] {name: /api/cockpit/properties/24554327/subject?thread_key=%2B19012812981, startedAt: 33459.799999999814, transport: backend, url: /api/cockpit/properties/24554327/subject?thread_key=%2B19012812981, method: GET} @ http://localhost:5173/src/lib/data/dashboardDataLayer.ts:14
[   33497ms] [LOG] [BACKEND_API_CALL] {url: /api/cockpit/properties/24554327/subject?thread_key=%2B19012812981, path: /api/cockpit/properties/24554327/subject?thread_key=%2B19012812981, method: GET} @ http://localhost:5173/src/lib/api/backendClient.ts?t=1782499321627:190
[   33500ms] [LOG] [DATA_LAYER_QUERY_START] {name: /api/cockpit/properties/24554327/comp-intelligence…12981&master_owner_id=mo_36f0a8b60d4ea762081338c9, startedAt: 33462.299999999814, transport: backend, url: /api/cockpit/properties/24554327/comp-intelligence…12981&master_owner_id=mo_36f0a8b60d4ea762081338c9, method: GET} @ http://localhost:5173/src/lib/data/dashboardDataLayer.ts:14
[   33500ms] [LOG] [BACKEND_API_CALL] {url: /api/cockpit/properties/24554327/comp-intelligence…12981&master_owner_id=mo_36f0a8b60d4ea762081338c9, path: /api/cockpit/properties/24554327/comp-intelligence…12981&master_owner_id=mo_36f0a8b60d4ea762081338c9, method: GET} @ http://localhost:5173/src/lib/api/backendClient.ts?t=1782499321627:190
[   34987ms] [LOG] [BACKEND_API_RESPONSE] {status: 200, ok: true, bodyCount: null, bodyCountPath: null, durationMs: 1490} @ http://localhost:5173/src/lib/api/backendClient.ts?t=1782499321627:245
[   34988ms] [LOG] [DATA_LAYER_QUERY_DONE] {name: /api/cockpit/properties/24554327/subject?thread_key=%2B19012812981, durationMs: 1491, transport: backend, status: 200, ok: true} @ http://localhost:5173/src/lib/data/dashboardDataLayer.ts:22
