[    3604ms] [INFO] %cDownload the React DevTools for a better development experience: https://reactjs.org/link/react-devtools font-weight:bold @ http://localhost:5173/node_modules/.vite/deps/react-dom-D2bPC4jN.js?v=601e9e7c:17232
[    4230ms] [LOG] [dashboard boot] live inbox fetch started {options: Object, filterKey: all_messages, timeoutMode: initial_boot, timeoutMs: 20000} @ http://localhost:5173/src/modules/inbox/inbox.adapter.ts?t=1782499321627:248
[    4233ms] [LOG] [VIEW_MODEL_LOAD_START] {viewModel: inbox_threads_view, startedAt: 4223.800000000279, view: all_messages, filter: all, limit: 25} @ http://localhost:5173/src/lib/data/dashboardDataLayer.ts:26
[    4234ms] [LOG] [INBOX_API_REQUEST] {url: /api/cockpit/inbox/live?filter=all&direction=all&c…out_mode=initial_boot&refresh_reason=initial_boot, filter: all, timeoutMode: initial_boot, refreshReason: initial_boot} @ http://localhost:5173/src/lib/data/inboxData.ts?t=1782499321627:1423
[    4238ms] [LOG] [BACKEND_API] Local dev detected. Will use relative paths via proxy. @ http://localhost:5173/src/lib/api/backendClient.ts?t=1782499321627:17
[    4243ms] [LOG] [useInboxData] realtime subscriptions active @ http://localhost:5173/src/modules/inbox/inbox.adapter.ts?t=1782499321627:1387
[    4245ms] [LOG] [SMOOTH_THREAD_SELECT] {key: ct:property:225430144|owner:mo_e73f708434017b73e172fc42|phone:+18608909848, refetch: false} @ http://localhost:5173/src/modules/inbox/InboxPage.tsx?t=1782499327491:1718
[    4249ms] [LOG] [MESSAGES_FETCH_START] ct:property:225430144|owner:mo_e73f708434017b73e172fc42|phone:+18608909848 @ http://localhost:5173/src/modules/inbox/InboxPage.tsx?t=1782499327491:1730
[    4250ms] [LOG] [THREAD_CONTEXT_START] {threadKey: +18608909848, propertyId: 225430144, prospectId: pros0_889c7796b159a8ca277d4d39, ownerId: undefined} @ http://localhost:5173/src/modules/inbox/InboxPage.tsx?t=1782499327491:1806
[    4264ms] [LOG] [DATA_LAYER_QUERY_START] {name: /api/cockpit/inbox/thread-messages?thread_key=ct%3…430144&prospect_id=pros0_889c7796b159a8ca277d4d39, startedAt: 4256.300000000279, transport: backend, url: /api/cockpit/inbox/thread-messages?thread_key=ct%3…430144&prospect_id=pros0_889c7796b159a8ca277d4d39, method: GET} @ http://localhost:5173/src/lib/data/dashboardDataLayer.ts:14
[    4265ms] [LOG] [BACKEND_API_CALL] {url: /api/cockpit/inbox/thread-messages?thread_key=ct%3…430144&prospect_id=pros0_889c7796b159a8ca277d4d39, path: /api/cockpit/inbox/thread-messages?thread_key=ct%3…430144&prospect_id=pros0_889c7796b159a8ca277d4d39, method: GET} @ http://localhost:5173/src/lib/api/backendClient.ts?t=1782499321627:190
[    4266ms] [LOG] [DATA_LAYER_QUERY_START] {name: /api/cockpit/inbox/live?filter=all&direction=all&c…out_mode=initial_boot&refresh_reason=initial_boot, startedAt: 4258.600000000093, transport: backend, url: /api/cockpit/inbox/live?filter=all&direction=all&c…out_mode=initial_boot&refresh_reason=initial_boot, method: GET} @ http://localhost:5173/src/lib/data/dashboardDataLayer.ts:14
[    4267ms] [LOG] [BACKEND_API_CALL] {url: /api/cockpit/inbox/live?filter=all&direction=all&c…out_mode=initial_boot&refresh_reason=initial_boot, path: /api/cockpit/inbox/live?filter=all&direction=all&c…out_mode=initial_boot&refresh_reason=initial_boot, method: GET} @ http://localhost:5173/src/lib/api/backendClient.ts?t=1782499321627:190
[    5125ms] [ERROR] Failed to load resource: the server responded with a status of 500 (Internal Server Error) @ http://localhost:5173/src/views/comp-intelligence/components/PropertyCompCard.tsx?t=1782499294821:0
[    5226ms] Failed to fetch dynamically imported module: http://localhost:5173/src/views/comp-intelligence/CompIntelligenceWorkspace.tsx?t=1782499321627
[    5226ms] Failed to fetch dynamically imported module: http://localhost:5173/src/views/comp-intelligence/CompIntelligenceWorkspace.tsx?t=1782499321627
[    5153ms] [ERROR] The above error occurred in one of your React components:

    at Lazy
    at Suspense
    at WorkspaceSuspense (http://localhost:5173/src/modules/inbox/InboxPage.tsx?t=1782499327491:93:30)
    at section
    at div
    at div
    at WatchlistProvider (http://localhost:5173/src/lib/watchlistContext.tsx:15:37)
    at InboxPage (http://localhost:5173/src/modules/inbox/InboxPage.tsx?t=1782499327491:536:48)
    at InboxView
    at ErrorBoundary (http://localhost:5173/src/shared/ErrorBoundary.tsx:4:8)
    at main
    at div
    at CommandCenterApp (http://localhost:5173/src/app/CommandCenterApp.tsx?t=1782499327491:184:15)
    at RequireAuth (http://localhost:5173/src/components/auth/RequireAuth.tsx:7:31)
    at AuthProvider (http://localhost:5173/src/components/auth/AuthProvider.tsx:16:32)
    at App

React will try to recreate this component tree from scratch using the error boundary you provided, ErrorBoundary. @ http://localhost:5173/node_modules/.vite/deps/react-dom-D2bPC4jN.js?v=601e9e7c:11718
[    5153ms] [ERROR] [DASHBOARD_ROUTE_RENDER_ERROR] {label: NEXUS | Comp Intelligence, resetKey: /comp-intelligence, message: Failed to fetch dynamically imported module: http:…nce/CompIntelligenceWorkspace.tsx?t=1782499321627, componentStack: 
    at Lazy
    at Suspense
    at WorkspaceSuspe…omponents/auth/AuthProvider.tsx:16:32)
    at App} @ http://localhost:5173/src/shared/ErrorBoundary.tsx:9
[    5157ms] [WARNING] [BACKEND_API_RESPONSE] {status: null, ok: false, bodyCount: null, bodyCountPath: null, durationMs: 891} @ http://localhost:5173/src/lib/api/backendClient.ts?t=1782499321627:208
[    5158ms] [LOG] [DATA_LAYER_QUERY_DONE] {name: /api/cockpit/inbox/live?filter=all&direction=all&c…out_mode=initial_boot&refresh_reason=initial_boot, durationMs: 891, transport: backend, status: null, ok: false} @ http://localhost:5173/src/lib/data/dashboardDataLayer.ts:22
[    5158ms] [WARNING] [BACKEND_API_RESPONSE] {status: null, ok: false, bodyCount: null, bodyCountPath: null, durationMs: 894} @ http://localhost:5173/src/lib/api/backendClient.ts?t=1782499321627:208
[    5158ms] [LOG] [DATA_LAYER_QUERY_DONE] {name: /api/cockpit/inbox/thread-messages?thread_key=ct%3…430144&prospect_id=pros0_889c7796b159a8ca277d4d39, durationMs: 894, transport: backend, status: null, ok: false} @ http://localhost:5173/src/lib/data/dashboardDataLayer.ts:22
[    5159ms] [LOG] [HYDRATION_PHASE_DONE] {name: messages, durationMs: 913, phase: messages, threadKey: ct:property:225430144|owner:mo_e73f708434017b73e172fc42|phone:+18608909848, messages: 0} @ http://localhost:5173/src/lib/data/dashboardDataLayer.ts:50
[    5159ms] [LOG] [INBOX_API_RESPONSE] {url: /api/cockpit/inbox/live?filter=all&direction=all&c…out_mode=initial_boot&refresh_reason=initial_boot, status: 502, ok: false, responseBodyCount: 0, responseBodyPath: null} @ http://localhost:5173/src/lib/data/inboxData.ts?t=1782499321627:1433
[    5160ms] [WARNING] [VIEW_MODEL_LOAD_DONE] {name: inbox_threads_view, durationMs: 929, viewModel: inbox_threads_view, ok: false, error: Live inbox API failed (502): Network error calling…on=initial_boot: signal is aborted without reason} @ http://localhost:5173/src/lib/data/dashboardDataLayer.ts:40
[   18706ms] [INFO] %cDownload the React DevTools for a better development experience: https://reactjs.org/link/react-devtools font-weight:bold @ http://localhost:5173/node_modules/.vite/deps/react-dom-D2bPC4jN.js?v=601e9e7c:17232
[   19011ms] [LOG] [dashboard boot] live inbox fetch started {options: Object, filterKey: all_messages, timeoutMode: initial_boot, timeoutMs: 20000} @ http://localhost:5173/src/modules/inbox/inbox.adapter.ts?t=1782499321627:248
[   19012ms] [LOG] [VIEW_MODEL_LOAD_START] {viewModel: inbox_threads_view, startedAt: 1780.8000000002794, view: all_messages, filter: all, limit: 25} @ http://localhost:5173/src/lib/data/dashboardDataLayer.ts:26
[   19012ms] [LOG] [INBOX_API_REQUEST] {url: /api/cockpit/inbox/live?filter=all&direction=all&c…out_mode=initial_boot&refresh_reason=initial_boot, filter: all, timeoutMode: initial_boot, refreshReason: initial_boot} @ http://localhost:5173/src/lib/data/inboxData.ts?t=1782499321627:1423
[   19013ms] [LOG] [BACKEND_API] Local dev detected. Will use relative paths via proxy. @ http://localhost:5173/src/lib/api/backendClient.ts?t=1782499321627:17
[   19016ms] [LOG] [useInboxData] realtime subscriptions active @ http://localhost:5173/src/modules/inbox/inbox.adapter.ts?t=1782499321627:1387
[   19019ms] [LOG] [SMOOTH_THREAD_SELECT] {key: ct:property:225430144|owner:mo_e73f708434017b73e172fc42|phone:+18608909848, refetch: false} @ http://localhost:5173/src/modules/inbox/InboxPage.tsx?t=1782499541295:1718
[   19021ms] [LOG] [MESSAGES_FETCH_START] ct:property:225430144|owner:mo_e73f708434017b73e172fc42|phone:+18608909848 @ http://localhost:5173/src/modules/inbox/InboxPage.tsx?t=1782499541295:1730
[   19021ms] [LOG] [THREAD_CONTEXT_START] {threadKey: +18608909848, propertyId: 225430144, prospectId: pros0_889c7796b159a8ca277d4d39, ownerId: undefined} @ http://localhost:5173/src/modules/inbox/InboxPage.tsx?t=1782499541295:1806
[   19027ms] [LOG] [DATA_LAYER_QUERY_START] {name: /api/cockpit/inbox/thread-messages?thread_key=ct%3…430144&prospect_id=pros0_889c7796b159a8ca277d4d39, startedAt: 1796.8000000002794, transport: backend, url: /api/cockpit/inbox/thread-messages?thread_key=ct%3…430144&prospect_id=pros0_889c7796b159a8ca277d4d39, method: GET} @ http://localhost:5173/src/lib/data/dashboardDataLayer.ts:14
[   19028ms] [LOG] [BACKEND_API_CALL] {url: /api/cockpit/inbox/thread-messages?thread_key=ct%3…430144&prospect_id=pros0_889c7796b159a8ca277d4d39, path: /api/cockpit/inbox/thread-messages?thread_key=ct%3…430144&prospect_id=pros0_889c7796b159a8ca277d4d39, method: GET} @ http://localhost:5173/src/lib/api/backendClient.ts?t=1782499321627:190
[   19029ms] [LOG] [DATA_LAYER_QUERY_START] {name: /api/cockpit/inbox/live?filter=all&direction=all&c…out_mode=initial_boot&refresh_reason=initial_boot, startedAt: 1798.4000000003725, transport: backend, url: /api/cockpit/inbox/live?filter=all&direction=all&c…out_mode=initial_boot&refresh_reason=initial_boot, method: GET} @ http://localhost:5173/src/lib/data/dashboardDataLayer.ts:14
[   19029ms] [LOG] [BACKEND_API_CALL] {url: /api/cockpit/inbox/live?filter=all&direction=all&c…out_mode=initial_boot&refresh_reason=initial_boot, path: /api/cockpit/inbox/live?filter=all&direction=all&c…out_mode=initial_boot&refresh_reason=initial_boot, method: GET} @ http://localhost:5173/src/lib/api/backendClient.ts?t=1782499321627:190
[   19246ms] [LOG] [BACKEND_API_RESPONSE] {status: 200, ok: true, bodyCount: 2, bodyCountPath: messages, durationMs: 218} @ http://localhost:5173/src/lib/api/backendClient.ts?t=1782499321627:245
[   19246ms] [LOG] [DATA_LAYER_QUERY_DONE] {name: /api/cockpit/inbox/thread-messages?thread_key=ct%3…430144&prospect_id=pros0_889c7796b159a8ca277d4d39, durationMs: 219, transport: backend, status: 200, ok: true} @ http://localhost:5173/src/lib/data/dashboardDataLayer.ts:22
[   19251ms] [LOG] [THREAD_MESSAGE_LOOKUP] {selected_thread_key: ct:property:225430144|owner:mo_e73f708434017b73e172fc42|phone:+18608909848, conversation_thread_id: ct:property:225430144|owner:mo_e73f708434017b73e172fc42|phone:+18608909848, canonical_e164: +18608909848, lookup_strategy_used: thread_key=canonical_e164+to_phone_number=canonica…hone+master_owner_id+from_phone+legacy_thread_key, message_count: 2} @ http://localhost:5173/src/lib/data/inboxData.ts?t=1782499321627:2886
[   19253ms] [LOG] [CACHE_COMMIT_DONE] {name: dashboard_messages, durationMs: 1, source: thread_messages, threadId: ct:property:225430144|owner:mo_e73f708434017b73e172fc42|phone:+18608909848, incoming: 2} @ http://localhost:5173/src/lib/data/dashboardDataLayer.ts:63
[   19256ms] [LOG] [HYDRATION_PHASE_DONE] {name: messages, durationMs: 234, phase: messages, threadKey: ct:property:225430144|owner:mo_e73f708434017b73e172fc42|phone:+18608909848, messages: 2} @ http://localhost:5173/src/lib/data/dashboardDataLayer.ts:50
[   19260ms] [LOG] [MESSAGES_FETCH_DONE] ct:property:225430144|owner:mo_e73f708434017b73e172fc42|phone:+18608909848 2 241ms @ http://localhost:5173/src/modules/inbox/InboxPage.tsx?t=1782499541295:1740
[   19260ms] [LOG] [MESSAGES_COMMIT] ct:property:225430144|owner:mo_e73f708434017b73e172fc42|phone:+18608909848 2 @ http://localhost:5173/src/modules/inbox/InboxPage.tsx?t=1782499541295:1770
[   19799ms] [LOG] [CACHE_COMMIT_DONE] {name: dashboard_connection_state, durationMs: 0, source: dashboard_connection_state, connectionState: live, reason: subscribe_status} @ http://localhost:5173/src/lib/data/dashboardDataLayer.ts:63
[   19799ms] [LOG] [INBOX_REALTIME_STATUS] {status: SUBSCRIBED, normalizedStatus: connected, connectionState: live, fallbackMode: realtime} @ http://localhost:5173/src/modules/inbox/inbox.adapter.ts?t=1782499321627:1367
[   20225ms] [LOG] [THREAD_CONTEXT_DONE] {threadKey: +18608909848, propertyId: 225430144, prospectId: pros0_889c7796b159a8ca277d4d39, masterOwnerId: null, coordsResolved: false} @ http://localhost:5173/src/modules/inbox/InboxPage.tsx?t=1782499541295:1827
[   20225ms] [LOG] [THREAD_CONTEXT_COMMIT] +18608909848 @ http://localhost:5173/src/modules/inbox/InboxPage.tsx?t=1782499541295:1836
[   20264ms] [LOG] [BACKEND_API_RESPONSE] {status: 200, ok: true, bodyCount: 25, bodyCountPath: threads, durationMs: 1235} @ http://localhost:5173/src/lib/api/backendClient.ts?t=1782499321627:245
[   20264ms] [LOG] [DATA_LAYER_QUERY_DONE] {name: /api/cockpit/inbox/live?filter=all&direction=all&c…out_mode=initial_boot&refresh_reason=initial_boot, durationMs: 1235, transport: backend, status: 200, ok: true} @ http://localhost:5173/src/lib/data/dashboardDataLayer.ts:22
[   20264ms] [LOG] [INBOX_API_RESPONSE] {url: /api/cockpit/inbox/live?filter=all&direction=all&c…out_mode=initial_boot&refresh_reason=initial_boot, status: 200, ok: true, responseBodyCount: 25, responseBodyPath: threads} @ http://localhost:5173/src/lib/data/inboxData.ts?t=1782499321627:1433
[   20276ms] [LOG] [VIEW_MODEL_LOAD_DONE] {name: inbox_threads_view, durationMs: 1265, viewModel: inbox_threads_view, ok: true, view: all_messages} @ http://localhost:5173/src/lib/data/dashboardDataLayer.ts:33
[   20284ms] [LOG] [CACHE_COMMIT_DONE] {name: dashboard_threads, durationMs: 7, source: getInboxRowsForView, rows: 25, threads: 25} @ http://localhost:5173/src/lib/data/dashboardDataLayer.ts:63
[   20284ms] [LOG] [HYDRATION_PHASE_DONE] {name: thread_shell, durationMs: 1273, phase: thread_shell, view: all_messages, rows: 25} @ http://localhost:5173/src/lib/data/dashboardDataLayer.ts:50
[   20284ms] [LOG] [Inbox] live inbox success {threads: 25, counts: Object} @ http://localhost:5173/src/lib/data/inboxData.ts?t=1782499321627:1842
[   20285ms] [LOG] [Inbox] source endpoint /api/cockpit/inbox/live @ http://localhost:5173/src/lib/data/inboxData.ts?t=1782499321627:1851
[   20285ms] [LOG] [Inbox] raw sample {thread_key: +19012812981, seller_phone: +19012812981, canonical_e164: +19012812981, master_owner_id: mo_36f0a8b60d4ea762081338c9, property_id: 2124443109} @ http://localhost:5173/src/lib/data/inboxData.ts?t=1782499321627:1852
[   20285ms] [LOG] [Inbox] normalized sample {thread_key: +19012812981, seller_phone: +19012812981, canonical_e164: +19012812981, master_owner_id: mo_36f0a8b60d4ea762081338c9, property_id: 2124443109} @ http://localhost:5173/src/lib/data/inboxData.ts?t=1782499321627:1853
[   20285ms] [LOG] [Inbox] visible fields {ownerName: Anthony Polk & Wesley Arije, propertyAddress: 5502 Cottonwood Rd, Memphis, Tn 38115, latestMessageBody: STOP, status: cold, stage: not_contacted} @ http://localhost:5173/src/lib/data/inboxData.ts?t=1782499321627:1855
[   20285ms] [LOG] [InboxTiming] live_fetch_ms: 1274ms @ http://localhost:5173/src/lib/data/inboxData.ts?t=1782499321627:2302
[   20285ms] [LOG] [InboxTiming] lightweight_normalize_ms: 0ms (built-in) @ http://localhost:5173/src/lib/data/inboxData.ts?t=1782499321627:2303
[   20286ms] [LOG] [fetchInboxModel] using counts embedded in live response @ http://localhost:5173/src/lib/data/inboxData.ts?t=1782499321627:2380
[   20286ms] [LOG] [InboxTiming] total_fetch_model_ms: 1274ms @ http://localhost:5173/src/lib/data/inboxData.ts?t=1782499321627:2397
[   20287ms] [LOG] [dashboard boot] live inbox fetch success {filterKey: all_messages, count: 25} @ http://localhost:5173/src/modules/inbox/inbox.adapter.ts?t=1782499321627:319
[   20288ms] [LOG] [INBOX_COUNTS_APPROXIMATE_APPLIED] {bucketKey: all_messages, counts_source: visible_rows_approximate, count_preserved_reason: fallback_thread_source_visible_rows_approximate} @ http://localhost:5173/src/modules/inbox/inbox.adapter.ts?t=1782499321627:926
[   20288ms] [LOG] [useInboxData] refresh complete {bucketKey: all_messages, rowCount: 25, totalCount: 25, dataMode: live} @ http://localhost:5173/src/modules/inbox/inbox.adapter.ts?t=1782499321627:986
[   20471ms] [LOG] [DATA_LAYER_QUERY_START] {name: /api/cockpit/properties/4243EDECATURMESA/subject?thread_key=%2B18608909848, startedAt: 3240.4000000003725, transport: backend, url: /api/cockpit/properties/4243EDECATURMESA/subject?thread_key=%2B18608909848, method: GET} @ http://localhost:5173/src/lib/data/dashboardDataLayer.ts:14
[   20471ms] [LOG] [BACKEND_API_CALL] {url: /api/cockpit/properties/4243EDECATURMESA/subject?thread_key=%2B18608909848, path: /api/cockpit/properties/4243EDECATURMESA/subject?thread_key=%2B18608909848, method: GET} @ http://localhost:5173/src/lib/api/backendClient.ts?t=1782499321627:190
[   20472ms] [LOG] [DATA_LAYER_QUERY_START] {name: /api/cockpit/properties/4243EDECATURMESA/comp-inte…09848&master_owner_id=mo_e73f708434017b73e172fc42, startedAt: 3241.5, transport: backend, url: /api/cockpit/properties/4243EDECATURMESA/comp-inte…09848&master_owner_id=mo_e73f708434017b73e172fc42, method: GET} @ http://localhost:5173/src/lib/data/dashboardDataLayer.ts:14
[   20472ms] [LOG] [BACKEND_API_CALL] {url: /api/cockpit/properties/4243EDECATURMESA/comp-inte…09848&master_owner_id=mo_e73f708434017b73e172fc42, path: /api/cockpit/properties/4243EDECATURMESA/comp-inte…09848&master_owner_id=mo_e73f708434017b73e172fc42, method: GET} @ http://localhost:5173/src/lib/api/backendClient.ts?t=1782499321627:190
[   21009ms] [ERROR] Failed to load resource: the server responded with a status of 400 () @ https://lcppdrmrdfblstpcbgpf.supabase.co/rest/v1/v_recent_sold_comps?select=*&limit=100&market=eq.Hartford%2C+CT&sale_date=gte.2025-06-26&order=sale_date.desc:0
[   21010ms] [ERROR] Failed to load market comps {code: 42703, details: null, hint: null, message: column v_recent_sold_comps.market does not exist} @ http://localhost:5173/src/lib/data/commandMapData.ts:313
