[    1085ms] [LOG] [BACKEND_API_RESPONSE] {status: 200, ok: true, bodyCount: null, bodyCountPath: null, durationMs: 3367} @ http://localhost:5173/src/lib/api/backendClient.ts?t=1782499321627:245
[    1085ms] [LOG] [DATA_LAYER_QUERY_DONE] {name: /api/cockpit/properties/24554327/comp-intelligence…12981&master_owner_id=mo_36f0a8b60d4ea762081338c9, durationMs: 3368, transport: backend, status: 200, ok: true} @ http://localhost:5173/src/lib/data/dashboardDataLayer.ts:22
[    3329ms] [INFO] %cDownload the React DevTools for a better development experience: https://reactjs.org/link/react-devtools font-weight:bold @ http://localhost:5173/node_modules/.vite/deps/react-dom-D2bPC4jN.js?v=601e9e7c:17232
[    3979ms] [LOG] [dashboard boot] live inbox fetch started {options: Object, filterKey: all_messages, timeoutMode: initial_boot, timeoutMs: 20000} @ http://localhost:5173/src/modules/inbox/inbox.adapter.ts?t=1782501206375:240
[    3980ms] [LOG] [VIEW_MODEL_LOAD_START] {viewModel: inbox_threads_view, startedAt: 3937.0999999996275, view: all_messages, filter: all, limit: 25} @ http://localhost:5173/src/lib/data/dashboardDataLayer.ts:26
[    3980ms] [LOG] [INBOX_API_REQUEST] {url: /api/cockpit/inbox/live?filter=all&direction=all&c…out_mode=initial_boot&refresh_reason=initial_boot, filter: all, timeoutMode: initial_boot, refreshReason: initial_boot} @ http://localhost:5173/src/lib/data/inboxData.ts?t=1782499321627:1423
[    3981ms] [LOG] [BACKEND_API] Local dev detected. Will use relative paths via proxy. @ http://localhost:5173/src/lib/api/backendClient.ts?t=1782499321627:17
[    3982ms] [LOG] [useInboxData] realtime subscriptions active @ http://localhost:5173/src/modules/inbox/inbox.adapter.ts?t=1782501206375:1379
[    3984ms] [LOG] [SMOOTH_THREAD_SELECT] {key: ct:property:2124443109|owner:mo_36f0a8b60d4ea762081338c9|phone:+19012812981, refetch: false} @ http://localhost:5173/src/modules/inbox/InboxPage.tsx?t=1782501928364:1718
[    3985ms] [LOG] [MESSAGES_FETCH_START] ct:property:2124443109|owner:mo_36f0a8b60d4ea762081338c9|phone:+19012812981 @ http://localhost:5173/src/modules/inbox/InboxPage.tsx?t=1782501928364:1730
[    3986ms] [LOG] [THREAD_CONTEXT_START] {threadKey: +19012812981, propertyId: 2124443109, prospectId: pros0_e96b2c69bde82ca0a59edf87, ownerId: undefined} @ http://localhost:5173/src/modules/inbox/InboxPage.tsx?t=1782501928364:1806
[    3994ms] [LOG] [DATA_LAYER_QUERY_START] {name: /api/cockpit/inbox/thread-messages?thread_key=ct%3…443109&prospect_id=pros0_e96b2c69bde82ca0a59edf87, startedAt: 3951.2000000001863, transport: backend, url: /api/cockpit/inbox/thread-messages?thread_key=ct%3…443109&prospect_id=pros0_e96b2c69bde82ca0a59edf87, method: GET} @ http://localhost:5173/src/lib/data/dashboardDataLayer.ts:14
[    3994ms] [LOG] [BACKEND_API_CALL] {url: /api/cockpit/inbox/thread-messages?thread_key=ct%3…443109&prospect_id=pros0_e96b2c69bde82ca0a59edf87, path: /api/cockpit/inbox/thread-messages?thread_key=ct%3…443109&prospect_id=pros0_e96b2c69bde82ca0a59edf87, method: GET} @ http://localhost:5173/src/lib/api/backendClient.ts?t=1782499321627:190
[    3996ms] [LOG] [DATA_LAYER_QUERY_START] {name: /api/cockpit/inbox/live?filter=all&direction=all&c…out_mode=initial_boot&refresh_reason=initial_boot, startedAt: 3953.0999999996275, transport: backend, url: /api/cockpit/inbox/live?filter=all&direction=all&c…out_mode=initial_boot&refresh_reason=initial_boot, method: GET} @ http://localhost:5173/src/lib/data/dashboardDataLayer.ts:14
[    3996ms] [LOG] [BACKEND_API_CALL] {url: /api/cockpit/inbox/live?filter=all&direction=all&c…out_mode=initial_boot&refresh_reason=initial_boot, path: /api/cockpit/inbox/live?filter=all&direction=all&c…out_mode=initial_boot&refresh_reason=initial_boot, method: GET} @ http://localhost:5173/src/lib/api/backendClient.ts?t=1782499321627:190
[    5227ms] [LOG] [CACHE_COMMIT_DONE] {name: dashboard_connection_state, durationMs: 0, source: dashboard_connection_state, connectionState: live, reason: subscribe_status} @ http://localhost:5173/src/lib/data/dashboardDataLayer.ts:63
[    5227ms] [LOG] [INBOX_REALTIME_STATUS] {status: SUBSCRIBED, normalizedStatus: connected, connectionState: live, fallbackMode: realtime} @ http://localhost:5173/src/modules/inbox/inbox.adapter.ts?t=1782501206375:1359
[    5649ms] [LOG] [BACKEND_API_RESPONSE] {status: 200, ok: true, bodyCount: 25, bodyCountPath: threads, durationMs: 1653} @ http://localhost:5173/src/lib/api/backendClient.ts?t=1782499321627:245
[    5650ms] [LOG] [DATA_LAYER_QUERY_DONE] {name: /api/cockpit/inbox/live?filter=all&direction=all&c…out_mode=initial_boot&refresh_reason=initial_boot, durationMs: 1654, transport: backend, status: 200, ok: true} @ http://localhost:5173/src/lib/data/dashboardDataLayer.ts:22
[    5650ms] [LOG] [INBOX_API_RESPONSE] {url: /api/cockpit/inbox/live?filter=all&direction=all&c…out_mode=initial_boot&refresh_reason=initial_boot, status: 200, ok: true, responseBodyCount: 25, responseBodyPath: threads} @ http://localhost:5173/src/lib/data/inboxData.ts?t=1782499321627:1433
[    5663ms] [LOG] [VIEW_MODEL_LOAD_DONE] {name: inbox_threads_view, durationMs: 1683, viewModel: inbox_threads_view, ok: true, view: all_messages} @ http://localhost:5173/src/lib/data/dashboardDataLayer.ts:33
[    5673ms] [LOG] [CACHE_COMMIT_DONE] {name: dashboard_threads, durationMs: 10, source: getInboxRowsForView, rows: 25, threads: 25} @ http://localhost:5173/src/lib/data/dashboardDataLayer.ts:63
[    5673ms] [LOG] [HYDRATION_PHASE_DONE] {name: thread_shell, durationMs: 1694, phase: thread_shell, view: all_messages, rows: 25} @ http://localhost:5173/src/lib/data/dashboardDataLayer.ts:50
[    5674ms] [LOG] [Inbox] live inbox success {threads: 25, counts: Object} @ http://localhost:5173/src/lib/data/inboxData.ts?t=1782499321627:1842
[    5674ms] [LOG] [Inbox] source endpoint /api/cockpit/inbox/live @ http://localhost:5173/src/lib/data/inboxData.ts?t=1782499321627:1851
[    5674ms] [LOG] [Inbox] raw sample {thread_key: +19012812981, seller_phone: +19012812981, canonical_e164: +19012812981, master_owner_id: mo_36f0a8b60d4ea762081338c9, property_id: 2124443109} @ http://localhost:5173/src/lib/data/inboxData.ts?t=1782499321627:1852
[    5674ms] [LOG] [Inbox] normalized sample {thread_key: +19012812981, seller_phone: +19012812981, canonical_e164: +19012812981, master_owner_id: mo_36f0a8b60d4ea762081338c9, property_id: 2124443109} @ http://localhost:5173/src/lib/data/inboxData.ts?t=1782499321627:1853
[    5675ms] [LOG] [Inbox] visible fields {ownerName: Anthony Polk & Wesley Arije, propertyAddress: 5502 Cottonwood Rd, Memphis, Tn 38115, latestMessageBody: STOP, status: cold, stage: not_contacted} @ http://localhost:5173/src/lib/data/inboxData.ts?t=1782499321627:1855
[    5675ms] [LOG] [InboxTiming] live_fetch_ms: 1695ms @ http://localhost:5173/src/lib/data/inboxData.ts?t=1782499321627:2302
[    5675ms] [LOG] [InboxTiming] lightweight_normalize_ms: 0ms (built-in) @ http://localhost:5173/src/lib/data/inboxData.ts?t=1782499321627:2303
[    5675ms] [LOG] [fetchInboxModel] using counts embedded in live response @ http://localhost:5173/src/lib/data/inboxData.ts?t=1782499321627:2380
[    5675ms] [LOG] [InboxTiming] total_fetch_model_ms: 1696ms @ http://localhost:5173/src/lib/data/inboxData.ts?t=1782499321627:2397
[    5677ms] [LOG] [dashboard boot] live inbox fetch success {filterKey: all_messages, count: 25} @ http://localhost:5173/src/modules/inbox/inbox.adapter.ts?t=1782501206375:311
[    5678ms] [LOG] [INBOX_COUNTS_APPROXIMATE_APPLIED] {bucketKey: all_messages, counts_source: visible_rows_approximate, count_preserved_reason: fallback_thread_source_visible_rows_approximate} @ http://localhost:5173/src/modules/inbox/inbox.adapter.ts?t=1782501206375:918
[    5679ms] [LOG] [useInboxData] refresh complete {bucketKey: all_messages, rowCount: 25, totalCount: 25, dataMode: live} @ http://localhost:5173/src/modules/inbox/inbox.adapter.ts?t=1782501206375:978
[    7477ms] [LOG] [BACKEND_API_RESPONSE] {status: 200, ok: true, bodyCount: 3, bodyCountPath: messages, durationMs: 3483} @ http://localhost:5173/src/lib/api/backendClient.ts?t=1782499321627:245
[    7478ms] [LOG] [DATA_LAYER_QUERY_DONE] {name: /api/cockpit/inbox/thread-messages?thread_key=ct%3…443109&prospect_id=pros0_e96b2c69bde82ca0a59edf87, durationMs: 3484, transport: backend, status: 200, ok: true} @ http://localhost:5173/src/lib/data/dashboardDataLayer.ts:22
[    7479ms] [LOG] [THREAD_MESSAGE_LOOKUP] {selected_thread_key: ct:property:2124443109|owner:mo_36f0a8b60d4ea762081338c9|phone:+19012812981, conversation_thread_id: ct:property:2124443109|owner:mo_36f0a8b60d4ea762081338c9|phone:+19012812981, canonical_e164: +19012812981, lookup_strategy_used: thread_key=canonical_e164+to_phone_number=canonica…hone+master_owner_id+from_phone+legacy_thread_key, message_count: 3} @ http://localhost:5173/src/lib/data/inboxData.ts?t=1782499321627:2886
[    7482ms] [LOG] [CACHE_COMMIT_DONE] {name: dashboard_messages, durationMs: 1, source: thread_messages, threadId: ct:property:2124443109|owner:mo_36f0a8b60d4ea762081338c9|phone:+19012812981, incoming: 3} @ http://localhost:5173/src/lib/data/dashboardDataLayer.ts:63
[    7482ms] [LOG] [HYDRATION_PHASE_DONE] {name: messages, durationMs: 3497, phase: messages, threadKey: ct:property:2124443109|owner:mo_36f0a8b60d4ea762081338c9|phone:+19012812981, messages: 3} @ http://localhost:5173/src/lib/data/dashboardDataLayer.ts:50
[    7483ms] [LOG] [MESSAGES_FETCH_DONE] ct:property:2124443109|owner:mo_36f0a8b60d4ea762081338c9|phone:+19012812981 3 3499ms @ http://localhost:5173/src/modules/inbox/InboxPage.tsx?t=1782501928364:1740
[    7483ms] [LOG] [MESSAGES_FETCH_SLOW] ct:property:2124443109|owner:mo_36f0a8b60d4ea762081338c9|phone:+19012812981 {durationMs: 3499, endpoint: /api/cockpit/inbox/thread-messages, status: completed} @ http://localhost:5173/src/modules/inbox/InboxPage.tsx?t=1782501928364:1742
[    7483ms] [LOG] [MESSAGES_COMMIT] ct:property:2124443109|owner:mo_36f0a8b60d4ea762081338c9|phone:+19012812981 3 @ http://localhost:5173/src/modules/inbox/InboxPage.tsx?t=1782501928364:1770
[    7484ms] [LOG] [THREAD_CONTEXT_DONE] {threadKey: +19012812981, propertyId: 2124443109, prospectId: pros0_e96b2c69bde82ca0a59edf87, masterOwnerId: null, coordsResolved: false} @ http://localhost:5173/src/modules/inbox/InboxPage.tsx?t=1782501928364:1827
[    7484ms] [LOG] [THREAD_CONTEXT_COMMIT] +19012812981 @ http://localhost:5173/src/modules/inbox/InboxPage.tsx?t=1782501928364:1836
[    7501ms] [LOG] [DATA_LAYER_QUERY_START] {name: /api/cockpit/properties/24554327/subject?thread_key=%2B19012812981, startedAt: 7458.700000000186, transport: backend, url: /api/cockpit/properties/24554327/subject?thread_key=%2B19012812981, method: GET} @ http://localhost:5173/src/lib/data/dashboardDataLayer.ts:14
[    7502ms] [LOG] [BACKEND_API_CALL] {url: /api/cockpit/properties/24554327/subject?thread_key=%2B19012812981, path: /api/cockpit/properties/24554327/subject?thread_key=%2B19012812981, method: GET} @ http://localhost:5173/src/lib/api/backendClient.ts?t=1782499321627:190
[    7503ms] [LOG] [DATA_LAYER_QUERY_START] {name: /api/cockpit/properties/24554327/comp-intelligence…12981&master_owner_id=mo_36f0a8b60d4ea762081338c9, startedAt: 7460.299999999814, transport: backend, url: /api/cockpit/properties/24554327/comp-intelligence…12981&master_owner_id=mo_36f0a8b60d4ea762081338c9, method: GET} @ http://localhost:5173/src/lib/data/dashboardDataLayer.ts:14
[    7503ms] [LOG] [BACKEND_API_CALL] {url: /api/cockpit/properties/24554327/comp-intelligence…12981&master_owner_id=mo_36f0a8b60d4ea762081338c9, path: /api/cockpit/properties/24554327/comp-intelligence…12981&master_owner_id=mo_36f0a8b60d4ea762081338c9, method: GET} @ http://localhost:5173/src/lib/api/backendClient.ts?t=1782499321627:190
[    8478ms] [LOG] [BACKEND_API_RESPONSE] {status: 200, ok: true, bodyCount: null, bodyCountPath: null, durationMs: 977} @ http://localhost:5173/src/lib/api/backendClient.ts?t=1782499321627:245
[    8479ms] [LOG] [DATA_LAYER_QUERY_DONE] {name: /api/cockpit/properties/24554327/subject?thread_key=%2B19012812981, durationMs: 977, transport: backend, status: 200, ok: true} @ http://localhost:5173/src/lib/data/dashboardDataLayer.ts:22
[    9778ms] [LOG] [DATA_LAYER_QUERY_START] {name: /api/cockpit/queue/control, startedAt: 9735.399999999441, transport: backend, url: /api/cockpit/queue/control, method: GET} @ http://localhost:5173/src/lib/data/dashboardDataLayer.ts:14
[    9778ms] [LOG] [BACKEND_API_CALL] {url: /api/cockpit/queue/control, path: /api/cockpit/queue/control, method: GET} @ http://localhost:5173/src/lib/api/backendClient.ts?t=1782499321627:190
[    9781ms] [LOG] [DATA_LAYER_QUERY_START] {name: /api/cockpit/queue/processor-health, startedAt: 9738, transport: backend, url: /api/cockpit/queue/processor-health, method: GET} @ http://localhost:5173/src/lib/data/dashboardDataLayer.ts:14
[    9781ms] [LOG] [BACKEND_API_CALL] {url: /api/cockpit/queue/processor-health, path: /api/cockpit/queue/processor-health, method: GET} @ http://localhost:5173/src/lib/api/backendClient.ts?t=1782499321627:190
[   10394ms] [LOG] [BACKEND_API_RESPONSE] {status: 200, ok: true, bodyCount: null, bodyCountPath: null, durationMs: 614} @ http://localhost:5173/src/lib/api/backendClient.ts?t=1782499321627:245
[   10395ms] [LOG] [DATA_LAYER_QUERY_DONE] {name: /api/cockpit/queue/processor-health, durationMs: 614, transport: backend, status: 200, ok: true} @ http://localhost:5173/src/lib/data/dashboardDataLayer.ts:22
[   10547ms] [LOG] [BACKEND_API_RESPONSE] {status: 200, ok: true, bodyCount: null, bodyCountPath: null, durationMs: 769} @ http://localhost:5173/src/lib/api/backendClient.ts?t=1782499321627:245
[   10548ms] [LOG] [DATA_LAYER_QUERY_DONE] {name: /api/cockpit/queue/control, durationMs: 769, transport: backend, status: 200, ok: true} @ http://localhost:5173/src/lib/data/dashboardDataLayer.ts:22
[   10686ms] [LOG] [BACKEND_API_RESPONSE] {status: 200, ok: true, bodyCount: null, bodyCountPath: null, durationMs: 3183} @ http://localhost:5173/src/lib/api/backendClient.ts?t=1782499321627:245
[   10686ms] [LOG] [DATA_LAYER_QUERY_DONE] {name: /api/cockpit/properties/24554327/comp-intelligence…12981&master_owner_id=mo_36f0a8b60d4ea762081338c9, durationMs: 3183, transport: backend, status: 200, ok: true} @ http://localhost:5173/src/lib/data/dashboardDataLayer.ts:22
[   11787ms] [LOG] [DATA_LAYER_QUERY_START] {name: /api/cockpit/templates/list?limit=800&includeInactive=true, startedAt: 11744.5, transport: backend, url: /api/cockpit/templates/list?limit=800&includeInactive=true, method: GET} @ http://localhost:5173/src/lib/data/dashboardDataLayer.ts:14
[   11787ms] [LOG] [BACKEND_API_CALL] {url: /api/cockpit/templates/list?limit=800&includeInactive=true, path: /api/cockpit/templates/list?limit=800&includeInactive=true, method: GET} @ http://localhost:5173/src/lib/api/backendClient.ts?t=1782499321627:190
[   11789ms] [LOG] [DATA_LAYER_QUERY_START] {name: /api/cockpit/queue/page?page=0&pageSize=25&status=all&dateBasis=created_at, startedAt: 11746.399999999441, transport: backend, url: /api/cockpit/queue/page?page=0&pageSize=25&status=all&dateBasis=created_at, method: GET} @ http://localhost:5173/src/lib/data/dashboardDataLayer.ts:14
[   11789ms] [LOG] [BACKEND_API_CALL] {url: /api/cockpit/queue/page?page=0&pageSize=25&status=all&dateBasis=created_at, path: /api/cockpit/queue/page?page=0&pageSize=25&status=all&dateBasis=created_at, method: GET} @ http://localhost:5173/src/lib/api/backendClient.ts?t=1782499321627:190
[   12362ms] [LOG] [BACKEND_API_RESPONSE] {status: 200, ok: true, bodyCount: 500, bodyCountPath: total, durationMs: 575} @ http://localhost:5173/src/lib/api/backendClient.ts?t=1782499321627:245
[   12363ms] [LOG] [DATA_LAYER_QUERY_DONE] {name: /api/cockpit/templates/list?limit=800&includeInactive=true, durationMs: 575, transport: backend, status: 200, ok: true} @ http://localhost:5173/src/lib/data/dashboardDataLayer.ts:22
[   12363ms] [LOG] [templateData] sms_templates schema sample keys [id, template_id, is_active, use_case, stage_code, language, template_body, updated_at] @ http://localhost:5173/src/lib/data/templateData.ts?t=1782499321627:138
[   13098ms] [LOG] [BACKEND_API_RESPONSE] {status: 200, ok: true, bodyCount: 25, bodyCountPath: items, durationMs: 1310} @ http://localhost:5173/src/lib/api/backendClient.ts?t=1782499321627:245
[   13099ms] [LOG] [DATA_LAYER_QUERY_DONE] {name: /api/cockpit/queue/page?page=0&pageSize=25&status=all&dateBasis=created_at, durationMs: 1310, transport: backend, status: 200, ok: true} @ http://localhost:5173/src/lib/data/dashboardDataLayer.ts:22
[   13234ms] [ERROR] Failed to load resource: the server responded with a status of 400 () @ https://lcppdrmrdfblstpcbgpf.supabase.co/rest/v1/textgrid_numbers?select=number%2Cphone_number%2Cmarket%2Csender_market%2Cstatus%2Cstate%2Cpaused%2Cis_paused%2Cactive%2Cis_active:0
[   22528ms] [LOG] [DATA_LAYER_QUERY_START] {name: /api/cockpit/properties/24554327/subject?thread_key=%2B19012812981, startedAt: 22484.89999999944, transport: backend, url: /api/cockpit/properties/24554327/subject?thread_key=%2B19012812981, method: GET} @ http://localhost:5173/src/lib/data/dashboardDataLayer.ts:14
[   22528ms] [LOG] [BACKEND_API_CALL] {url: /api/cockpit/properties/24554327/subject?thread_key=%2B19012812981, path: /api/cockpit/properties/24554327/subject?thread_key=%2B19012812981, method: GET} @ http://localhost:5173/src/lib/api/backendClient.ts?t=1782499321627:190
[   22528ms] [WARNING] [BACKEND_API_RESPONSE] {status: null, ok: false, bodyCount: null, bodyCountPath: null, durationMs: 1} @ http://localhost:5173/src/lib/api/backendClient.ts?t=1782499321627:208
[   22528ms] [LOG] [DATA_LAYER_QUERY_DONE] {name: /api/cockpit/properties/24554327/subject?thread_key=%2B19012812981, durationMs: 1, transport: backend, status: null, ok: false} @ http://localhost:5173/src/lib/data/dashboardDataLayer.ts:22
[   22529ms] [LOG] [DATA_LAYER_QUERY_START] {name: /api/cockpit/properties/24554327/comp-intelligence…12981&master_owner_id=mo_36f0a8b60d4ea762081338c9, startedAt: 22486.89999999944, transport: backend, url: /api/cockpit/properties/24554327/comp-intelligence…12981&master_owner_id=mo_36f0a8b60d4ea762081338c9, method: GET} @ http://localhost:5173/src/lib/data/dashboardDataLayer.ts:14
[   22530ms] [LOG] [BACKEND_API_CALL] {url: /api/cockpit/properties/24554327/comp-intelligence…12981&master_owner_id=mo_36f0a8b60d4ea762081338c9, path: /api/cockpit/properties/24554327/comp-intelligence…12981&master_owner_id=mo_36f0a8b60d4ea762081338c9, method: GET} @ http://localhost:5173/src/lib/api/backendClient.ts?t=1782499321627:190
[   22530ms] [WARNING] [BACKEND_API_RESPONSE] {status: null, ok: false, bodyCount: null, bodyCountPath: null, durationMs: 1} @ http://localhost:5173/src/lib/api/backendClient.ts?t=1782499321627:208
[   22530ms] [LOG] [DATA_LAYER_QUERY_DONE] {name: /api/cockpit/properties/24554327/comp-intelligence…12981&master_owner_id=mo_36f0a8b60d4ea762081338c9, durationMs: 1, transport: backend, status: null, ok: false} @ http://localhost:5173/src/lib/data/dashboardDataLayer.ts:22
[   22752ms] [LOG] [DATA_LAYER_QUERY_START] {name: /api/cockpit/properties/24554327/subject?thread_key=%2B19012812981, startedAt: 22709.39999999944, transport: backend, url: /api/cockpit/properties/24554327/subject?thread_key=%2B19012812981, method: GET} @ http://localhost:5173/src/lib/data/dashboardDataLayer.ts:14
[   22752ms] [LOG] [BACKEND_API_CALL] {url: /api/cockpit/properties/24554327/subject?thread_key=%2B19012812981, path: /api/cockpit/properties/24554327/subject?thread_key=%2B19012812981, method: GET} @ http://localhost:5173/src/lib/api/backendClient.ts?t=1782499321627:190
[   22753ms] [LOG] [DATA_LAYER_QUERY_START] {name: /api/cockpit/properties/24554327/comp-intelligence…12981&master_owner_id=mo_36f0a8b60d4ea762081338c9, startedAt: 22710.700000000186, transport: backend, url: /api/cockpit/properties/24554327/comp-intelligence…12981&master_owner_id=mo_36f0a8b60d4ea762081338c9, method: GET} @ http://localhost:5173/src/lib/data/dashboardDataLayer.ts:14
[   22754ms] [LOG] [BACKEND_API_CALL] {url: /api/cockpit/properties/24554327/comp-intelligence…12981&master_owner_id=mo_36f0a8b60d4ea762081338c9, path: /api/cockpit/properties/24554327/comp-intelligence…12981&master_owner_id=mo_36f0a8b60d4ea762081338c9, method: GET} @ http://localhost:5173/src/lib/api/backendClient.ts?t=1782499321627:190
[   24098ms] [LOG] [BACKEND_API_RESPONSE] {status: 200, ok: true, bodyCount: null, bodyCountPath: null, durationMs: 1346} @ http://localhost:5173/src/lib/api/backendClient.ts?t=1782499321627:245
[   24098ms] [LOG] [DATA_LAYER_QUERY_DONE] {name: /api/cockpit/properties/24554327/subject?thread_key=%2B19012812981, durationMs: 1346, transport: backend, status: 200, ok: true} @ http://localhost:5173/src/lib/data/dashboardDataLayer.ts:22
